2024-11-04 12:43:34,755 - INFO - Chunk Server initialized on host localhost, port 6467
2024-11-04 12:43:34,756 - INFO - Starting Chunk Server on port 6467
2024-11-04 12:43:34,756 - INFO - Chunk Server started, listening on port 6467
2024-11-04 12:43:39,775 - INFO - Heartbeat sent to MasterServer from port 6467
2024-11-04 12:43:44,781 - INFO - Heartbeat sent to MasterServer from port 6467
2024-11-04 12:43:49,788 - INFO - Heartbeat sent to MasterServer from port 6467
2024-11-04 12:43:54,794 - INFO - Heartbeat sent to MasterServer from port 6467
2024-11-04 12:43:57,157 - INFO - Chunk Server initialized on host localhost, port 6468
2024-11-04 12:43:57,158 - INFO - Starting Chunk Server on port 6468
2024-11-04 12:43:57,158 - INFO - Chunk Server started, listening on port 6468
2024-11-04 12:43:59,799 - INFO - Heartbeat sent to MasterServer from port 6467
2024-11-04 12:44:02,165 - INFO - Heartbeat sent to MasterServer from port 6468
2024-11-04 12:44:04,805 - INFO - Heartbeat sent to MasterServer from port 6467
2024-11-04 12:44:06,797 - INFO - Chunk Server initialized on host localhost, port 6469
2024-11-04 12:44:06,797 - INFO - Starting Chunk Server on port 6469
2024-11-04 12:44:06,798 - INFO - Chunk Server started, listening on port 6469
2024-11-04 12:44:07,171 - INFO - Heartbeat sent to MasterServer from port 6468
2024-11-04 12:44:09,811 - INFO - Heartbeat sent to MasterServer from port 6467
2024-11-04 12:44:11,806 - INFO - Heartbeat sent to MasterServer from port 6469
2024-11-04 12:44:12,178 - INFO - Heartbeat sent to MasterServer from port 6468
2024-11-04 12:44:14,817 - INFO - Heartbeat sent to MasterServer from port 6467
2024-11-04 12:44:16,813 - INFO - Heartbeat sent to MasterServer from port 6469
2024-11-04 12:44:17,182 - INFO - Heartbeat sent to MasterServer from port 6468
2024-11-04 12:44:18,469 - INFO - Chunk Server initialized on host localhost, port 6470
2024-11-04 12:44:18,470 - INFO - Starting Chunk Server on port 6470
2024-11-04 12:44:18,470 - INFO - Chunk Server started, listening on port 6470
2024-11-04 12:44:19,823 - INFO - Heartbeat sent to MasterServer from port 6467
2024-11-04 12:44:21,818 - INFO - Heartbeat sent to MasterServer from port 6469
2024-11-04 12:44:22,189 - INFO - Heartbeat sent to MasterServer from port 6468
2024-11-04 12:44:23,479 - INFO - Heartbeat sent to MasterServer from port 6470
2024-11-04 12:44:24,830 - INFO - Heartbeat sent to MasterServer from port 6467
2024-11-04 12:44:27,771 - INFO - Heartbeat sent to MasterServer from port 6469
2024-11-04 12:44:28,142 - INFO - Heartbeat sent to MasterServer from port 6468
2024-11-04 12:44:29,434 - INFO - Heartbeat sent to MasterServer from port 6470
2024-11-04 12:44:30,785 - INFO - Heartbeat sent to MasterServer from port 6467
2024-11-04 12:44:32,777 - INFO - Heartbeat sent to MasterServer from port 6469
2024-11-04 12:44:33,147 - INFO - Heartbeat sent to MasterServer from port 6468
2024-11-04 12:44:34,440 - INFO - Heartbeat sent to MasterServer from port 6470
2024-11-04 12:44:35,789 - INFO - Heartbeat sent to MasterServer from port 6467
2024-11-04 12:44:37,781 - INFO - Heartbeat sent to MasterServer from port 6469
2024-11-04 12:44:38,149 - INFO - Heartbeat sent to MasterServer from port 6468
2024-11-04 12:44:39,446 - INFO - Heartbeat sent to MasterServer from port 6470
2024-11-04 12:44:40,795 - INFO - Heartbeat sent to MasterServer from port 6467
2024-11-04 12:44:42,787 - INFO - Heartbeat sent to MasterServer from port 6469
2024-11-04 12:44:43,155 - INFO - Heartbeat sent to MasterServer from port 6468
2024-11-04 12:44:44,452 - INFO - Heartbeat sent to MasterServer from port 6470
2024-11-04 12:44:45,801 - INFO - Heartbeat sent to MasterServer from port 6467
2024-11-04 12:44:47,793 - INFO - Heartbeat sent to MasterServer from port 6469
2024-11-04 12:44:48,160 - INFO - Heartbeat sent to MasterServer from port 6468
2024-11-04 12:44:49,458 - INFO - Heartbeat sent to MasterServer from port 6470
2024-11-04 12:44:50,807 - INFO - Heartbeat sent to MasterServer from port 6467
2024-11-04 12:44:52,798 - INFO - Heartbeat sent to MasterServer from port 6469
2024-11-04 12:44:53,167 - INFO - Heartbeat sent to MasterServer from port 6468
2024-11-04 12:44:54,464 - INFO - Heartbeat sent to MasterServer from port 6470
2024-11-04 12:44:55,813 - INFO - Heartbeat sent to MasterServer from port 6467
2024-11-04 12:44:57,805 - INFO - Heartbeat sent to MasterServer from port 6469
2024-11-04 12:44:58,173 - INFO - Heartbeat sent to MasterServer from port 6468
2024-11-04 12:44:59,470 - INFO - Heartbeat sent to MasterServer from port 6470
2024-11-04 12:45:00,819 - INFO - Heartbeat sent to MasterServer from port 6467
2024-11-04 12:45:02,810 - INFO - Heartbeat sent to MasterServer from port 6469
2024-11-04 12:45:03,179 - INFO - Heartbeat sent to MasterServer from port 6468
2024-11-04 12:45:04,476 - INFO - Heartbeat sent to MasterServer from port 6470
2024-11-04 12:45:05,825 - INFO - Heartbeat sent to MasterServer from port 6467
2024-11-04 12:45:07,815 - INFO - Heartbeat sent to MasterServer from port 6469
2024-11-04 12:45:08,185 - INFO - Heartbeat sent to MasterServer from port 6468
2024-11-04 12:45:09,481 - INFO - Heartbeat sent to MasterServer from port 6470
2024-11-04 12:45:10,831 - INFO - Heartbeat sent to MasterServer from port 6467
2024-11-04 12:45:12,820 - INFO - Heartbeat sent to MasterServer from port 6469
2024-11-04 12:45:13,191 - INFO - Heartbeat sent to MasterServer from port 6468
2024-11-04 12:45:14,485 - INFO - Heartbeat sent to MasterServer from port 6470
2024-11-04 12:45:15,836 - INFO - Heartbeat sent to MasterServer from port 6467
2024-11-04 12:45:17,825 - INFO - Heartbeat sent to MasterServer from port 6469
2024-11-04 12:45:18,196 - INFO - Heartbeat sent to MasterServer from port 6468
2024-11-04 12:45:19,490 - INFO - Heartbeat sent to MasterServer from port 6470
2024-11-04 12:45:20,842 - INFO - Heartbeat sent to MasterServer from port 6467
2024-11-04 12:45:22,830 - INFO - Heartbeat sent to MasterServer from port 6469
2024-11-04 12:45:23,201 - INFO - Heartbeat sent to MasterServer from port 6468
2024-11-04 12:45:24,495 - INFO - Heartbeat sent to MasterServer from port 6470
2024-11-04 12:45:25,847 - INFO - Heartbeat sent to MasterServer from port 6467
2024-11-04 12:45:27,836 - INFO - Heartbeat sent to MasterServer from port 6469
2024-11-04 12:45:28,206 - INFO - Heartbeat sent to MasterServer from port 6468
2024-11-04 12:45:29,500 - INFO - Heartbeat sent to MasterServer from port 6470
2024-11-04 12:45:30,853 - INFO - Heartbeat sent to MasterServer from port 6467
2024-11-04 12:45:32,842 - INFO - Heartbeat sent to MasterServer from port 6469
2024-11-04 12:45:33,212 - INFO - Heartbeat sent to MasterServer from port 6468
2024-11-04 12:45:34,505 - INFO - Heartbeat sent to MasterServer from port 6470
2024-11-04 12:45:35,859 - INFO - Heartbeat sent to MasterServer from port 6467
2024-11-04 12:45:37,847 - INFO - Heartbeat sent to MasterServer from port 6469
2024-11-04 12:45:38,213 - INFO - Heartbeat sent to MasterServer from port 6468
2024-11-04 12:45:39,510 - INFO - Heartbeat sent to MasterServer from port 6470
2024-11-04 12:45:40,864 - INFO - Heartbeat sent to MasterServer from port 6467
2024-11-04 12:45:42,852 - INFO - Heartbeat sent to MasterServer from port 6469
2024-11-04 12:45:43,219 - INFO - Heartbeat sent to MasterServer from port 6468
2024-11-04 12:45:44,515 - INFO - Heartbeat sent to MasterServer from port 6470
2024-11-04 12:45:45,870 - INFO - Heartbeat sent to MasterServer from port 6467
2024-11-04 12:45:47,858 - INFO - Heartbeat sent to MasterServer from port 6469
2024-11-04 12:45:48,225 - INFO - Heartbeat sent to MasterServer from port 6468
2024-11-04 12:45:49,521 - INFO - Heartbeat sent to MasterServer from port 6470
2024-11-04 12:45:50,875 - INFO - Heartbeat sent to MasterServer from port 6467
2024-11-04 12:45:52,864 - INFO - Heartbeat sent to MasterServer from port 6469
2024-11-04 12:45:53,232 - INFO - Heartbeat sent to MasterServer from port 6468
2024-11-04 12:45:54,526 - INFO - Heartbeat sent to MasterServer from port 6470
2024-11-04 12:45:55,880 - INFO - Heartbeat sent to MasterServer from port 6467
2024-11-04 12:45:57,870 - INFO - Heartbeat sent to MasterServer from port 6469
2024-11-04 12:45:58,238 - INFO - Heartbeat sent to MasterServer from port 6468
2024-11-04 12:45:59,531 - INFO - Heartbeat sent to MasterServer from port 6470
2024-11-04 12:46:00,886 - INFO - Heartbeat sent to MasterServer from port 6467
2024-11-04 12:46:02,875 - INFO - Heartbeat sent to MasterServer from port 6469
2024-11-04 12:46:03,244 - INFO - Heartbeat sent to MasterServer from port 6468
2024-11-04 12:46:04,533 - INFO - Heartbeat sent to MasterServer from port 6470
2024-11-04 12:46:05,892 - INFO - Heartbeat sent to MasterServer from port 6467
2024-11-04 12:46:07,880 - INFO - Heartbeat sent to MasterServer from port 6469
2024-11-04 12:46:08,250 - INFO - Heartbeat sent to MasterServer from port 6468
2024-11-04 12:46:09,539 - INFO - Heartbeat sent to MasterServer from port 6470
2024-11-04 12:46:10,898 - INFO - Heartbeat sent to MasterServer from port 6467
2024-11-04 12:46:12,886 - INFO - Heartbeat sent to MasterServer from port 6469
2024-11-04 12:46:13,255 - INFO - Heartbeat sent to MasterServer from port 6468
2024-11-04 12:46:14,545 - INFO - Heartbeat sent to MasterServer from port 6470
2024-11-04 12:46:15,903 - INFO - Heartbeat sent to MasterServer from port 6467
2024-11-04 12:46:17,892 - INFO - Heartbeat sent to MasterServer from port 6469
2024-11-04 12:46:18,261 - INFO - Heartbeat sent to MasterServer from port 6468
2024-11-04 12:46:19,551 - INFO - Heartbeat sent to MasterServer from port 6470
2024-11-04 12:46:20,909 - INFO - Heartbeat sent to MasterServer from port 6467
2024-11-04 12:46:22,898 - INFO - Heartbeat sent to MasterServer from port 6469
2024-11-04 12:46:23,267 - INFO - Heartbeat sent to MasterServer from port 6468
2024-11-04 12:46:24,557 - INFO - Heartbeat sent to MasterServer from port 6470
2024-11-04 12:46:25,915 - INFO - Heartbeat sent to MasterServer from port 6467
2024-11-04 12:46:27,905 - INFO - Heartbeat sent to MasterServer from port 6469
2024-11-04 12:46:28,273 - INFO - Heartbeat sent to MasterServer from port 6468
2024-11-04 12:46:29,563 - INFO - Heartbeat sent to MasterServer from port 6470
2024-11-04 12:46:30,920 - INFO - Heartbeat sent to MasterServer from port 6467
2024-11-04 12:46:32,911 - INFO - Heartbeat sent to MasterServer from port 6469
2024-11-04 12:46:33,279 - INFO - Heartbeat sent to MasterServer from port 6468
2024-11-04 12:46:34,569 - INFO - Heartbeat sent to MasterServer from port 6470
2024-11-04 12:46:35,926 - INFO - Heartbeat sent to MasterServer from port 6467
2024-11-04 12:46:37,917 - INFO - Heartbeat sent to MasterServer from port 6469
2024-11-04 12:46:38,287 - INFO - Heartbeat sent to MasterServer from port 6468
2024-11-04 12:46:39,575 - INFO - Heartbeat sent to MasterServer from port 6470
2024-11-04 12:46:40,936 - INFO - Heartbeat sent to MasterServer from port 6467
2024-11-04 12:46:42,923 - INFO - Heartbeat sent to MasterServer from port 6469
2024-11-04 12:46:43,295 - INFO - Heartbeat sent to MasterServer from port 6468
2024-11-04 12:46:44,582 - INFO - Heartbeat sent to MasterServer from port 6470
2024-11-04 12:46:45,943 - INFO - Heartbeat sent to MasterServer from port 6467
2024-11-04 12:46:47,930 - INFO - Heartbeat sent to MasterServer from port 6469
2024-11-04 12:46:48,302 - INFO - Heartbeat sent to MasterServer from port 6468
2024-11-04 12:46:49,588 - INFO - Heartbeat sent to MasterServer from port 6470
2024-11-04 12:46:50,950 - INFO - Heartbeat sent to MasterServer from port 6467
2024-11-04 12:46:52,934 - INFO - Heartbeat sent to MasterServer from port 6469
2024-11-04 12:46:53,308 - INFO - Heartbeat sent to MasterServer from port 6468
2024-11-04 12:46:54,591 - INFO - Heartbeat sent to MasterServer from port 6470
2024-11-04 12:46:55,957 - INFO - Heartbeat sent to MasterServer from port 6467
2024-11-04 12:46:57,941 - INFO - Heartbeat sent to MasterServer from port 6469
2024-11-04 12:46:58,314 - INFO - Heartbeat sent to MasterServer from port 6468
2024-11-04 12:46:59,597 - INFO - Heartbeat sent to MasterServer from port 6470
2024-11-04 12:47:00,963 - INFO - Heartbeat sent to MasterServer from port 6467
2024-11-04 12:47:02,947 - INFO - Heartbeat sent to MasterServer from port 6469
2024-11-04 12:47:03,320 - INFO - Heartbeat sent to MasterServer from port 6468
2024-11-04 12:47:04,603 - INFO - Heartbeat sent to MasterServer from port 6470
2024-11-04 12:47:05,969 - INFO - Heartbeat sent to MasterServer from port 6467
2024-11-04 12:47:07,953 - INFO - Heartbeat sent to MasterServer from port 6469
2024-11-04 12:47:08,327 - INFO - Heartbeat sent to MasterServer from port 6468
2024-11-04 12:47:09,609 - INFO - Heartbeat sent to MasterServer from port 6470
2024-11-04 12:47:10,975 - INFO - Heartbeat sent to MasterServer from port 6467
2024-11-04 12:47:12,959 - INFO - Heartbeat sent to MasterServer from port 6469
2024-11-04 12:47:13,332 - INFO - Heartbeat sent to MasterServer from port 6468
2024-11-04 12:47:14,615 - INFO - Heartbeat sent to MasterServer from port 6470
2024-11-04 12:47:15,981 - INFO - Heartbeat sent to MasterServer from port 6467
2024-11-04 12:47:17,964 - INFO - Heartbeat sent to MasterServer from port 6469
2024-11-04 12:47:18,336 - INFO - Heartbeat sent to MasterServer from port 6468
2024-11-04 12:47:19,621 - INFO - Heartbeat sent to MasterServer from port 6470
2024-11-04 12:47:20,986 - INFO - Heartbeat sent to MasterServer from port 6467
2024-11-04 12:47:22,971 - INFO - Heartbeat sent to MasterServer from port 6469
2024-11-04 12:47:23,342 - INFO - Heartbeat sent to MasterServer from port 6468
2024-11-04 12:47:24,627 - INFO - Heartbeat sent to MasterServer from port 6470
2024-11-04 12:47:25,993 - INFO - Heartbeat sent to MasterServer from port 6467
2024-11-04 12:47:27,977 - INFO - Heartbeat sent to MasterServer from port 6469
2024-11-04 12:47:28,348 - INFO - Heartbeat sent to MasterServer from port 6468
2024-11-04 12:47:29,633 - INFO - Heartbeat sent to MasterServer from port 6470
2024-11-04 12:47:30,999 - INFO - Heartbeat sent to MasterServer from port 6467
2024-11-04 12:47:32,983 - INFO - Heartbeat sent to MasterServer from port 6469
2024-11-04 12:47:33,354 - INFO - Heartbeat sent to MasterServer from port 6468
2024-11-04 12:47:34,639 - INFO - Heartbeat sent to MasterServer from port 6470
2024-11-04 12:47:36,005 - INFO - Heartbeat sent to MasterServer from port 6467
2024-11-04 12:47:37,989 - INFO - Heartbeat sent to MasterServer from port 6469
2024-11-04 12:47:38,360 - INFO - Heartbeat sent to MasterServer from port 6468
2024-11-04 12:47:39,645 - INFO - Heartbeat sent to MasterServer from port 6470
2024-11-04 12:47:41,011 - INFO - Heartbeat sent to MasterServer from port 6467
2024-11-04 12:47:42,994 - INFO - Heartbeat sent to MasterServer from port 6469
2024-11-04 12:47:43,367 - INFO - Heartbeat sent to MasterServer from port 6468
2024-11-04 12:47:44,651 - INFO - Heartbeat sent to MasterServer from port 6470
2024-11-04 12:47:46,016 - INFO - Heartbeat sent to MasterServer from port 6467
2024-11-04 12:47:47,999 - INFO - Heartbeat sent to MasterServer from port 6469
2024-11-04 12:47:48,373 - INFO - Heartbeat sent to MasterServer from port 6468
2024-11-04 12:47:49,657 - INFO - Heartbeat sent to MasterServer from port 6470
2024-11-04 12:47:51,022 - INFO - Heartbeat sent to MasterServer from port 6467
2024-11-04 12:47:53,006 - INFO - Heartbeat sent to MasterServer from port 6469
2024-11-04 12:47:53,376 - INFO - Heartbeat sent to MasterServer from port 6468
2024-11-04 12:47:54,663 - INFO - Heartbeat sent to MasterServer from port 6470
2024-11-04 12:47:56,028 - INFO - Heartbeat sent to MasterServer from port 6467
2024-11-04 12:47:58,012 - INFO - Heartbeat sent to MasterServer from port 6469
2024-11-04 12:47:58,382 - INFO - Heartbeat sent to MasterServer from port 6468
2024-11-04 12:47:59,669 - INFO - Heartbeat sent to MasterServer from port 6470
2024-11-04 12:48:01,034 - INFO - Heartbeat sent to MasterServer from port 6467
2024-11-04 12:48:03,018 - INFO - Heartbeat sent to MasterServer from port 6469
2024-11-04 12:48:03,388 - INFO - Heartbeat sent to MasterServer from port 6468
2024-11-04 12:48:04,675 - INFO - Heartbeat sent to MasterServer from port 6470
2024-11-04 12:48:06,041 - INFO - Heartbeat sent to MasterServer from port 6467
2024-11-04 12:48:08,023 - INFO - Heartbeat sent to MasterServer from port 6469
2024-11-04 12:48:08,393 - INFO - Heartbeat sent to MasterServer from port 6468
2024-11-04 12:48:09,681 - INFO - Heartbeat sent to MasterServer from port 6470
2024-11-04 12:48:11,047 - INFO - Heartbeat sent to MasterServer from port 6467
2024-11-04 12:48:13,029 - INFO - Heartbeat sent to MasterServer from port 6469
2024-11-04 12:48:13,400 - INFO - Heartbeat sent to MasterServer from port 6468
2024-11-04 12:48:14,687 - INFO - Heartbeat sent to MasterServer from port 6470
2024-11-04 12:48:16,053 - INFO - Heartbeat sent to MasterServer from port 6467
2024-11-04 12:48:18,035 - INFO - Heartbeat sent to MasterServer from port 6469
2024-11-04 12:48:18,406 - INFO - Heartbeat sent to MasterServer from port 6468
2024-11-04 12:48:19,693 - INFO - Heartbeat sent to MasterServer from port 6470
2024-11-04 12:48:21,059 - INFO - Heartbeat sent to MasterServer from port 6467
2024-11-04 12:48:23,041 - INFO - Heartbeat sent to MasterServer from port 6469
2024-11-04 12:48:23,412 - INFO - Heartbeat sent to MasterServer from port 6468
2024-11-04 12:48:24,698 - INFO - Heartbeat sent to MasterServer from port 6470
2024-11-04 12:48:26,065 - INFO - Heartbeat sent to MasterServer from port 6467
2024-11-04 12:48:28,047 - INFO - Heartbeat sent to MasterServer from port 6469
2024-11-04 12:48:28,418 - INFO - Heartbeat sent to MasterServer from port 6468
2024-11-04 12:48:29,704 - INFO - Heartbeat sent to MasterServer from port 6470
2024-11-04 12:48:31,071 - INFO - Heartbeat sent to MasterServer from port 6467
2024-11-04 12:48:33,053 - INFO - Heartbeat sent to MasterServer from port 6469
2024-11-04 12:48:33,424 - INFO - Heartbeat sent to MasterServer from port 6468
2024-11-04 12:48:34,710 - INFO - Heartbeat sent to MasterServer from port 6470
2024-11-04 12:48:36,078 - INFO - Heartbeat sent to MasterServer from port 6467
2024-11-04 12:48:38,059 - INFO - Heartbeat sent to MasterServer from port 6469
2024-11-04 12:48:38,426 - INFO - Heartbeat sent to MasterServer from port 6468
2024-11-04 12:48:39,716 - INFO - Heartbeat sent to MasterServer from port 6470
2024-11-04 12:48:41,084 - INFO - Heartbeat sent to MasterServer from port 6467
2024-11-04 12:48:43,065 - INFO - Heartbeat sent to MasterServer from port 6469
2024-11-04 12:48:43,432 - INFO - Heartbeat sent to MasterServer from port 6468
2024-11-04 12:48:44,722 - INFO - Heartbeat sent to MasterServer from port 6470
2024-11-04 12:48:46,088 - INFO - Heartbeat sent to MasterServer from port 6467
2024-11-04 12:48:48,071 - INFO - Heartbeat sent to MasterServer from port 6469
2024-11-04 12:48:48,438 - INFO - Heartbeat sent to MasterServer from port 6468
2024-11-04 12:48:49,729 - INFO - Heartbeat sent to MasterServer from port 6470
2024-11-04 12:48:51,095 - INFO - Heartbeat sent to MasterServer from port 6467
2024-11-04 12:48:53,077 - INFO - Heartbeat sent to MasterServer from port 6469
2024-11-04 12:48:53,444 - INFO - Heartbeat sent to MasterServer from port 6468
2024-11-04 12:48:54,735 - INFO - Heartbeat sent to MasterServer from port 6470
2024-11-04 12:48:56,101 - INFO - Heartbeat sent to MasterServer from port 6467
2024-11-04 12:48:58,083 - INFO - Heartbeat sent to MasterServer from port 6469
2024-11-04 12:48:58,450 - INFO - Heartbeat sent to MasterServer from port 6468
2024-11-04 12:48:59,742 - INFO - Heartbeat sent to MasterServer from port 6470
2024-11-04 12:49:01,107 - INFO - Heartbeat sent to MasterServer from port 6467
2024-11-04 12:49:03,089 - INFO - Heartbeat sent to MasterServer from port 6469
2024-11-04 12:49:03,455 - INFO - Heartbeat sent to MasterServer from port 6468
2024-11-04 12:49:04,747 - INFO - Heartbeat sent to MasterServer from port 6470
2024-11-04 12:49:06,113 - INFO - Heartbeat sent to MasterServer from port 6467
2024-11-04 12:49:08,095 - INFO - Heartbeat sent to MasterServer from port 6469
2024-11-04 12:49:08,461 - INFO - Heartbeat sent to MasterServer from port 6468
2024-11-04 12:49:09,753 - INFO - Heartbeat sent to MasterServer from port 6470
2024-11-04 12:49:11,119 - INFO - Heartbeat sent to MasterServer from port 6467
2024-11-04 12:49:13,101 - INFO - Heartbeat sent to MasterServer from port 6469
2024-11-04 12:49:13,467 - INFO - Heartbeat sent to MasterServer from port 6468
2024-11-04 12:49:14,759 - INFO - Heartbeat sent to MasterServer from port 6470
2024-11-04 12:49:16,125 - INFO - Heartbeat sent to MasterServer from port 6467
2024-11-04 12:49:18,107 - INFO - Heartbeat sent to MasterServer from port 6469
2024-11-04 12:49:18,473 - INFO - Heartbeat sent to MasterServer from port 6468
2024-11-04 12:49:19,763 - INFO - Heartbeat sent to MasterServer from port 6470
2024-11-04 12:49:21,131 - INFO - Heartbeat sent to MasterServer from port 6467
2024-11-04 12:49:23,112 - INFO - Heartbeat sent to MasterServer from port 6469
2024-11-04 12:49:23,480 - INFO - Heartbeat sent to MasterServer from port 6468
2024-11-04 12:49:24,769 - INFO - Heartbeat sent to MasterServer from port 6470
2024-11-04 12:49:26,137 - INFO - Heartbeat sent to MasterServer from port 6467
2024-11-04 12:49:28,119 - INFO - Heartbeat sent to MasterServer from port 6469
2024-11-04 12:49:28,486 - INFO - Heartbeat sent to MasterServer from port 6468
2024-11-04 12:49:29,775 - INFO - Heartbeat sent to MasterServer from port 6470
2024-11-04 12:49:31,143 - INFO - Heartbeat sent to MasterServer from port 6467
2024-11-04 12:49:33,125 - INFO - Heartbeat sent to MasterServer from port 6469
2024-11-04 12:49:33,492 - INFO - Heartbeat sent to MasterServer from port 6468
2024-11-04 12:49:34,781 - INFO - Heartbeat sent to MasterServer from port 6470
2024-11-04 12:49:35,494 - INFO - Stored chunk abhi.txt_chunk_0 successfully.
2024-11-04 12:49:35,496 - ERROR - Failed to communicate with master server: Ran out of input
2024-11-04 12:49:35,498 - INFO - Stored chunk abhi.txt_chunk_0 successfully.
2024-11-04 12:49:35,499 - ERROR - Failed to communicate with master server: Ran out of input
2024-11-04 12:49:36,149 - INFO - Heartbeat sent to MasterServer from port 6467
2024-11-04 12:49:38,131 - INFO - Heartbeat sent to MasterServer from port 6469
2024-11-04 12:49:38,498 - INFO - Heartbeat sent to MasterServer from port 6468
2024-11-04 12:49:39,787 - INFO - Heartbeat sent to MasterServer from port 6470
2024-11-04 12:49:41,155 - INFO - Heartbeat sent to MasterServer from port 6467
2024-11-04 12:49:43,137 - INFO - Heartbeat sent to MasterServer from port 6469
2024-11-04 12:49:43,504 - INFO - Heartbeat sent to MasterServer from port 6468
2024-11-04 12:49:44,793 - INFO - Heartbeat sent to MasterServer from port 6470
2024-11-04 12:49:46,161 - INFO - Heartbeat sent to MasterServer from port 6467
2024-11-04 12:49:48,143 - INFO - Heartbeat sent to MasterServer from port 6469
2024-11-04 12:49:48,509 - INFO - Heartbeat sent to MasterServer from port 6468
2024-11-04 12:49:49,799 - INFO - Heartbeat sent to MasterServer from port 6470
2024-11-04 12:49:51,167 - INFO - Heartbeat sent to MasterServer from port 6467
2024-11-04 12:49:53,146 - INFO - Heartbeat sent to MasterServer from port 6469
2024-11-04 12:49:53,515 - INFO - Heartbeat sent to MasterServer from port 6468
2024-11-04 12:49:54,805 - INFO - Heartbeat sent to MasterServer from port 6470
2024-11-04 12:49:56,173 - INFO - Heartbeat sent to MasterServer from port 6467
2024-11-04 12:49:58,148 - INFO - Heartbeat sent to MasterServer from port 6469
2024-11-04 12:49:58,522 - INFO - Heartbeat sent to MasterServer from port 6468
2024-11-04 12:49:59,810 - INFO - Heartbeat sent to MasterServer from port 6470
2024-11-04 12:50:01,179 - INFO - Heartbeat sent to MasterServer from port 6467
2024-11-04 12:50:03,155 - INFO - Heartbeat sent to MasterServer from port 6469
2024-11-04 12:50:03,528 - INFO - Heartbeat sent to MasterServer from port 6468
2024-11-04 12:50:04,817 - INFO - Heartbeat sent to MasterServer from port 6470
2024-11-04 12:50:06,186 - INFO - Heartbeat sent to MasterServer from port 6467
2024-11-04 12:50:08,161 - INFO - Heartbeat sent to MasterServer from port 6469
2024-11-04 12:50:08,534 - INFO - Heartbeat sent to MasterServer from port 6468
2024-11-04 12:50:09,823 - INFO - Heartbeat sent to MasterServer from port 6470
2024-11-04 12:50:11,192 - INFO - Heartbeat sent to MasterServer from port 6467
2024-11-04 12:50:13,167 - INFO - Heartbeat sent to MasterServer from port 6469
2024-11-04 12:50:13,539 - INFO - Heartbeat sent to MasterServer from port 6468
2024-11-04 12:50:14,829 - INFO - Heartbeat sent to MasterServer from port 6470
2024-11-04 12:50:16,198 - INFO - Heartbeat sent to MasterServer from port 6467
2024-11-04 12:50:18,172 - INFO - Heartbeat sent to MasterServer from port 6469
2024-11-04 12:50:18,545 - INFO - Heartbeat sent to MasterServer from port 6468
2024-11-04 12:50:19,834 - INFO - Heartbeat sent to MasterServer from port 6470
2024-11-04 12:50:21,204 - INFO - Heartbeat sent to MasterServer from port 6467
2024-11-04 12:50:23,178 - INFO - Heartbeat sent to MasterServer from port 6469
2024-11-04 12:50:23,552 - INFO - Heartbeat sent to MasterServer from port 6468
2024-11-04 12:50:24,840 - INFO - Heartbeat sent to MasterServer from port 6470
2024-11-04 12:50:26,211 - INFO - Heartbeat sent to MasterServer from port 6467
2024-11-04 12:50:28,183 - INFO - Heartbeat sent to MasterServer from port 6469
2024-11-04 12:50:28,557 - INFO - Heartbeat sent to MasterServer from port 6468
2024-11-04 12:50:29,845 - INFO - Heartbeat sent to MasterServer from port 6470
2024-11-04 12:50:31,217 - INFO - Heartbeat sent to MasterServer from port 6467
2024-11-04 12:50:33,189 - INFO - Heartbeat sent to MasterServer from port 6469
2024-11-04 12:50:33,564 - INFO - Heartbeat sent to MasterServer from port 6468
2024-11-04 12:50:34,851 - INFO - Heartbeat sent to MasterServer from port 6470
2024-11-04 12:50:36,222 - INFO - Heartbeat sent to MasterServer from port 6467
2024-11-04 12:50:38,195 - INFO - Heartbeat sent to MasterServer from port 6469
2024-11-04 12:50:38,569 - INFO - Heartbeat sent to MasterServer from port 6468
2024-11-04 12:50:39,857 - INFO - Heartbeat sent to MasterServer from port 6470
2024-11-04 12:50:41,227 - INFO - Heartbeat sent to MasterServer from port 6467
2024-11-04 12:50:43,200 - INFO - Heartbeat sent to MasterServer from port 6469
2024-11-04 12:50:43,576 - INFO - Heartbeat sent to MasterServer from port 6468
2024-11-04 12:50:44,863 - INFO - Heartbeat sent to MasterServer from port 6470
2024-11-04 12:50:46,233 - INFO - Heartbeat sent to MasterServer from port 6467
2024-11-04 12:50:48,207 - INFO - Heartbeat sent to MasterServer from port 6469
2024-11-04 12:50:48,577 - INFO - Heartbeat sent to MasterServer from port 6468
2024-11-04 12:50:49,869 - INFO - Heartbeat sent to MasterServer from port 6470
2024-11-04 12:50:51,239 - INFO - Heartbeat sent to MasterServer from port 6467
2024-11-04 12:50:53,213 - INFO - Heartbeat sent to MasterServer from port 6469
2024-11-04 12:50:53,579 - INFO - Heartbeat sent to MasterServer from port 6468
2024-11-04 12:50:54,875 - INFO - Heartbeat sent to MasterServer from port 6470
2024-11-04 12:50:56,245 - INFO - Heartbeat sent to MasterServer from port 6467
2024-11-04 12:50:58,219 - INFO - Heartbeat sent to MasterServer from port 6469
2024-11-04 12:50:58,584 - INFO - Heartbeat sent to MasterServer from port 6468
2024-11-04 12:50:59,881 - INFO - Heartbeat sent to MasterServer from port 6470
2024-11-04 12:51:01,251 - INFO - Heartbeat sent to MasterServer from port 6467
2024-11-04 12:51:03,224 - INFO - Heartbeat sent to MasterServer from port 6469
2024-11-04 12:51:03,590 - INFO - Heartbeat sent to MasterServer from port 6468
2024-11-04 12:51:04,887 - INFO - Heartbeat sent to MasterServer from port 6470
2024-11-04 12:51:06,256 - INFO - Heartbeat sent to MasterServer from port 6467
2024-11-04 12:51:08,230 - INFO - Heartbeat sent to MasterServer from port 6469
2024-11-04 12:51:08,596 - INFO - Heartbeat sent to MasterServer from port 6468
2024-11-04 12:51:09,893 - INFO - Heartbeat sent to MasterServer from port 6470
2024-11-04 12:51:11,262 - INFO - Heartbeat sent to MasterServer from port 6467
2024-11-04 12:51:13,236 - INFO - Heartbeat sent to MasterServer from port 6469
2024-11-04 12:51:13,602 - INFO - Heartbeat sent to MasterServer from port 6468
2024-11-04 12:51:14,899 - INFO - Heartbeat sent to MasterServer from port 6470
2024-11-04 12:51:16,267 - INFO - Heartbeat sent to MasterServer from port 6467
2024-11-04 12:51:18,241 - INFO - Heartbeat sent to MasterServer from port 6469
2024-11-04 12:51:18,605 - INFO - Heartbeat sent to MasterServer from port 6468
2024-11-04 12:51:19,905 - INFO - Heartbeat sent to MasterServer from port 6470
2024-11-04 12:51:21,273 - INFO - Heartbeat sent to MasterServer from port 6467
2024-11-04 12:51:23,248 - INFO - Heartbeat sent to MasterServer from port 6469
2024-11-04 12:51:23,610 - INFO - Heartbeat sent to MasterServer from port 6468
2024-11-04 12:51:24,911 - INFO - Heartbeat sent to MasterServer from port 6470
2024-11-04 12:51:26,279 - INFO - Heartbeat sent to MasterServer from port 6467
2024-11-04 12:51:28,254 - INFO - Heartbeat sent to MasterServer from port 6469
2024-11-04 12:51:28,617 - INFO - Heartbeat sent to MasterServer from port 6468
2024-11-04 12:51:29,917 - INFO - Heartbeat sent to MasterServer from port 6470
2024-11-04 12:51:31,286 - INFO - Heartbeat sent to MasterServer from port 6467
2024-11-04 12:51:33,260 - INFO - Heartbeat sent to MasterServer from port 6469
2024-11-04 12:51:33,623 - INFO - Heartbeat sent to MasterServer from port 6468
2024-11-04 12:51:34,923 - INFO - Heartbeat sent to MasterServer from port 6470
2024-11-04 12:51:36,292 - INFO - Heartbeat sent to MasterServer from port 6467
2024-11-04 12:51:38,266 - INFO - Heartbeat sent to MasterServer from port 6469
2024-11-04 12:51:38,629 - INFO - Heartbeat sent to MasterServer from port 6468
2024-11-04 12:51:39,929 - INFO - Heartbeat sent to MasterServer from port 6470
2024-11-04 12:51:41,298 - INFO - Heartbeat sent to MasterServer from port 6467
2024-11-04 12:51:43,272 - INFO - Heartbeat sent to MasterServer from port 6469
2024-11-04 12:51:43,635 - INFO - Heartbeat sent to MasterServer from port 6468
2024-11-04 12:51:44,935 - INFO - Heartbeat sent to MasterServer from port 6470
2024-11-04 12:51:46,304 - INFO - Heartbeat sent to MasterServer from port 6467
2024-11-04 12:51:48,278 - INFO - Heartbeat sent to MasterServer from port 6469
2024-11-04 12:51:48,641 - INFO - Heartbeat sent to MasterServer from port 6468
2024-11-04 12:51:49,940 - INFO - Heartbeat sent to MasterServer from port 6470
2024-11-04 12:51:51,309 - INFO - Heartbeat sent to MasterServer from port 6467
2024-11-04 12:51:53,284 - INFO - Heartbeat sent to MasterServer from port 6469
2024-11-04 12:51:53,647 - INFO - Heartbeat sent to MasterServer from port 6468
2024-11-04 12:51:54,946 - INFO - Heartbeat sent to MasterServer from port 6470
2024-11-04 12:51:56,315 - INFO - Heartbeat sent to MasterServer from port 6467
2024-11-04 12:51:58,289 - INFO - Heartbeat sent to MasterServer from port 6469
2024-11-04 12:51:58,653 - INFO - Heartbeat sent to MasterServer from port 6468
2024-11-04 12:51:59,952 - INFO - Heartbeat sent to MasterServer from port 6470
2024-11-04 12:52:01,321 - INFO - Heartbeat sent to MasterServer from port 6467
2024-11-04 12:52:03,296 - INFO - Heartbeat sent to MasterServer from port 6469
2024-11-04 12:52:03,659 - INFO - Heartbeat sent to MasterServer from port 6468
2024-11-04 12:52:04,957 - INFO - Heartbeat sent to MasterServer from port 6470
2024-11-04 12:52:06,326 - INFO - Heartbeat sent to MasterServer from port 6467
2024-11-04 12:52:08,300 - INFO - Heartbeat sent to MasterServer from port 6469
2024-11-04 12:52:08,664 - INFO - Heartbeat sent to MasterServer from port 6468
2024-11-04 12:52:09,962 - INFO - Heartbeat sent to MasterServer from port 6470
2024-11-04 12:52:11,331 - INFO - Heartbeat sent to MasterServer from port 6467
2024-11-04 12:52:13,306 - INFO - Heartbeat sent to MasterServer from port 6469
2024-11-04 12:52:13,670 - INFO - Heartbeat sent to MasterServer from port 6468
2024-11-04 12:52:14,968 - INFO - Heartbeat sent to MasterServer from port 6470
2024-11-04 12:52:16,338 - INFO - Heartbeat sent to MasterServer from port 6467
2024-11-04 12:52:18,312 - INFO - Heartbeat sent to MasterServer from port 6469
2024-11-04 12:52:18,676 - INFO - Heartbeat sent to MasterServer from port 6468
2024-11-04 12:52:19,969 - INFO - Heartbeat sent to MasterServer from port 6470
2024-11-04 12:52:21,344 - INFO - Heartbeat sent to MasterServer from port 6467
2024-11-04 12:52:23,318 - INFO - Heartbeat sent to MasterServer from port 6469
2024-11-04 12:52:23,682 - INFO - Heartbeat sent to MasterServer from port 6468
2024-11-04 12:52:24,975 - INFO - Heartbeat sent to MasterServer from port 6470
2024-11-04 12:52:26,350 - INFO - Heartbeat sent to MasterServer from port 6467
2024-11-04 12:52:28,323 - INFO - Heartbeat sent to MasterServer from port 6469
2024-11-04 12:52:28,687 - INFO - Heartbeat sent to MasterServer from port 6468
2024-11-04 12:52:29,981 - INFO - Heartbeat sent to MasterServer from port 6470
2024-11-04 12:52:31,356 - INFO - Heartbeat sent to MasterServer from port 6467
2024-11-04 12:52:33,328 - INFO - Heartbeat sent to MasterServer from port 6469
2024-11-04 12:52:33,693 - INFO - Heartbeat sent to MasterServer from port 6468
2024-11-04 12:52:34,988 - INFO - Heartbeat sent to MasterServer from port 6470
2024-11-04 12:52:36,362 - INFO - Heartbeat sent to MasterServer from port 6467
2024-11-04 12:52:38,335 - INFO - Heartbeat sent to MasterServer from port 6469
2024-11-04 12:52:38,699 - INFO - Heartbeat sent to MasterServer from port 6468
2024-11-04 12:52:39,994 - INFO - Heartbeat sent to MasterServer from port 6470
2024-11-04 12:52:41,368 - INFO - Heartbeat sent to MasterServer from port 6467
2024-11-04 12:52:43,340 - INFO - Heartbeat sent to MasterServer from port 6469
2024-11-04 12:52:43,705 - INFO - Heartbeat sent to MasterServer from port 6468
2024-11-04 12:52:44,998 - INFO - Heartbeat sent to MasterServer from port 6470
2024-11-04 12:52:46,373 - INFO - Heartbeat sent to MasterServer from port 6467
2024-11-04 12:52:48,346 - INFO - Heartbeat sent to MasterServer from port 6469
2024-11-04 12:52:48,709 - INFO - Heartbeat sent to MasterServer from port 6468
2024-11-04 12:52:50,003 - INFO - Heartbeat sent to MasterServer from port 6470
2024-11-04 12:52:51,379 - INFO - Heartbeat sent to MasterServer from port 6467
2024-11-04 12:52:53,352 - INFO - Heartbeat sent to MasterServer from port 6469
2024-11-04 12:52:53,715 - INFO - Heartbeat sent to MasterServer from port 6468
2024-11-04 12:52:55,009 - INFO - Heartbeat sent to MasterServer from port 6470
2024-11-04 12:52:56,385 - INFO - Heartbeat sent to MasterServer from port 6467
2024-11-04 12:52:58,357 - INFO - Heartbeat sent to MasterServer from port 6469
2024-11-04 12:52:58,720 - INFO - Heartbeat sent to MasterServer from port 6468
2024-11-04 12:53:00,014 - INFO - Heartbeat sent to MasterServer from port 6470
2024-11-04 12:53:01,390 - INFO - Heartbeat sent to MasterServer from port 6467
2024-11-04 12:53:03,363 - INFO - Heartbeat sent to MasterServer from port 6469
2024-11-04 12:53:03,725 - INFO - Heartbeat sent to MasterServer from port 6468
2024-11-04 12:53:05,020 - INFO - Heartbeat sent to MasterServer from port 6470
2024-11-04 12:53:06,395 - INFO - Heartbeat sent to MasterServer from port 6467
2024-11-04 12:53:08,365 - INFO - Heartbeat sent to MasterServer from port 6469
2024-11-04 12:53:08,731 - INFO - Heartbeat sent to MasterServer from port 6468
2024-11-04 12:53:10,026 - INFO - Heartbeat sent to MasterServer from port 6470
2024-11-04 12:53:11,401 - INFO - Heartbeat sent to MasterServer from port 6467
2024-11-04 12:53:13,370 - INFO - Heartbeat sent to MasterServer from port 6469
2024-11-04 12:53:13,737 - INFO - Heartbeat sent to MasterServer from port 6468
2024-11-04 12:53:15,032 - INFO - Heartbeat sent to MasterServer from port 6470
2024-11-04 12:53:16,407 - INFO - Heartbeat sent to MasterServer from port 6467
2024-11-04 12:53:18,375 - INFO - Heartbeat sent to MasterServer from port 6469
2024-11-04 12:53:18,742 - INFO - Heartbeat sent to MasterServer from port 6468
2024-11-04 12:53:20,038 - INFO - Heartbeat sent to MasterServer from port 6470
2024-11-04 12:53:21,413 - INFO - Heartbeat sent to MasterServer from port 6467
2024-11-04 12:53:23,379 - INFO - Heartbeat sent to MasterServer from port 6469
2024-11-04 12:53:23,748 - INFO - Heartbeat sent to MasterServer from port 6468
2024-11-04 12:53:25,044 - INFO - Heartbeat sent to MasterServer from port 6470
2024-11-04 12:53:26,419 - INFO - Heartbeat sent to MasterServer from port 6467
2024-11-04 12:53:28,384 - INFO - Heartbeat sent to MasterServer from port 6469
2024-11-04 12:53:28,753 - INFO - Heartbeat sent to MasterServer from port 6468
2024-11-04 12:53:30,050 - INFO - Heartbeat sent to MasterServer from port 6470
2024-11-04 12:53:31,425 - INFO - Heartbeat sent to MasterServer from port 6467
2024-11-04 12:53:33,390 - INFO - Heartbeat sent to MasterServer from port 6469
2024-11-04 12:53:33,759 - INFO - Heartbeat sent to MasterServer from port 6468
2024-11-04 12:53:35,056 - INFO - Heartbeat sent to MasterServer from port 6470
2024-11-04 12:53:36,431 - INFO - Heartbeat sent to MasterServer from port 6467
2024-11-04 12:53:38,396 - INFO - Heartbeat sent to MasterServer from port 6469
2024-11-04 12:53:38,765 - INFO - Heartbeat sent to MasterServer from port 6468
2024-11-04 12:53:40,062 - INFO - Heartbeat sent to MasterServer from port 6470
2024-11-04 12:53:41,437 - INFO - Heartbeat sent to MasterServer from port 6467
2024-11-04 12:53:43,402 - INFO - Heartbeat sent to MasterServer from port 6469
2024-11-04 12:53:43,771 - INFO - Heartbeat sent to MasterServer from port 6468
2024-11-04 12:53:45,068 - INFO - Heartbeat sent to MasterServer from port 6470
2024-11-04 12:53:46,443 - INFO - Heartbeat sent to MasterServer from port 6467
2024-11-04 12:53:48,408 - INFO - Heartbeat sent to MasterServer from port 6469
2024-11-04 12:53:48,777 - INFO - Heartbeat sent to MasterServer from port 6468
2024-11-04 12:53:50,074 - INFO - Heartbeat sent to MasterServer from port 6470
2024-11-04 12:53:51,449 - INFO - Heartbeat sent to MasterServer from port 6467
2024-11-04 12:53:53,414 - INFO - Heartbeat sent to MasterServer from port 6469
2024-11-04 12:53:53,783 - INFO - Heartbeat sent to MasterServer from port 6468
2024-11-04 12:53:55,080 - INFO - Heartbeat sent to MasterServer from port 6470
2024-11-04 12:53:56,456 - INFO - Heartbeat sent to MasterServer from port 6467
2024-11-04 12:53:58,420 - INFO - Heartbeat sent to MasterServer from port 6469
2024-11-04 12:53:58,789 - INFO - Heartbeat sent to MasterServer from port 6468
2024-11-04 12:54:00,086 - INFO - Heartbeat sent to MasterServer from port 6470
2024-11-04 12:54:01,462 - INFO - Heartbeat sent to MasterServer from port 6467
2024-11-04 12:54:03,426 - INFO - Heartbeat sent to MasterServer from port 6469
2024-11-04 12:54:03,795 - INFO - Heartbeat sent to MasterServer from port 6468
2024-11-04 12:54:05,092 - INFO - Heartbeat sent to MasterServer from port 6470
2024-11-04 12:54:06,468 - INFO - Heartbeat sent to MasterServer from port 6467
2024-11-04 12:54:08,432 - INFO - Heartbeat sent to MasterServer from port 6469
2024-11-04 12:54:08,801 - INFO - Heartbeat sent to MasterServer from port 6468
2024-11-04 12:54:10,098 - INFO - Heartbeat sent to MasterServer from port 6470
2024-11-04 12:54:11,474 - INFO - Heartbeat sent to MasterServer from port 6467
2024-11-04 12:54:13,438 - INFO - Heartbeat sent to MasterServer from port 6469
2024-11-04 12:54:13,807 - INFO - Heartbeat sent to MasterServer from port 6468
2024-11-04 12:54:15,104 - INFO - Heartbeat sent to MasterServer from port 6470
2024-11-04 12:54:16,480 - INFO - Heartbeat sent to MasterServer from port 6467
2024-11-04 12:54:18,444 - INFO - Heartbeat sent to MasterServer from port 6469
2024-11-04 12:54:18,813 - INFO - Heartbeat sent to MasterServer from port 6468
2024-11-04 12:54:20,110 - INFO - Heartbeat sent to MasterServer from port 6470
2024-11-04 12:54:21,485 - INFO - Heartbeat sent to MasterServer from port 6467
2024-11-04 12:54:23,450 - INFO - Heartbeat sent to MasterServer from port 6469
2024-11-04 12:54:23,819 - INFO - Heartbeat sent to MasterServer from port 6468
2024-11-04 12:54:25,111 - INFO - Heartbeat sent to MasterServer from port 6470
2024-11-04 12:54:26,491 - INFO - Heartbeat sent to MasterServer from port 6467
2024-11-04 12:54:28,454 - INFO - Heartbeat sent to MasterServer from port 6469
2024-11-04 12:54:28,825 - INFO - Heartbeat sent to MasterServer from port 6468
2024-11-04 12:54:30,116 - INFO - Heartbeat sent to MasterServer from port 6470
2024-11-04 12:54:31,494 - INFO - Heartbeat sent to MasterServer from port 6467
2024-11-04 12:54:33,460 - INFO - Heartbeat sent to MasterServer from port 6469
2024-11-04 12:54:33,830 - INFO - Heartbeat sent to MasterServer from port 6468
2024-11-04 12:54:35,121 - INFO - Heartbeat sent to MasterServer from port 6470
2024-11-04 12:54:36,500 - INFO - Heartbeat sent to MasterServer from port 6467
2024-11-04 12:54:38,465 - INFO - Heartbeat sent to MasterServer from port 6469
2024-11-04 12:54:38,835 - INFO - Heartbeat sent to MasterServer from port 6468
2024-11-04 12:54:40,126 - INFO - Heartbeat sent to MasterServer from port 6470
2024-11-04 12:54:41,506 - INFO - Heartbeat sent to MasterServer from port 6467
2024-11-04 12:54:43,471 - INFO - Heartbeat sent to MasterServer from port 6469
2024-11-04 12:54:43,841 - INFO - Heartbeat sent to MasterServer from port 6468
2024-11-04 12:54:45,132 - INFO - Heartbeat sent to MasterServer from port 6470
2024-11-04 12:54:46,512 - INFO - Heartbeat sent to MasterServer from port 6467
2024-11-04 12:54:48,477 - INFO - Heartbeat sent to MasterServer from port 6469
2024-11-04 12:54:48,847 - INFO - Heartbeat sent to MasterServer from port 6468
2024-11-04 12:54:50,138 - INFO - Heartbeat sent to MasterServer from port 6470
2024-11-04 12:54:51,517 - INFO - Heartbeat sent to MasterServer from port 6467
2024-11-04 12:54:53,483 - INFO - Heartbeat sent to MasterServer from port 6469
2024-11-04 12:54:53,853 - INFO - Heartbeat sent to MasterServer from port 6468
2024-11-04 12:54:55,144 - INFO - Heartbeat sent to MasterServer from port 6470
2024-11-04 12:54:56,523 - INFO - Heartbeat sent to MasterServer from port 6467
2024-11-04 12:54:58,489 - INFO - Heartbeat sent to MasterServer from port 6469
2024-11-04 12:54:58,859 - INFO - Heartbeat sent to MasterServer from port 6468
2024-11-04 12:55:00,150 - INFO - Heartbeat sent to MasterServer from port 6470
2024-11-04 12:55:01,530 - INFO - Heartbeat sent to MasterServer from port 6467
2024-11-04 12:55:03,495 - INFO - Heartbeat sent to MasterServer from port 6469
2024-11-04 12:55:03,865 - INFO - Heartbeat sent to MasterServer from port 6468
2024-11-04 12:55:05,156 - INFO - Heartbeat sent to MasterServer from port 6470
2024-11-04 12:55:06,536 - INFO - Heartbeat sent to MasterServer from port 6467
2024-11-04 12:55:08,501 - INFO - Heartbeat sent to MasterServer from port 6469
2024-11-04 12:55:08,871 - INFO - Heartbeat sent to MasterServer from port 6468
2024-11-04 12:55:10,162 - INFO - Heartbeat sent to MasterServer from port 6470
2024-11-04 12:55:11,541 - INFO - Heartbeat sent to MasterServer from port 6467
2024-11-04 12:55:13,507 - INFO - Heartbeat sent to MasterServer from port 6469
2024-11-04 12:55:13,878 - INFO - Heartbeat sent to MasterServer from port 6468
2024-11-04 12:55:15,167 - INFO - Heartbeat sent to MasterServer from port 6470
2024-11-04 12:55:16,548 - INFO - Heartbeat sent to MasterServer from port 6467
2024-11-04 12:55:18,513 - INFO - Heartbeat sent to MasterServer from port 6469
2024-11-04 12:55:18,882 - INFO - Heartbeat sent to MasterServer from port 6468
2024-11-04 12:55:20,173 - INFO - Heartbeat sent to MasterServer from port 6470
2024-11-04 12:55:21,554 - INFO - Heartbeat sent to MasterServer from port 6467
2024-11-04 12:55:23,520 - INFO - Heartbeat sent to MasterServer from port 6469
2024-11-04 12:55:23,889 - INFO - Heartbeat sent to MasterServer from port 6468
2024-11-04 12:55:25,178 - INFO - Heartbeat sent to MasterServer from port 6470
2024-11-04 12:55:26,560 - INFO - Heartbeat sent to MasterServer from port 6467
2024-11-04 12:55:28,524 - INFO - Heartbeat sent to MasterServer from port 6469
2024-11-04 12:55:28,894 - INFO - Heartbeat sent to MasterServer from port 6468
2024-11-04 12:55:30,183 - INFO - Heartbeat sent to MasterServer from port 6470
2024-11-04 12:55:31,565 - INFO - Heartbeat sent to MasterServer from port 6467
2024-11-04 12:55:33,529 - INFO - Heartbeat sent to MasterServer from port 6469
2024-11-04 12:55:33,899 - INFO - Heartbeat sent to MasterServer from port 6468
2024-11-04 12:55:35,189 - INFO - Heartbeat sent to MasterServer from port 6470
2024-11-04 12:55:36,572 - INFO - Heartbeat sent to MasterServer from port 6467
2024-11-04 12:55:38,534 - INFO - Heartbeat sent to MasterServer from port 6469
2024-11-04 12:55:38,906 - INFO - Heartbeat sent to MasterServer from port 6468
2024-11-04 12:55:40,195 - INFO - Heartbeat sent to MasterServer from port 6470
2024-11-04 12:55:41,578 - INFO - Heartbeat sent to MasterServer from port 6467
2024-11-04 12:55:43,541 - INFO - Heartbeat sent to MasterServer from port 6469
2024-11-04 12:55:43,911 - INFO - Heartbeat sent to MasterServer from port 6468
2024-11-04 12:55:45,201 - INFO - Heartbeat sent to MasterServer from port 6470
2024-11-04 12:55:46,583 - INFO - Heartbeat sent to MasterServer from port 6467
2024-11-04 12:55:48,546 - INFO - Heartbeat sent to MasterServer from port 6469
2024-11-04 12:55:48,917 - INFO - Heartbeat sent to MasterServer from port 6468
2024-11-04 12:55:50,207 - INFO - Heartbeat sent to MasterServer from port 6470
2024-11-04 12:55:51,588 - INFO - Heartbeat sent to MasterServer from port 6467
2024-11-04 12:55:53,551 - INFO - Heartbeat sent to MasterServer from port 6469
2024-11-04 12:55:53,922 - INFO - Heartbeat sent to MasterServer from port 6468
2024-11-04 12:55:55,213 - INFO - Heartbeat sent to MasterServer from port 6470
2024-11-04 12:55:56,593 - INFO - Heartbeat sent to MasterServer from port 6467
2024-11-04 12:55:58,557 - INFO - Heartbeat sent to MasterServer from port 6469
2024-11-04 12:55:58,928 - INFO - Heartbeat sent to MasterServer from port 6468
2024-11-04 12:56:00,219 - INFO - Heartbeat sent to MasterServer from port 6470
2024-11-04 12:56:01,598 - INFO - Heartbeat sent to MasterServer from port 6467
2024-11-04 12:56:03,563 - INFO - Heartbeat sent to MasterServer from port 6469
2024-11-04 12:56:03,934 - INFO - Heartbeat sent to MasterServer from port 6468
2024-11-04 12:56:05,224 - INFO - Heartbeat sent to MasterServer from port 6470
2024-11-04 12:56:06,602 - INFO - Heartbeat sent to MasterServer from port 6467
2024-11-04 12:56:08,569 - INFO - Heartbeat sent to MasterServer from port 6469
2024-11-04 12:56:08,939 - INFO - Heartbeat sent to MasterServer from port 6468
2024-11-04 12:56:10,230 - INFO - Heartbeat sent to MasterServer from port 6470
2024-11-04 12:56:11,608 - INFO - Heartbeat sent to MasterServer from port 6467
2024-11-04 12:56:13,571 - INFO - Heartbeat sent to MasterServer from port 6469
2024-11-04 12:56:13,945 - INFO - Heartbeat sent to MasterServer from port 6468
2024-11-04 12:56:15,235 - INFO - Heartbeat sent to MasterServer from port 6470
2024-11-04 12:56:16,614 - INFO - Heartbeat sent to MasterServer from port 6467
2024-11-04 12:56:18,576 - INFO - Heartbeat sent to MasterServer from port 6469
2024-11-04 12:56:18,951 - INFO - Heartbeat sent to MasterServer from port 6468
2024-11-04 12:56:20,240 - INFO - Heartbeat sent to MasterServer from port 6470
2024-11-04 12:56:21,620 - INFO - Heartbeat sent to MasterServer from port 6467
2024-11-04 12:56:23,582 - INFO - Heartbeat sent to MasterServer from port 6469
2024-11-04 12:56:23,955 - INFO - Heartbeat sent to MasterServer from port 6468
2024-11-04 12:56:25,245 - INFO - Heartbeat sent to MasterServer from port 6470
2024-11-04 12:56:26,625 - INFO - Heartbeat sent to MasterServer from port 6467
2024-11-04 12:56:28,586 - INFO - Heartbeat sent to MasterServer from port 6469
2024-11-04 12:56:28,959 - INFO - Heartbeat sent to MasterServer from port 6468
2024-11-04 12:56:30,250 - INFO - Heartbeat sent to MasterServer from port 6470
2024-11-04 12:56:31,630 - INFO - Heartbeat sent to MasterServer from port 6467
2024-11-04 12:56:33,592 - INFO - Heartbeat sent to MasterServer from port 6469
2024-11-04 12:56:33,964 - INFO - Heartbeat sent to MasterServer from port 6468
2024-11-04 12:56:35,256 - INFO - Heartbeat sent to MasterServer from port 6470
2024-11-04 12:56:36,636 - INFO - Heartbeat sent to MasterServer from port 6467
2024-11-04 12:56:38,596 - INFO - Heartbeat sent to MasterServer from port 6469
2024-11-04 12:56:38,970 - INFO - Heartbeat sent to MasterServer from port 6468
2024-11-04 12:56:40,261 - INFO - Heartbeat sent to MasterServer from port 6470
2024-11-04 12:56:41,642 - INFO - Heartbeat sent to MasterServer from port 6467
2024-11-04 12:56:43,602 - INFO - Heartbeat sent to MasterServer from port 6469
2024-11-04 12:56:43,976 - INFO - Heartbeat sent to MasterServer from port 6468
2024-11-04 12:56:45,267 - INFO - Heartbeat sent to MasterServer from port 6470
2024-11-04 12:56:46,647 - INFO - Heartbeat sent to MasterServer from port 6467
2024-11-04 12:56:48,608 - INFO - Heartbeat sent to MasterServer from port 6469
2024-11-04 12:56:48,982 - INFO - Heartbeat sent to MasterServer from port 6468
2024-11-04 12:56:50,274 - INFO - Heartbeat sent to MasterServer from port 6470
2024-11-04 12:56:51,653 - INFO - Heartbeat sent to MasterServer from port 6467
2024-11-04 12:56:53,613 - INFO - Heartbeat sent to MasterServer from port 6469
2024-11-04 12:56:53,987 - INFO - Heartbeat sent to MasterServer from port 6468
2024-11-04 12:56:55,280 - INFO - Heartbeat sent to MasterServer from port 6470
2024-11-04 12:56:56,659 - INFO - Heartbeat sent to MasterServer from port 6467
2024-11-04 12:56:58,619 - INFO - Heartbeat sent to MasterServer from port 6469
2024-11-04 12:56:58,989 - INFO - Heartbeat sent to MasterServer from port 6468
2024-11-04 12:57:00,285 - INFO - Heartbeat sent to MasterServer from port 6470
2024-11-04 12:57:01,665 - INFO - Heartbeat sent to MasterServer from port 6467
2024-11-04 12:57:03,625 - INFO - Heartbeat sent to MasterServer from port 6469
2024-11-04 12:57:03,995 - INFO - Heartbeat sent to MasterServer from port 6468
2024-11-04 12:57:05,291 - INFO - Heartbeat sent to MasterServer from port 6470
2024-11-04 12:57:06,671 - INFO - Heartbeat sent to MasterServer from port 6467
2024-11-04 12:57:08,632 - INFO - Heartbeat sent to MasterServer from port 6469
2024-11-04 12:57:09,002 - INFO - Heartbeat sent to MasterServer from port 6468
2024-11-04 12:57:10,297 - INFO - Heartbeat sent to MasterServer from port 6470
2024-11-04 12:57:11,677 - INFO - Heartbeat sent to MasterServer from port 6467
2024-11-04 12:57:13,638 - INFO - Heartbeat sent to MasterServer from port 6469
2024-11-04 12:57:14,008 - INFO - Heartbeat sent to MasterServer from port 6468
2024-11-04 12:57:15,303 - INFO - Heartbeat sent to MasterServer from port 6470
2024-11-04 12:57:16,683 - INFO - Heartbeat sent to MasterServer from port 6467
2024-11-04 12:57:18,641 - INFO - Heartbeat sent to MasterServer from port 6469
2024-11-04 12:57:19,013 - INFO - Heartbeat sent to MasterServer from port 6468
2024-11-04 12:57:20,309 - INFO - Heartbeat sent to MasterServer from port 6470
2024-11-04 12:57:21,689 - INFO - Heartbeat sent to MasterServer from port 6467
2024-11-04 12:57:23,645 - INFO - Heartbeat sent to MasterServer from port 6469
2024-11-04 12:57:24,018 - INFO - Heartbeat sent to MasterServer from port 6468
2024-11-04 12:57:25,315 - INFO - Heartbeat sent to MasterServer from port 6470
2024-11-04 12:57:26,694 - INFO - Heartbeat sent to MasterServer from port 6467
2024-11-04 12:57:28,650 - INFO - Heartbeat sent to MasterServer from port 6469
2024-11-04 12:57:29,024 - INFO - Heartbeat sent to MasterServer from port 6468
2024-11-04 12:57:30,320 - INFO - Heartbeat sent to MasterServer from port 6470
2024-11-04 12:57:31,700 - INFO - Heartbeat sent to MasterServer from port 6467
2024-11-04 12:57:33,656 - INFO - Heartbeat sent to MasterServer from port 6469
2024-11-04 12:57:34,027 - INFO - Heartbeat sent to MasterServer from port 6468
2024-11-04 12:57:35,326 - INFO - Heartbeat sent to MasterServer from port 6470
2024-11-04 12:57:36,705 - INFO - Heartbeat sent to MasterServer from port 6467
2024-11-04 12:57:38,661 - INFO - Heartbeat sent to MasterServer from port 6469
2024-11-04 12:57:39,033 - INFO - Heartbeat sent to MasterServer from port 6468
2024-11-04 12:57:40,331 - INFO - Heartbeat sent to MasterServer from port 6470
2024-11-04 12:57:41,711 - INFO - Heartbeat sent to MasterServer from port 6467
2024-11-04 12:57:43,666 - INFO - Heartbeat sent to MasterServer from port 6469
2024-11-04 12:57:44,038 - INFO - Heartbeat sent to MasterServer from port 6468
2024-11-04 12:57:45,336 - INFO - Heartbeat sent to MasterServer from port 6470
2024-11-04 12:57:46,716 - INFO - Heartbeat sent to MasterServer from port 6467
2024-11-04 12:57:48,672 - INFO - Heartbeat sent to MasterServer from port 6469
2024-11-04 12:57:49,045 - INFO - Heartbeat sent to MasterServer from port 6468
2024-11-04 12:57:50,342 - INFO - Heartbeat sent to MasterServer from port 6470
2024-11-04 12:57:51,722 - INFO - Heartbeat sent to MasterServer from port 6467
2024-11-04 12:57:53,677 - INFO - Heartbeat sent to MasterServer from port 6469
2024-11-04 12:57:54,050 - INFO - Heartbeat sent to MasterServer from port 6468
2024-11-04 12:57:55,348 - INFO - Heartbeat sent to MasterServer from port 6470
2024-11-04 12:57:56,728 - INFO - Heartbeat sent to MasterServer from port 6467
2024-11-04 12:57:58,683 - INFO - Heartbeat sent to MasterServer from port 6469
2024-11-04 12:57:59,056 - INFO - Heartbeat sent to MasterServer from port 6468
2024-11-04 12:58:00,354 - INFO - Heartbeat sent to MasterServer from port 6470
2024-11-04 12:58:01,732 - INFO - Heartbeat sent to MasterServer from port 6467
2024-11-04 12:58:03,689 - INFO - Heartbeat sent to MasterServer from port 6469
2024-11-04 12:58:04,062 - INFO - Heartbeat sent to MasterServer from port 6468
2024-11-04 12:58:05,360 - INFO - Heartbeat sent to MasterServer from port 6470
2024-11-04 12:58:06,738 - INFO - Heartbeat sent to MasterServer from port 6467
2024-11-04 12:58:08,694 - INFO - Heartbeat sent to MasterServer from port 6469
2024-11-04 12:58:09,068 - INFO - Heartbeat sent to MasterServer from port 6468
2024-11-04 12:58:10,365 - INFO - Heartbeat sent to MasterServer from port 6470
2024-11-04 12:58:11,744 - INFO - Heartbeat sent to MasterServer from port 6467
2024-11-04 12:58:13,700 - INFO - Heartbeat sent to MasterServer from port 6469
2024-11-04 12:58:14,074 - INFO - Heartbeat sent to MasterServer from port 6468
2024-11-04 12:58:15,371 - INFO - Heartbeat sent to MasterServer from port 6470
2024-11-04 12:58:16,745 - INFO - Heartbeat sent to MasterServer from port 6467
2024-11-04 12:58:18,705 - INFO - Heartbeat sent to MasterServer from port 6469
2024-11-04 12:58:19,080 - INFO - Heartbeat sent to MasterServer from port 6468
2024-11-04 12:58:20,376 - INFO - Heartbeat sent to MasterServer from port 6470
2024-11-04 12:58:21,751 - INFO - Heartbeat sent to MasterServer from port 6467
2024-11-04 12:58:23,710 - INFO - Heartbeat sent to MasterServer from port 6469
2024-11-04 12:58:24,086 - INFO - Heartbeat sent to MasterServer from port 6468
2024-11-04 12:58:25,381 - INFO - Heartbeat sent to MasterServer from port 6470
2024-11-04 12:58:26,757 - INFO - Heartbeat sent to MasterServer from port 6467
2024-11-04 12:58:28,716 - INFO - Heartbeat sent to MasterServer from port 6469
2024-11-04 12:58:29,092 - INFO - Heartbeat sent to MasterServer from port 6468
2024-11-04 12:58:30,388 - INFO - Heartbeat sent to MasterServer from port 6470
2024-11-04 12:58:31,762 - INFO - Heartbeat sent to MasterServer from port 6467
2024-11-04 12:58:33,722 - INFO - Heartbeat sent to MasterServer from port 6469
2024-11-04 12:58:34,098 - INFO - Heartbeat sent to MasterServer from port 6468
2024-11-04 12:58:35,393 - INFO - Heartbeat sent to MasterServer from port 6470
2024-11-04 12:58:36,767 - INFO - Heartbeat sent to MasterServer from port 6467
2024-11-04 12:58:38,728 - INFO - Heartbeat sent to MasterServer from port 6469
2024-11-04 12:58:39,104 - INFO - Heartbeat sent to MasterServer from port 6468
2024-11-04 12:58:40,399 - INFO - Heartbeat sent to MasterServer from port 6470
2024-11-04 12:58:41,772 - INFO - Heartbeat sent to MasterServer from port 6467
2024-11-04 12:58:43,732 - INFO - Heartbeat sent to MasterServer from port 6469
2024-11-04 12:58:44,109 - INFO - Heartbeat sent to MasterServer from port 6468
2024-11-04 12:58:45,404 - ERROR - Failed to send heartbeat: [Errno 111] Connection refused
2024-11-04 12:58:46,778 - ERROR - Failed to send heartbeat: [Errno 111] Connection refused
2024-11-04 12:58:48,737 - ERROR - Failed to send heartbeat: [Errno 111] Connection refused
2024-11-04 12:58:49,114 - ERROR - Failed to send heartbeat: [Errno 111] Connection refused
2024-11-04 12:58:50,409 - ERROR - Failed to send heartbeat: [Errno 111] Connection refused
2024-11-04 12:58:51,783 - ERROR - Failed to send heartbeat: [Errno 111] Connection refused
2024-11-04 12:58:53,743 - ERROR - Failed to send heartbeat: [Errno 111] Connection refused
2024-11-04 12:58:54,119 - ERROR - Failed to send heartbeat: [Errno 111] Connection refused
2024-11-04 12:58:55,415 - ERROR - Failed to send heartbeat: [Errno 111] Connection refused
2024-11-04 12:58:58,748 - ERROR - Failed to send heartbeat: [Errno 111] Connection refused
2024-11-04 12:58:59,124 - ERROR - Failed to send heartbeat: [Errno 111] Connection refused
2024-11-04 12:59:00,421 - ERROR - Failed to send heartbeat: [Errno 111] Connection refused
2024-11-04 12:59:03,754 - ERROR - Failed to send heartbeat: [Errno 111] Connection refused
2024-11-04 12:59:05,425 - ERROR - Failed to send heartbeat: [Errno 111] Connection refused
2024-11-04 12:59:08,759 - ERROR - Failed to send heartbeat: [Errno 111] Connection refused
2024-11-04 12:59:10,431 - ERROR - Failed to send heartbeat: [Errno 111] Connection refused
2024-11-04 12:59:15,436 - ERROR - Failed to send heartbeat: [Errno 111] Connection refused
2024-11-04 12:59:20,441 - ERROR - Failed to send heartbeat: [Errno 111] Connection refused
2024-11-04 13:00:00,747 - INFO - Chunk Server initialized on host localhost, port 6467
2024-11-04 13:00:00,747 - INFO - Starting Chunk Server on port 6467
2024-11-04 13:00:00,748 - INFO - Chunk Server started, listening on port 6467
2024-11-04 13:00:04,015 - INFO - Chunk Server initialized on host localhost, port 6468
2024-11-04 13:00:04,016 - INFO - Starting Chunk Server on port 6468
2024-11-04 13:00:04,016 - INFO - Chunk Server started, listening on port 6468
2024-11-04 13:00:05,755 - INFO - Heartbeat sent to MasterServer from port 6467
2024-11-04 13:00:07,163 - INFO - Chunk Server initialized on host localhost, port 6469
2024-11-04 13:00:07,164 - INFO - Starting Chunk Server on port 6469
2024-11-04 13:00:07,164 - INFO - Chunk Server started, listening on port 6469
2024-11-04 13:00:09,025 - INFO - Heartbeat sent to MasterServer from port 6468
2024-11-04 13:00:10,756 - INFO - Chunk Server initialized on host localhost, port 6470
2024-11-04 13:00:10,756 - INFO - Starting Chunk Server on port 6470
2024-11-04 13:00:10,757 - INFO - Chunk Server started, listening on port 6470
2024-11-04 13:00:10,757 - INFO - Heartbeat sent to MasterServer from port 6467
2024-11-04 13:00:12,173 - INFO - Heartbeat sent to MasterServer from port 6469
2024-11-04 13:00:14,031 - INFO - Heartbeat sent to MasterServer from port 6468
2024-11-04 13:00:15,763 - INFO - Heartbeat sent to MasterServer from port 6467
2024-11-04 13:00:15,765 - INFO - Heartbeat sent to MasterServer from port 6470
2024-11-04 13:00:17,179 - INFO - Heartbeat sent to MasterServer from port 6469
2024-11-04 13:00:19,037 - INFO - Heartbeat sent to MasterServer from port 6468
2024-11-04 13:00:20,770 - INFO - Heartbeat sent to MasterServer from port 6467
2024-11-04 13:00:20,771 - INFO - Heartbeat sent to MasterServer from port 6470
2024-11-04 13:00:22,184 - INFO - Heartbeat sent to MasterServer from port 6469
2024-11-04 13:00:24,043 - INFO - Heartbeat sent to MasterServer from port 6468
2024-11-04 13:00:25,776 - INFO - Heartbeat sent to MasterServer from port 6467
2024-11-04 13:00:25,777 - INFO - Heartbeat sent to MasterServer from port 6470
2024-11-04 13:00:27,189 - INFO - Heartbeat sent to MasterServer from port 6469
2024-11-04 13:00:29,050 - INFO - Heartbeat sent to MasterServer from port 6468
2024-11-04 13:00:30,783 - INFO - Heartbeat sent to MasterServer from port 6467
2024-11-04 13:00:30,783 - INFO - Heartbeat sent to MasterServer from port 6470
2024-11-04 13:00:32,196 - INFO - Heartbeat sent to MasterServer from port 6469
2024-11-04 13:00:34,056 - INFO - Heartbeat sent to MasterServer from port 6468
2024-11-04 13:00:35,785 - INFO - Heartbeat sent to MasterServer from port 6470
2024-11-04 13:00:35,788 - INFO - Heartbeat sent to MasterServer from port 6467
2024-11-04 13:00:37,202 - INFO - Heartbeat sent to MasterServer from port 6469
2024-11-04 13:00:38,715 - ERROR - Failed to check lease status with master: Ran out of input
2024-11-04 13:00:38,715 - INFO - Stored chunk sample.txt_chunk_0 successfully.
2024-11-04 13:00:38,716 - ERROR - Failed to communicate with master server: Ran out of input
2024-11-04 13:00:38,718 - ERROR - Failed to check lease status with master: Ran out of input
2024-11-04 13:00:38,719 - INFO - Stored chunk sample.txt_chunk_1 successfully.
2024-11-04 13:00:38,720 - ERROR - Failed to communicate with master server: Ran out of input
2024-11-04 13:00:38,721 - ERROR - Failed to check lease status with master: Ran out of input
2024-11-04 13:00:38,722 - INFO - Stored chunk sample.txt_chunk_2 successfully.
2024-11-04 13:00:38,723 - ERROR - Failed to communicate with master server: Ran out of input
2024-11-04 13:00:38,725 - ERROR - Failed to check lease status with master: Ran out of input
2024-11-04 13:00:38,726 - INFO - Stored chunk sample.txt_chunk_3 successfully.
2024-11-04 13:00:38,727 - ERROR - Failed to communicate with master server: Ran out of input
2024-11-04 13:00:38,730 - ERROR - Failed to check lease status with master: Ran out of input
2024-11-04 13:00:38,731 - INFO - Stored chunk sample.txt_chunk_4 successfully.
2024-11-04 13:00:38,733 - ERROR - Failed to communicate with master server: Ran out of input
2024-11-04 13:00:39,063 - INFO - Heartbeat sent to MasterServer from port 6468
2024-11-04 13:00:40,791 - INFO - Heartbeat sent to MasterServer from port 6470
2024-11-04 13:00:40,794 - INFO - Heartbeat sent to MasterServer from port 6467
2024-11-04 13:00:42,208 - INFO - Heartbeat sent to MasterServer from port 6469
2024-11-04 13:00:44,068 - INFO - Heartbeat sent to MasterServer from port 6468
2024-11-04 13:00:45,797 - INFO - Heartbeat sent to MasterServer from port 6470
2024-11-04 13:00:45,800 - INFO - Heartbeat sent to MasterServer from port 6467
2024-11-04 13:00:47,214 - INFO - Heartbeat sent to MasterServer from port 6469
2024-11-04 13:00:49,075 - INFO - Heartbeat sent to MasterServer from port 6468
2024-11-04 13:00:50,803 - INFO - Heartbeat sent to MasterServer from port 6470
2024-11-04 13:00:50,804 - INFO - Heartbeat sent to MasterServer from port 6467
2024-11-04 13:00:52,221 - INFO - Heartbeat sent to MasterServer from port 6469
2024-11-04 13:00:54,081 - INFO - Heartbeat sent to MasterServer from port 6468
2024-11-04 13:00:55,809 - INFO - Heartbeat sent to MasterServer from port 6470
2024-11-04 13:00:55,810 - INFO - Heartbeat sent to MasterServer from port 6467
2024-11-04 13:00:57,226 - INFO - Heartbeat sent to MasterServer from port 6469
2024-11-04 13:00:59,087 - INFO - Heartbeat sent to MasterServer from port 6468
2024-11-04 13:01:00,815 - INFO - Heartbeat sent to MasterServer from port 6470
2024-11-04 13:01:00,816 - INFO - Heartbeat sent to MasterServer from port 6467
2024-11-04 13:01:02,232 - INFO - Heartbeat sent to MasterServer from port 6469
2024-11-04 13:01:04,094 - INFO - Heartbeat sent to MasterServer from port 6468
2024-11-04 13:01:05,821 - INFO - Heartbeat sent to MasterServer from port 6470
2024-11-04 13:01:05,823 - INFO - Heartbeat sent to MasterServer from port 6467
2024-11-04 13:01:07,239 - INFO - Heartbeat sent to MasterServer from port 6469
2024-11-04 13:01:09,100 - INFO - Heartbeat sent to MasterServer from port 6468
2024-11-04 13:01:10,827 - INFO - Heartbeat sent to MasterServer from port 6470
2024-11-04 13:01:10,828 - INFO - Heartbeat sent to MasterServer from port 6467
2024-11-04 13:01:12,245 - INFO - Heartbeat sent to MasterServer from port 6469
2024-11-04 13:01:14,106 - INFO - Heartbeat sent to MasterServer from port 6468
2024-11-04 13:01:15,833 - INFO - Heartbeat sent to MasterServer from port 6470
2024-11-04 13:01:15,834 - INFO - Heartbeat sent to MasterServer from port 6467
2024-11-04 13:01:17,251 - INFO - Heartbeat sent to MasterServer from port 6469
2024-11-04 13:01:19,112 - INFO - Heartbeat sent to MasterServer from port 6468
2024-11-04 13:01:20,836 - INFO - Heartbeat sent to MasterServer from port 6467
2024-11-04 13:01:20,838 - INFO - Heartbeat sent to MasterServer from port 6470
2024-11-04 13:01:22,257 - INFO - Heartbeat sent to MasterServer from port 6469
2024-11-04 13:01:24,118 - INFO - Heartbeat sent to MasterServer from port 6468
2024-11-04 13:01:25,840 - INFO - Heartbeat sent to MasterServer from port 6470
2024-11-04 13:01:25,841 - INFO - Heartbeat sent to MasterServer from port 6467
2024-11-04 13:01:27,263 - INFO - Heartbeat sent to MasterServer from port 6469
2024-11-04 13:01:29,125 - INFO - Heartbeat sent to MasterServer from port 6468
2024-11-04 13:01:30,846 - INFO - Heartbeat sent to MasterServer from port 6470
2024-11-04 13:01:30,846 - INFO - Heartbeat sent to MasterServer from port 6467
2024-11-04 13:01:32,269 - INFO - Heartbeat sent to MasterServer from port 6469
2024-11-04 13:01:34,131 - INFO - Heartbeat sent to MasterServer from port 6468
2024-11-04 13:01:35,852 - INFO - Heartbeat sent to MasterServer from port 6467
2024-11-04 13:01:35,852 - INFO - Heartbeat sent to MasterServer from port 6470
2024-11-04 13:01:37,276 - INFO - Heartbeat sent to MasterServer from port 6469
2024-11-04 13:01:39,137 - INFO - Heartbeat sent to MasterServer from port 6468
2024-11-04 13:01:40,859 - INFO - Heartbeat sent to MasterServer from port 6467
2024-11-04 13:01:40,859 - INFO - Heartbeat sent to MasterServer from port 6470
2024-11-04 13:01:42,282 - INFO - Heartbeat sent to MasterServer from port 6469
2024-11-04 13:01:44,144 - INFO - Heartbeat sent to MasterServer from port 6468
2024-11-04 13:01:45,865 - INFO - Heartbeat sent to MasterServer from port 6467
2024-11-04 13:01:45,865 - INFO - Heartbeat sent to MasterServer from port 6470
2024-11-04 13:01:47,288 - INFO - Heartbeat sent to MasterServer from port 6469
2024-11-04 13:01:49,150 - INFO - Heartbeat sent to MasterServer from port 6468
2024-11-04 13:01:50,866 - INFO - Heartbeat sent to MasterServer from port 6467
2024-11-04 13:01:50,870 - INFO - Heartbeat sent to MasterServer from port 6470
2024-11-04 13:01:52,295 - INFO - Heartbeat sent to MasterServer from port 6469
2024-11-04 13:01:54,154 - INFO - Heartbeat sent to MasterServer from port 6468
2024-11-04 13:01:55,872 - INFO - Heartbeat sent to MasterServer from port 6467
2024-11-04 13:01:55,879 - INFO - Heartbeat sent to MasterServer from port 6470
2024-11-04 13:01:57,301 - INFO - Heartbeat sent to MasterServer from port 6469
2024-11-04 13:01:59,160 - INFO - Heartbeat sent to MasterServer from port 6468
2024-11-04 13:02:00,878 - INFO - Heartbeat sent to MasterServer from port 6467
2024-11-04 13:02:00,885 - INFO - Heartbeat sent to MasterServer from port 6470
2024-11-04 13:02:02,307 - INFO - Heartbeat sent to MasterServer from port 6469
2024-11-04 13:02:04,167 - INFO - Heartbeat sent to MasterServer from port 6468
2024-11-04 13:02:05,885 - INFO - Heartbeat sent to MasterServer from port 6467
2024-11-04 13:02:05,891 - INFO - Heartbeat sent to MasterServer from port 6470
2024-11-04 13:02:07,313 - INFO - Heartbeat sent to MasterServer from port 6469
2024-11-04 13:02:09,172 - INFO - Heartbeat sent to MasterServer from port 6468
2024-11-04 13:02:10,890 - INFO - Heartbeat sent to MasterServer from port 6467
2024-11-04 13:02:10,896 - INFO - Heartbeat sent to MasterServer from port 6470
2024-11-04 13:02:12,319 - INFO - Heartbeat sent to MasterServer from port 6469
2024-11-04 13:02:14,179 - INFO - Heartbeat sent to MasterServer from port 6468
2024-11-04 13:02:15,896 - INFO - Heartbeat sent to MasterServer from port 6467
2024-11-04 13:02:15,901 - INFO - Heartbeat sent to MasterServer from port 6470
2024-11-04 13:02:17,325 - INFO - Heartbeat sent to MasterServer from port 6469
2024-11-04 13:02:19,185 - INFO - Heartbeat sent to MasterServer from port 6468
2024-11-04 13:02:20,901 - INFO - Heartbeat sent to MasterServer from port 6467
2024-11-04 13:02:20,907 - INFO - Heartbeat sent to MasterServer from port 6470
2024-11-04 13:02:22,331 - INFO - Heartbeat sent to MasterServer from port 6469
2024-11-04 13:02:24,191 - INFO - Heartbeat sent to MasterServer from port 6468
2024-11-04 13:02:25,907 - INFO - Heartbeat sent to MasterServer from port 6467
2024-11-04 13:02:25,912 - INFO - Heartbeat sent to MasterServer from port 6470
2024-11-04 13:02:27,336 - INFO - Heartbeat sent to MasterServer from port 6469
2024-11-04 13:02:29,197 - INFO - Heartbeat sent to MasterServer from port 6468
2024-11-04 13:02:30,913 - INFO - Heartbeat sent to MasterServer from port 6467
2024-11-04 13:02:30,918 - INFO - Heartbeat sent to MasterServer from port 6470
2024-11-04 13:02:32,342 - INFO - Heartbeat sent to MasterServer from port 6469
2024-11-04 13:02:34,203 - INFO - Heartbeat sent to MasterServer from port 6468
2024-11-04 13:02:35,919 - INFO - Heartbeat sent to MasterServer from port 6467
2024-11-04 13:02:35,919 - INFO - Heartbeat sent to MasterServer from port 6470
2024-11-04 13:02:37,348 - INFO - Heartbeat sent to MasterServer from port 6469
2024-11-04 13:02:39,209 - INFO - Heartbeat sent to MasterServer from port 6468
2024-11-04 13:02:40,925 - INFO - Heartbeat sent to MasterServer from port 6467
2024-11-04 13:02:40,925 - INFO - Heartbeat sent to MasterServer from port 6470
2024-11-04 13:02:42,354 - INFO - Heartbeat sent to MasterServer from port 6469
2024-11-04 13:02:44,211 - INFO - Heartbeat sent to MasterServer from port 6468
2024-11-04 13:02:45,930 - INFO - Heartbeat sent to MasterServer from port 6467
2024-11-04 13:02:45,930 - INFO - Heartbeat sent to MasterServer from port 6470
2024-11-04 13:02:47,360 - INFO - Heartbeat sent to MasterServer from port 6469
2024-11-04 13:02:49,216 - INFO - Heartbeat sent to MasterServer from port 6468
2024-11-04 13:02:50,933 - INFO - Heartbeat sent to MasterServer from port 6467
2024-11-04 13:02:50,936 - INFO - Heartbeat sent to MasterServer from port 6470
2024-11-04 13:02:52,366 - INFO - Heartbeat sent to MasterServer from port 6469
2024-11-04 13:02:54,221 - INFO - Heartbeat sent to MasterServer from port 6468
2024-11-04 13:02:55,939 - INFO - Heartbeat sent to MasterServer from port 6467
2024-11-04 13:02:55,946 - INFO - Heartbeat sent to MasterServer from port 6470
2024-11-04 13:02:57,371 - INFO - Heartbeat sent to MasterServer from port 6469
2024-11-04 13:02:59,227 - INFO - Heartbeat sent to MasterServer from port 6468
2024-11-04 13:03:00,945 - INFO - Heartbeat sent to MasterServer from port 6467
2024-11-04 13:03:00,951 - INFO - Heartbeat sent to MasterServer from port 6470
2024-11-04 13:03:02,377 - INFO - Heartbeat sent to MasterServer from port 6469
2024-11-04 13:03:04,233 - INFO - Heartbeat sent to MasterServer from port 6468
2024-11-04 13:03:05,951 - INFO - Heartbeat sent to MasterServer from port 6467
2024-11-04 13:03:05,956 - INFO - Heartbeat sent to MasterServer from port 6470
2024-11-04 13:03:07,383 - INFO - Heartbeat sent to MasterServer from port 6469
2024-11-04 13:03:09,239 - INFO - Heartbeat sent to MasterServer from port 6468
2024-11-04 13:03:10,957 - INFO - Heartbeat sent to MasterServer from port 6467
2024-11-04 13:03:10,962 - INFO - Heartbeat sent to MasterServer from port 6470
2024-11-04 13:03:12,389 - INFO - Heartbeat sent to MasterServer from port 6469
2024-11-04 13:03:14,245 - INFO - Heartbeat sent to MasterServer from port 6468
2024-11-04 13:03:15,959 - INFO - Heartbeat sent to MasterServer from port 6467
2024-11-04 13:03:15,967 - INFO - Heartbeat sent to MasterServer from port 6470
2024-11-04 13:03:17,395 - INFO - Heartbeat sent to MasterServer from port 6469
2024-11-04 13:03:19,251 - INFO - Heartbeat sent to MasterServer from port 6468
2024-11-04 13:03:20,965 - INFO - Heartbeat sent to MasterServer from port 6467
2024-11-04 13:03:20,969 - INFO - Heartbeat sent to MasterServer from port 6470
2024-11-04 13:03:22,401 - INFO - Heartbeat sent to MasterServer from port 6469
2024-11-04 13:03:24,254 - INFO - Heartbeat sent to MasterServer from port 6468
2024-11-04 13:03:25,970 - INFO - Heartbeat sent to MasterServer from port 6467
2024-11-04 13:03:25,975 - INFO - Heartbeat sent to MasterServer from port 6470
2024-11-04 13:03:27,407 - INFO - Heartbeat sent to MasterServer from port 6469
2024-11-04 13:03:29,260 - INFO - Heartbeat sent to MasterServer from port 6468
2024-11-04 13:03:30,976 - INFO - Heartbeat sent to MasterServer from port 6467
2024-11-04 13:03:30,981 - INFO - Heartbeat sent to MasterServer from port 6470
2024-11-04 13:03:32,413 - INFO - Heartbeat sent to MasterServer from port 6469
2024-11-04 13:03:34,266 - INFO - Heartbeat sent to MasterServer from port 6468
2024-11-04 13:03:35,982 - INFO - Heartbeat sent to MasterServer from port 6467
2024-11-04 13:03:35,987 - INFO - Heartbeat sent to MasterServer from port 6470
2024-11-04 13:03:37,419 - INFO - Heartbeat sent to MasterServer from port 6469
2024-11-04 13:03:39,272 - INFO - Heartbeat sent to MasterServer from port 6468
2024-11-04 13:03:40,988 - INFO - Heartbeat sent to MasterServer from port 6467
2024-11-04 13:03:40,993 - INFO - Heartbeat sent to MasterServer from port 6470
2024-11-04 13:03:42,425 - INFO - Heartbeat sent to MasterServer from port 6469
2024-11-04 13:03:44,278 - INFO - Heartbeat sent to MasterServer from port 6468
2024-11-04 13:03:45,992 - INFO - Heartbeat sent to MasterServer from port 6467
2024-11-04 13:03:45,999 - INFO - Heartbeat sent to MasterServer from port 6470
2024-11-04 13:03:47,431 - INFO - Heartbeat sent to MasterServer from port 6469
2024-11-04 13:03:49,283 - INFO - Heartbeat sent to MasterServer from port 6468
2024-11-04 13:03:50,998 - INFO - Heartbeat sent to MasterServer from port 6467
2024-11-04 13:03:51,004 - INFO - Heartbeat sent to MasterServer from port 6470
2024-11-04 13:03:52,436 - INFO - Heartbeat sent to MasterServer from port 6469
2024-11-04 13:03:54,289 - INFO - Heartbeat sent to MasterServer from port 6468
2024-11-04 13:03:56,004 - INFO - Heartbeat sent to MasterServer from port 6467
2024-11-04 13:03:56,010 - INFO - Heartbeat sent to MasterServer from port 6470
2024-11-04 13:03:57,443 - INFO - Heartbeat sent to MasterServer from port 6469
2024-11-04 13:03:59,295 - INFO - Heartbeat sent to MasterServer from port 6468
2024-11-04 13:04:01,010 - INFO - Heartbeat sent to MasterServer from port 6467
2024-11-04 13:04:01,016 - INFO - Heartbeat sent to MasterServer from port 6470
2024-11-04 13:04:02,448 - INFO - Heartbeat sent to MasterServer from port 6469
2024-11-04 13:04:04,301 - INFO - Heartbeat sent to MasterServer from port 6468
2024-11-04 13:04:06,016 - INFO - Heartbeat sent to MasterServer from port 6467
2024-11-04 13:04:06,022 - INFO - Heartbeat sent to MasterServer from port 6470
2024-11-04 13:04:07,454 - INFO - Heartbeat sent to MasterServer from port 6469
2024-11-04 13:04:09,307 - INFO - Heartbeat sent to MasterServer from port 6468
2024-11-04 13:04:11,022 - INFO - Heartbeat sent to MasterServer from port 6467
2024-11-04 13:04:11,028 - INFO - Heartbeat sent to MasterServer from port 6470
2024-11-04 13:04:12,460 - INFO - Heartbeat sent to MasterServer from port 6469
2024-11-04 13:04:14,314 - INFO - Heartbeat sent to MasterServer from port 6468
2024-11-04 13:04:16,028 - INFO - Heartbeat sent to MasterServer from port 6467
2024-11-04 13:04:16,033 - INFO - Heartbeat sent to MasterServer from port 6470
2024-11-04 13:04:17,465 - INFO - Heartbeat sent to MasterServer from port 6469
2024-11-04 13:04:19,319 - INFO - Heartbeat sent to MasterServer from port 6468
2024-11-04 13:04:21,034 - INFO - Heartbeat sent to MasterServer from port 6467
2024-11-04 13:04:21,038 - INFO - Heartbeat sent to MasterServer from port 6470
2024-11-04 13:04:22,470 - INFO - Heartbeat sent to MasterServer from port 6469
2024-11-04 13:04:24,324 - INFO - Heartbeat sent to MasterServer from port 6468
2024-11-04 13:04:26,040 - INFO - Heartbeat sent to MasterServer from port 6467
2024-11-04 13:04:26,043 - INFO - Heartbeat sent to MasterServer from port 6470
2024-11-04 13:04:27,476 - INFO - Heartbeat sent to MasterServer from port 6469
2024-11-04 13:04:29,329 - INFO - Heartbeat sent to MasterServer from port 6468
2024-11-04 13:04:31,045 - INFO - Heartbeat sent to MasterServer from port 6467
2024-11-04 13:04:31,049 - INFO - Heartbeat sent to MasterServer from port 6470
2024-11-04 13:04:32,480 - INFO - Heartbeat sent to MasterServer from port 6469
2024-11-04 13:04:34,335 - INFO - Heartbeat sent to MasterServer from port 6468
2024-11-04 13:04:36,051 - INFO - Heartbeat sent to MasterServer from port 6467
2024-11-04 13:04:36,051 - INFO - Heartbeat sent to MasterServer from port 6470
2024-11-04 13:04:37,486 - INFO - Heartbeat sent to MasterServer from port 6469
2024-11-04 13:04:39,341 - INFO - Heartbeat sent to MasterServer from port 6468
2024-11-04 13:04:41,056 - INFO - Heartbeat sent to MasterServer from port 6467
2024-11-04 13:04:41,057 - INFO - Heartbeat sent to MasterServer from port 6470
2024-11-04 13:04:42,492 - INFO - Heartbeat sent to MasterServer from port 6469
2024-11-04 13:04:44,344 - INFO - Heartbeat sent to MasterServer from port 6468
2024-11-04 13:04:46,061 - INFO - Heartbeat sent to MasterServer from port 6467
2024-11-04 13:04:46,062 - INFO - Heartbeat sent to MasterServer from port 6470
2024-11-04 13:04:47,498 - INFO - Heartbeat sent to MasterServer from port 6469
2024-11-04 13:04:49,350 - INFO - Heartbeat sent to MasterServer from port 6468
2024-11-04 13:04:51,066 - INFO - Heartbeat sent to MasterServer from port 6467
2024-11-04 13:04:51,067 - INFO - Heartbeat sent to MasterServer from port 6470
2024-11-04 13:04:52,504 - INFO - Heartbeat sent to MasterServer from port 6469
2024-11-04 13:04:54,355 - INFO - Heartbeat sent to MasterServer from port 6468
2024-11-04 13:04:56,072 - INFO - Heartbeat sent to MasterServer from port 6467
2024-11-04 13:04:56,073 - INFO - Heartbeat sent to MasterServer from port 6470
2024-11-04 13:04:57,509 - INFO - Heartbeat sent to MasterServer from port 6469
2024-11-04 13:04:59,361 - INFO - Heartbeat sent to MasterServer from port 6468
2024-11-04 13:05:01,078 - INFO - Heartbeat sent to MasterServer from port 6467
2024-11-04 13:05:01,079 - INFO - Heartbeat sent to MasterServer from port 6470
2024-11-04 13:05:02,515 - INFO - Heartbeat sent to MasterServer from port 6469
2024-11-04 13:05:04,368 - INFO - Heartbeat sent to MasterServer from port 6468
2024-11-04 13:05:06,084 - INFO - Heartbeat sent to MasterServer from port 6467
2024-11-04 13:05:06,084 - INFO - Heartbeat sent to MasterServer from port 6470
2024-11-04 13:05:07,521 - INFO - Heartbeat sent to MasterServer from port 6469
2024-11-04 13:05:09,369 - INFO - Heartbeat sent to MasterServer from port 6468
2024-11-04 13:05:11,089 - INFO - Heartbeat sent to MasterServer from port 6467
2024-11-04 13:05:11,091 - INFO - Heartbeat sent to MasterServer from port 6470
2024-11-04 13:05:12,527 - INFO - Heartbeat sent to MasterServer from port 6469
2024-11-04 13:05:14,371 - INFO - Heartbeat sent to MasterServer from port 6468
2024-11-04 13:05:16,095 - INFO - Heartbeat sent to MasterServer from port 6467
2024-11-04 13:05:16,097 - INFO - Heartbeat sent to MasterServer from port 6470
2024-11-04 13:05:17,533 - INFO - Heartbeat sent to MasterServer from port 6469
2024-11-04 13:05:19,377 - INFO - Heartbeat sent to MasterServer from port 6468
2024-11-04 13:05:21,101 - INFO - Heartbeat sent to MasterServer from port 6467
2024-11-04 13:05:21,102 - INFO - Heartbeat sent to MasterServer from port 6470
2024-11-04 13:05:22,539 - INFO - Heartbeat sent to MasterServer from port 6469
2024-11-04 13:05:24,383 - INFO - Heartbeat sent to MasterServer from port 6468
2024-11-04 13:05:26,107 - INFO - Heartbeat sent to MasterServer from port 6467
2024-11-04 13:05:26,108 - INFO - Heartbeat sent to MasterServer from port 6470
2024-11-04 13:05:27,545 - INFO - Heartbeat sent to MasterServer from port 6469
2024-11-04 13:05:29,389 - INFO - Heartbeat sent to MasterServer from port 6468
2024-11-04 13:05:31,113 - INFO - Heartbeat sent to MasterServer from port 6467
2024-11-04 13:05:31,113 - INFO - Heartbeat sent to MasterServer from port 6470
2024-11-04 13:05:32,551 - INFO - Heartbeat sent to MasterServer from port 6469
2024-11-04 13:05:34,395 - INFO - Heartbeat sent to MasterServer from port 6468
2024-11-04 13:05:36,118 - INFO - Heartbeat sent to MasterServer from port 6467
2024-11-04 13:05:36,118 - INFO - Heartbeat sent to MasterServer from port 6470
2024-11-04 13:05:37,556 - INFO - Heartbeat sent to MasterServer from port 6469
2024-11-04 13:05:39,396 - INFO - Heartbeat sent to MasterServer from port 6468
2024-11-04 13:05:41,124 - INFO - Heartbeat sent to MasterServer from port 6470
2024-11-04 13:05:41,124 - INFO - Heartbeat sent to MasterServer from port 6467
2024-11-04 13:05:42,562 - INFO - Heartbeat sent to MasterServer from port 6469
2024-11-04 13:05:44,403 - INFO - Heartbeat sent to MasterServer from port 6468
2024-11-04 13:05:46,129 - INFO - Heartbeat sent to MasterServer from port 6467
2024-11-04 13:05:46,130 - INFO - Heartbeat sent to MasterServer from port 6470
2024-11-04 13:05:47,568 - INFO - Heartbeat sent to MasterServer from port 6469
2024-11-04 13:05:49,406 - INFO - Heartbeat sent to MasterServer from port 6468
2024-11-04 13:05:51,134 - INFO - Heartbeat sent to MasterServer from port 6467
2024-11-04 13:05:51,135 - INFO - Heartbeat sent to MasterServer from port 6470
2024-11-04 13:05:52,574 - INFO - Heartbeat sent to MasterServer from port 6469
2024-11-04 13:05:54,411 - INFO - Heartbeat sent to MasterServer from port 6468
2024-11-04 13:05:56,140 - INFO - Heartbeat sent to MasterServer from port 6470
2024-11-04 13:05:56,140 - INFO - Heartbeat sent to MasterServer from port 6467
2024-11-04 13:05:57,580 - INFO - Heartbeat sent to MasterServer from port 6469
2024-11-04 13:05:59,418 - INFO - Heartbeat sent to MasterServer from port 6468
2024-11-04 13:06:01,146 - INFO - Heartbeat sent to MasterServer from port 6467
2024-11-04 13:06:01,146 - INFO - Heartbeat sent to MasterServer from port 6470
2024-11-04 13:06:02,586 - INFO - Heartbeat sent to MasterServer from port 6469
2024-11-04 13:06:04,423 - INFO - Heartbeat sent to MasterServer from port 6468
2024-11-04 13:06:06,152 - INFO - Heartbeat sent to MasterServer from port 6467
2024-11-04 13:06:06,152 - INFO - Heartbeat sent to MasterServer from port 6470
2024-11-04 13:06:07,593 - INFO - Heartbeat sent to MasterServer from port 6469
2024-11-04 13:06:09,429 - INFO - Heartbeat sent to MasterServer from port 6468
2024-11-04 13:06:11,159 - INFO - Heartbeat sent to MasterServer from port 6470
2024-11-04 13:06:11,159 - INFO - Heartbeat sent to MasterServer from port 6467
2024-11-04 13:06:12,599 - INFO - Heartbeat sent to MasterServer from port 6469
2024-11-04 13:06:14,434 - INFO - Heartbeat sent to MasterServer from port 6468
2024-11-04 13:06:16,165 - INFO - Heartbeat sent to MasterServer from port 6470
2024-11-04 13:06:16,165 - INFO - Heartbeat sent to MasterServer from port 6467
2024-11-04 13:06:17,605 - INFO - Heartbeat sent to MasterServer from port 6469
2024-11-04 13:06:19,441 - INFO - Heartbeat sent to MasterServer from port 6468
2024-11-04 13:06:21,171 - INFO - Heartbeat sent to MasterServer from port 6470
2024-11-04 13:06:21,171 - INFO - Heartbeat sent to MasterServer from port 6467
2024-11-04 13:06:22,611 - INFO - Heartbeat sent to MasterServer from port 6469
2024-11-04 13:06:24,447 - INFO - Heartbeat sent to MasterServer from port 6468
2024-11-04 13:06:26,177 - INFO - Heartbeat sent to MasterServer from port 6470
2024-11-04 13:06:26,177 - INFO - Heartbeat sent to MasterServer from port 6467
2024-11-04 13:06:27,618 - INFO - Heartbeat sent to MasterServer from port 6469
2024-11-04 13:06:29,453 - INFO - Heartbeat sent to MasterServer from port 6468
2024-11-04 13:06:31,183 - INFO - Heartbeat sent to MasterServer from port 6470
2024-11-04 13:06:31,183 - INFO - Heartbeat sent to MasterServer from port 6467
2024-11-04 13:06:32,624 - INFO - Heartbeat sent to MasterServer from port 6469
2024-11-04 13:06:34,460 - INFO - Heartbeat sent to MasterServer from port 6468
2024-11-04 13:06:36,189 - INFO - Heartbeat sent to MasterServer from port 6470
2024-11-04 13:06:36,189 - INFO - Heartbeat sent to MasterServer from port 6467
2024-11-04 13:06:37,630 - INFO - Heartbeat sent to MasterServer from port 6469
2024-11-04 13:06:39,466 - INFO - Heartbeat sent to MasterServer from port 6468
2024-11-04 13:06:41,195 - INFO - Heartbeat sent to MasterServer from port 6467
2024-11-04 13:06:41,195 - INFO - Heartbeat sent to MasterServer from port 6470
2024-11-04 13:06:42,636 - INFO - Heartbeat sent to MasterServer from port 6469
2024-11-04 13:06:44,472 - INFO - Heartbeat sent to MasterServer from port 6468
2024-11-04 13:06:46,201 - INFO - Heartbeat sent to MasterServer from port 6467
2024-11-04 13:06:46,201 - INFO - Heartbeat sent to MasterServer from port 6470
2024-11-04 13:06:47,642 - INFO - Heartbeat sent to MasterServer from port 6469
2024-11-04 13:06:49,478 - INFO - Heartbeat sent to MasterServer from port 6468
2024-11-04 13:06:51,208 - INFO - Heartbeat sent to MasterServer from port 6467
2024-11-04 13:06:51,208 - INFO - Heartbeat sent to MasterServer from port 6470
2024-11-04 13:06:52,648 - INFO - Heartbeat sent to MasterServer from port 6469
2024-11-04 13:06:54,482 - INFO - Heartbeat sent to MasterServer from port 6468
2024-11-04 13:06:56,209 - INFO - Heartbeat sent to MasterServer from port 6470
2024-11-04 13:06:56,212 - INFO - Heartbeat sent to MasterServer from port 6467
2024-11-04 13:06:57,654 - INFO - Heartbeat sent to MasterServer from port 6469
2024-11-04 13:06:59,488 - INFO - Heartbeat sent to MasterServer from port 6468
2024-11-04 13:07:01,215 - INFO - Heartbeat sent to MasterServer from port 6470
2024-11-04 13:07:01,218 - INFO - Heartbeat sent to MasterServer from port 6467
2024-11-04 13:07:02,660 - INFO - Heartbeat sent to MasterServer from port 6469
2024-11-04 13:07:04,494 - INFO - Heartbeat sent to MasterServer from port 6468
2024-11-04 13:07:06,221 - INFO - Heartbeat sent to MasterServer from port 6470
2024-11-04 13:07:06,228 - INFO - Heartbeat sent to MasterServer from port 6467
2024-11-04 13:07:07,666 - INFO - Heartbeat sent to MasterServer from port 6469
2024-11-04 13:07:09,500 - INFO - Heartbeat sent to MasterServer from port 6468
2024-11-04 13:07:11,227 - INFO - Heartbeat sent to MasterServer from port 6470
2024-11-04 13:07:11,234 - INFO - Heartbeat sent to MasterServer from port 6467
2024-11-04 13:07:12,672 - INFO - Heartbeat sent to MasterServer from port 6469
2024-11-04 13:07:14,506 - INFO - Heartbeat sent to MasterServer from port 6468
2024-11-04 13:07:16,233 - INFO - Heartbeat sent to MasterServer from port 6470
2024-11-04 13:07:16,239 - INFO - Heartbeat sent to MasterServer from port 6467
2024-11-04 13:07:17,678 - INFO - Heartbeat sent to MasterServer from port 6469
2024-11-04 13:07:19,512 - INFO - Heartbeat sent to MasterServer from port 6468
2024-11-04 13:07:21,239 - INFO - Heartbeat sent to MasterServer from port 6470
2024-11-04 13:07:21,245 - INFO - Heartbeat sent to MasterServer from port 6467
2024-11-04 13:07:22,684 - INFO - Heartbeat sent to MasterServer from port 6469
2024-11-04 13:07:24,518 - INFO - Heartbeat sent to MasterServer from port 6468
2024-11-04 13:07:26,246 - INFO - Heartbeat sent to MasterServer from port 6470
2024-11-04 13:07:26,250 - INFO - Heartbeat sent to MasterServer from port 6467
2024-11-04 13:07:27,690 - INFO - Heartbeat sent to MasterServer from port 6469
2024-11-04 13:07:29,525 - INFO - Heartbeat sent to MasterServer from port 6468
2024-11-04 13:07:31,252 - INFO - Heartbeat sent to MasterServer from port 6470
2024-11-04 13:07:31,256 - INFO - Heartbeat sent to MasterServer from port 6467
2024-11-04 13:07:32,697 - INFO - Heartbeat sent to MasterServer from port 6469
2024-11-04 13:07:34,531 - INFO - Heartbeat sent to MasterServer from port 6468
2024-11-04 13:07:36,258 - INFO - Heartbeat sent to MasterServer from port 6470
2024-11-04 13:07:36,262 - INFO - Heartbeat sent to MasterServer from port 6467
2024-11-04 13:07:37,703 - INFO - Heartbeat sent to MasterServer from port 6469
2024-11-04 13:07:39,537 - INFO - Heartbeat sent to MasterServer from port 6468
2024-11-04 13:07:41,264 - INFO - Heartbeat sent to MasterServer from port 6470
2024-11-04 13:07:41,268 - INFO - Heartbeat sent to MasterServer from port 6467
2024-11-04 13:07:42,709 - INFO - Heartbeat sent to MasterServer from port 6469
2024-11-04 13:07:44,543 - INFO - Heartbeat sent to MasterServer from port 6468
2024-11-04 13:07:46,269 - INFO - Heartbeat sent to MasterServer from port 6470
2024-11-04 13:07:46,274 - INFO - Heartbeat sent to MasterServer from port 6467
2024-11-04 13:07:47,715 - INFO - Heartbeat sent to MasterServer from port 6469
2024-11-04 13:07:49,549 - INFO - Heartbeat sent to MasterServer from port 6468
2024-11-04 13:07:51,275 - INFO - Heartbeat sent to MasterServer from port 6470
2024-11-04 13:07:51,280 - INFO - Heartbeat sent to MasterServer from port 6467
2024-11-04 13:07:52,721 - INFO - Heartbeat sent to MasterServer from port 6469
2024-11-04 13:07:54,555 - INFO - Heartbeat sent to MasterServer from port 6468
2024-11-04 13:07:56,280 - INFO - Heartbeat sent to MasterServer from port 6470
2024-11-04 13:07:56,286 - INFO - Heartbeat sent to MasterServer from port 6467
2024-11-04 13:07:57,727 - INFO - Heartbeat sent to MasterServer from port 6469
2024-11-04 13:07:59,560 - INFO - Heartbeat sent to MasterServer from port 6468
2024-11-04 13:08:01,286 - INFO - Heartbeat sent to MasterServer from port 6470
2024-11-04 13:08:01,292 - INFO - Heartbeat sent to MasterServer from port 6467
2024-11-04 13:08:02,732 - INFO - Heartbeat sent to MasterServer from port 6469
2024-11-04 13:08:04,567 - INFO - Heartbeat sent to MasterServer from port 6468
2024-11-04 13:08:06,288 - INFO - Heartbeat sent to MasterServer from port 6470
2024-11-04 13:08:06,293 - INFO - Heartbeat sent to MasterServer from port 6467
2024-11-04 13:08:07,738 - INFO - Heartbeat sent to MasterServer from port 6469
2024-11-04 13:08:09,572 - INFO - Heartbeat sent to MasterServer from port 6468
2024-11-04 13:08:11,294 - INFO - Heartbeat sent to MasterServer from port 6470
2024-11-04 13:08:11,299 - INFO - Heartbeat sent to MasterServer from port 6467
2024-11-04 13:08:12,744 - INFO - Heartbeat sent to MasterServer from port 6469
2024-11-04 13:08:14,578 - INFO - Heartbeat sent to MasterServer from port 6468
2024-11-04 13:08:16,299 - INFO - Heartbeat sent to MasterServer from port 6470
2024-11-04 13:08:16,304 - INFO - Heartbeat sent to MasterServer from port 6467
2024-11-04 13:08:17,749 - INFO - Heartbeat sent to MasterServer from port 6469
2024-11-04 13:08:19,585 - INFO - Heartbeat sent to MasterServer from port 6468
2024-11-04 13:08:21,305 - INFO - Heartbeat sent to MasterServer from port 6470
2024-11-04 13:08:21,306 - INFO - Heartbeat sent to MasterServer from port 6467
2024-11-04 13:08:22,756 - INFO - Heartbeat sent to MasterServer from port 6469
2024-11-04 13:08:24,591 - INFO - Heartbeat sent to MasterServer from port 6468
2024-11-04 13:08:26,312 - INFO - Heartbeat sent to MasterServer from port 6470
2024-11-04 13:08:26,312 - INFO - Heartbeat sent to MasterServer from port 6467
2024-11-04 13:08:27,762 - INFO - Heartbeat sent to MasterServer from port 6469
2024-11-04 13:08:29,596 - INFO - Heartbeat sent to MasterServer from port 6468
2024-11-04 13:08:31,318 - INFO - Heartbeat sent to MasterServer from port 6470
2024-11-04 13:08:31,318 - INFO - Heartbeat sent to MasterServer from port 6467
2024-11-04 13:08:32,768 - INFO - Heartbeat sent to MasterServer from port 6469
2024-11-04 13:08:34,603 - INFO - Heartbeat sent to MasterServer from port 6468
2024-11-04 13:08:36,324 - INFO - Heartbeat sent to MasterServer from port 6467
2024-11-04 13:08:36,324 - INFO - Heartbeat sent to MasterServer from port 6470
2024-11-04 13:08:37,774 - INFO - Heartbeat sent to MasterServer from port 6469
2024-11-04 13:08:39,609 - INFO - Heartbeat sent to MasterServer from port 6468
2024-11-04 13:08:41,325 - INFO - Heartbeat sent to MasterServer from port 6467
2024-11-04 13:08:41,329 - INFO - Heartbeat sent to MasterServer from port 6470
2024-11-04 13:08:42,780 - INFO - Heartbeat sent to MasterServer from port 6469
2024-11-04 13:08:44,614 - INFO - Heartbeat sent to MasterServer from port 6468
2024-11-04 13:08:46,331 - INFO - Heartbeat sent to MasterServer from port 6467
2024-11-04 13:08:46,335 - INFO - Heartbeat sent to MasterServer from port 6470
2024-11-04 13:08:47,786 - INFO - Heartbeat sent to MasterServer from port 6469
2024-11-04 13:08:49,620 - INFO - Heartbeat sent to MasterServer from port 6468
2024-11-04 13:08:51,335 - INFO - Heartbeat sent to MasterServer from port 6467
2024-11-04 13:08:51,340 - INFO - Heartbeat sent to MasterServer from port 6470
2024-11-04 13:08:52,792 - INFO - Heartbeat sent to MasterServer from port 6469
2024-11-04 13:08:54,626 - INFO - Heartbeat sent to MasterServer from port 6468
2024-11-04 13:08:56,341 - INFO - Heartbeat sent to MasterServer from port 6467
2024-11-04 13:08:56,345 - INFO - Heartbeat sent to MasterServer from port 6470
2024-11-04 13:08:57,798 - INFO - Heartbeat sent to MasterServer from port 6469
2024-11-04 13:08:59,632 - INFO - Heartbeat sent to MasterServer from port 6468
2024-11-04 13:09:01,347 - INFO - Heartbeat sent to MasterServer from port 6467
2024-11-04 13:09:01,350 - INFO - Heartbeat sent to MasterServer from port 6470
2024-11-04 13:09:02,802 - INFO - Heartbeat sent to MasterServer from port 6469
