2024-11-04 12:42:55,255 - INFO - Master Server initialized on host localhost, port 7082
2024-11-04 12:42:55,256 - INFO - Master Server Running on port 7082
2024-11-04 12:42:55,256 - INFO - Heartbeat check initiated.
2024-11-04 12:42:55,257 - INFO - Master Server started, listening for connections.
2024-11-04 12:43:00,261 - WARNING - Chunk server on port 6467 has failed
2024-11-04 12:43:00,262 - WARNING - Chunk server on port 6468 has failed
2024-11-04 12:43:00,262 - WARNING - Chunk server on port 6469 has failed
2024-11-04 12:43:00,262 - WARNING - Chunk server on port 6470 has failed
2024-11-04 12:43:05,267 - WARNING - Chunk server on port 6467 has failed
2024-11-04 12:43:05,267 - WARNING - Chunk server on port 6468 has failed
2024-11-04 12:43:05,268 - WARNING - Chunk server on port 6469 has failed
2024-11-04 12:43:05,268 - WARNING - Chunk server on port 6470 has failed
2024-11-04 12:43:10,272 - WARNING - Chunk server on port 6467 has failed
2024-11-04 12:43:10,272 - WARNING - Chunk server on port 6468 has failed
2024-11-04 12:43:10,273 - WARNING - Chunk server on port 6469 has failed
2024-11-04 12:43:10,273 - WARNING - Chunk server on port 6470 has failed
2024-11-04 12:43:15,278 - WARNING - Chunk server on port 6467 has failed
2024-11-04 12:43:15,278 - WARNING - Chunk server on port 6468 has failed
2024-11-04 12:43:15,279 - WARNING - Chunk server on port 6469 has failed
2024-11-04 12:43:15,279 - WARNING - Chunk server on port 6470 has failed
2024-11-04 12:43:20,284 - WARNING - Chunk server on port 6467 has failed
2024-11-04 12:43:20,284 - WARNING - Chunk server on port 6468 has failed
2024-11-04 12:43:20,285 - WARNING - Chunk server on port 6469 has failed
2024-11-04 12:43:20,285 - WARNING - Chunk server on port 6470 has failed
2024-11-04 12:43:25,290 - WARNING - Chunk server on port 6467 has failed
2024-11-04 12:43:25,290 - WARNING - Chunk server on port 6468 has failed
2024-11-04 12:43:25,291 - WARNING - Chunk server on port 6469 has failed
2024-11-04 12:43:25,291 - WARNING - Chunk server on port 6470 has failed
2024-11-04 12:43:30,296 - WARNING - Chunk server on port 6467 has failed
2024-11-04 12:43:30,296 - WARNING - Chunk server on port 6468 has failed
2024-11-04 12:43:30,297 - WARNING - Chunk server on port 6469 has failed
2024-11-04 12:43:30,297 - WARNING - Chunk server on port 6470 has failed
2024-11-04 12:43:35,302 - WARNING - Chunk server on port 6467 has failed
2024-11-04 12:43:35,303 - WARNING - Chunk server on port 6468 has failed
2024-11-04 12:43:35,303 - WARNING - Chunk server on port 6469 has failed
2024-11-04 12:43:35,303 - WARNING - Chunk server on port 6470 has failed
2024-11-04 12:43:39,776 - INFO - Server on port 6467 is now active
2024-11-04 12:43:40,307 - WARNING - Chunk server on port 6468 has failed
2024-11-04 12:43:40,307 - WARNING - Chunk server on port 6469 has failed
2024-11-04 12:43:40,308 - WARNING - Chunk server on port 6470 has failed
2024-11-04 12:43:44,782 - INFO - Server on port 6467 is now active
2024-11-04 12:43:45,313 - WARNING - Chunk server on port 6468 has failed
2024-11-04 12:43:45,313 - WARNING - Chunk server on port 6469 has failed
2024-11-04 12:43:45,314 - WARNING - Chunk server on port 6470 has failed
2024-11-04 12:43:49,788 - INFO - Server on port 6467 is now active
2024-11-04 12:43:50,319 - WARNING - Chunk server on port 6468 has failed
2024-11-04 12:43:50,319 - WARNING - Chunk server on port 6469 has failed
2024-11-04 12:43:50,320 - WARNING - Chunk server on port 6470 has failed
2024-11-04 12:43:54,794 - INFO - Server on port 6467 is now active
2024-11-04 12:43:55,325 - WARNING - Chunk server on port 6468 has failed
2024-11-04 12:43:55,325 - WARNING - Chunk server on port 6469 has failed
2024-11-04 12:43:55,325 - WARNING - Chunk server on port 6470 has failed
2024-11-04 12:43:59,800 - INFO - Server on port 6467 is now active
2024-11-04 12:44:00,331 - WARNING - Chunk server on port 6468 has failed
2024-11-04 12:44:00,331 - WARNING - Chunk server on port 6469 has failed
2024-11-04 12:44:00,331 - WARNING - Chunk server on port 6470 has failed
2024-11-04 12:44:02,166 - INFO - Server on port 6468 is now active
2024-11-04 12:44:04,806 - INFO - Server on port 6467 is now active
2024-11-04 12:44:05,337 - WARNING - Chunk server on port 6469 has failed
2024-11-04 12:44:05,337 - WARNING - Chunk server on port 6470 has failed
2024-11-04 12:44:07,172 - INFO - Server on port 6468 is now active
2024-11-04 12:44:09,812 - INFO - Server on port 6467 is now active
2024-11-04 12:44:10,343 - WARNING - Chunk server on port 6469 has failed
2024-11-04 12:44:10,343 - WARNING - Chunk server on port 6470 has failed
2024-11-04 12:44:11,807 - INFO - Server on port 6469 is now active
2024-11-04 12:44:12,178 - INFO - Server on port 6468 is now active
2024-11-04 12:44:14,818 - INFO - Server on port 6467 is now active
2024-11-04 12:44:15,348 - WARNING - Chunk server on port 6470 has failed
2024-11-04 12:44:16,813 - INFO - Server on port 6469 is now active
2024-11-04 12:44:17,183 - INFO - Server on port 6468 is now active
2024-11-04 12:44:19,824 - INFO - Server on port 6467 is now active
2024-11-04 12:44:20,353 - WARNING - Chunk server on port 6470 has failed
2024-11-04 12:44:21,818 - INFO - Server on port 6469 is now active
2024-11-04 12:44:22,189 - INFO - Server on port 6468 is now active
2024-11-04 12:44:23,479 - INFO - Server on port 6470 is now active
2024-11-04 12:44:24,830 - INFO - Server on port 6467 is now active
2024-11-04 12:44:27,772 - INFO - Server on port 6469 is now active
2024-11-04 12:44:28,143 - INFO - Server on port 6468 is now active
2024-11-04 12:44:29,434 - INFO - Server on port 6470 is now active
2024-11-04 12:44:30,785 - INFO - Server on port 6467 is now active
2024-11-04 12:44:32,777 - INFO - Server on port 6469 is now active
2024-11-04 12:44:33,148 - INFO - Server on port 6468 is now active
2024-11-04 12:44:34,441 - INFO - Server on port 6470 is now active
2024-11-04 12:44:35,790 - INFO - Server on port 6467 is now active
2024-11-04 12:44:37,782 - INFO - Server on port 6469 is now active
2024-11-04 12:44:38,149 - INFO - Server on port 6468 is now active
2024-11-04 12:44:39,446 - INFO - Server on port 6470 is now active
2024-11-04 12:44:40,795 - INFO - Server on port 6467 is now active
2024-11-04 12:44:42,788 - INFO - Server on port 6469 is now active
2024-11-04 12:44:43,155 - INFO - Server on port 6468 is now active
2024-11-04 12:44:44,453 - INFO - Server on port 6470 is now active
2024-11-04 12:44:45,801 - INFO - Server on port 6467 is now active
2024-11-04 12:44:47,794 - INFO - Server on port 6469 is now active
2024-11-04 12:44:48,161 - INFO - Server on port 6468 is now active
2024-11-04 12:44:49,458 - INFO - Server on port 6470 is now active
2024-11-04 12:44:50,808 - INFO - Server on port 6467 is now active
2024-11-04 12:44:52,799 - INFO - Server on port 6469 is now active
2024-11-04 12:44:53,167 - INFO - Server on port 6468 is now active
2024-11-04 12:44:54,465 - INFO - Server on port 6470 is now active
2024-11-04 12:44:55,814 - INFO - Server on port 6467 is now active
2024-11-04 12:44:57,805 - INFO - Server on port 6469 is now active
2024-11-04 12:44:58,174 - INFO - Server on port 6468 is now active
2024-11-04 12:44:59,470 - INFO - Server on port 6470 is now active
2024-11-04 12:45:00,820 - INFO - Server on port 6467 is now active
2024-11-04 12:45:02,810 - INFO - Server on port 6469 is now active
2024-11-04 12:45:03,180 - INFO - Server on port 6468 is now active
2024-11-04 12:45:04,476 - INFO - Server on port 6470 is now active
2024-11-04 12:45:05,826 - INFO - Server on port 6467 is now active
2024-11-04 12:45:07,816 - INFO - Server on port 6469 is now active
2024-11-04 12:45:08,185 - INFO - Server on port 6468 is now active
2024-11-04 12:45:09,481 - INFO - Server on port 6470 is now active
2024-11-04 12:45:10,831 - INFO - Server on port 6467 is now active
2024-11-04 12:45:12,821 - INFO - Server on port 6469 is now active
2024-11-04 12:45:13,191 - INFO - Server on port 6468 is now active
2024-11-04 12:45:14,486 - INFO - Server on port 6470 is now active
2024-11-04 12:45:15,837 - INFO - Server on port 6467 is now active
2024-11-04 12:45:17,826 - INFO - Server on port 6469 is now active
2024-11-04 12:45:18,197 - INFO - Server on port 6468 is now active
2024-11-04 12:45:19,491 - INFO - Server on port 6470 is now active
2024-11-04 12:45:20,843 - INFO - Server on port 6467 is now active
2024-11-04 12:45:22,831 - INFO - Server on port 6469 is now active
2024-11-04 12:45:23,202 - INFO - Server on port 6468 is now active
2024-11-04 12:45:24,496 - INFO - Server on port 6470 is now active
2024-11-04 12:45:25,848 - INFO - Server on port 6467 is now active
2024-11-04 12:45:27,836 - INFO - Server on port 6469 is now active
2024-11-04 12:45:28,207 - INFO - Server on port 6468 is now active
2024-11-04 12:45:29,501 - INFO - Server on port 6470 is now active
2024-11-04 12:45:30,854 - INFO - Server on port 6467 is now active
2024-11-04 12:45:32,842 - INFO - Server on port 6469 is now active
2024-11-04 12:45:33,212 - INFO - Server on port 6468 is now active
2024-11-04 12:45:34,506 - INFO - Server on port 6470 is now active
2024-11-04 12:45:35,860 - INFO - Server on port 6467 is now active
2024-11-04 12:45:37,848 - INFO - Server on port 6469 is now active
2024-11-04 12:45:38,214 - INFO - Server on port 6468 is now active
2024-11-04 12:45:39,511 - INFO - Server on port 6470 is now active
2024-11-04 12:45:40,865 - INFO - Server on port 6467 is now active
2024-11-04 12:45:42,853 - INFO - Server on port 6469 is now active
2024-11-04 12:45:43,220 - INFO - Server on port 6468 is now active
2024-11-04 12:45:44,516 - INFO - Server on port 6470 is now active
2024-11-04 12:45:45,870 - INFO - Server on port 6467 is now active
2024-11-04 12:45:47,858 - INFO - Server on port 6469 is now active
2024-11-04 12:45:48,226 - INFO - Server on port 6468 is now active
2024-11-04 12:45:49,521 - INFO - Server on port 6470 is now active
2024-11-04 12:45:50,875 - INFO - Server on port 6467 is now active
2024-11-04 12:45:52,864 - INFO - Server on port 6469 is now active
2024-11-04 12:45:53,232 - INFO - Server on port 6468 is now active
2024-11-04 12:45:54,526 - INFO - Server on port 6470 is now active
2024-11-04 12:45:55,880 - INFO - Server on port 6467 is now active
2024-11-04 12:45:57,870 - INFO - Server on port 6469 is now active
2024-11-04 12:45:58,238 - INFO - Server on port 6468 is now active
2024-11-04 12:45:59,532 - INFO - Server on port 6470 is now active
2024-11-04 12:46:00,886 - INFO - Server on port 6467 is now active
2024-11-04 12:46:02,875 - INFO - Server on port 6469 is now active
2024-11-04 12:46:03,244 - INFO - Server on port 6468 is now active
2024-11-04 12:46:04,533 - INFO - Server on port 6470 is now active
2024-11-04 12:46:05,892 - INFO - Server on port 6467 is now active
2024-11-04 12:46:07,881 - INFO - Server on port 6469 is now active
2024-11-04 12:46:08,250 - INFO - Server on port 6468 is now active
2024-11-04 12:46:09,539 - INFO - Server on port 6470 is now active
2024-11-04 12:46:10,898 - INFO - Server on port 6467 is now active
2024-11-04 12:46:12,887 - INFO - Server on port 6469 is now active
2024-11-04 12:46:13,256 - INFO - Server on port 6468 is now active
2024-11-04 12:46:14,545 - INFO - Server on port 6470 is now active
2024-11-04 12:46:15,903 - INFO - Server on port 6467 is now active
2024-11-04 12:46:17,893 - INFO - Server on port 6469 is now active
2024-11-04 12:46:18,262 - INFO - Server on port 6468 is now active
2024-11-04 12:46:19,551 - INFO - Server on port 6470 is now active
2024-11-04 12:46:20,909 - INFO - Server on port 6467 is now active
2024-11-04 12:46:22,899 - INFO - Server on port 6469 is now active
2024-11-04 12:46:23,268 - INFO - Server on port 6468 is now active
2024-11-04 12:46:24,557 - INFO - Server on port 6470 is now active
2024-11-04 12:46:25,915 - INFO - Server on port 6467 is now active
2024-11-04 12:46:27,905 - INFO - Server on port 6469 is now active
2024-11-04 12:46:28,274 - INFO - Server on port 6468 is now active
2024-11-04 12:46:29,563 - INFO - Server on port 6470 is now active
2024-11-04 12:46:30,921 - INFO - Server on port 6467 is now active
2024-11-04 12:46:32,911 - INFO - Server on port 6469 is now active
2024-11-04 12:46:33,280 - INFO - Server on port 6468 is now active
2024-11-04 12:46:34,570 - INFO - Server on port 6470 is now active
2024-11-04 12:46:35,927 - INFO - Server on port 6467 is now active
2024-11-04 12:46:37,917 - INFO - Server on port 6469 is now active
2024-11-04 12:46:38,287 - INFO - Server on port 6468 is now active
2024-11-04 12:46:39,576 - INFO - Server on port 6470 is now active
2024-11-04 12:46:40,936 - INFO - Server on port 6467 is now active
2024-11-04 12:46:42,924 - INFO - Server on port 6469 is now active
2024-11-04 12:46:43,295 - INFO - Server on port 6468 is now active
2024-11-04 12:46:44,582 - INFO - Server on port 6470 is now active
2024-11-04 12:46:45,944 - INFO - Server on port 6467 is now active
2024-11-04 12:46:47,930 - INFO - Server on port 6469 is now active
2024-11-04 12:46:48,302 - INFO - Server on port 6468 is now active
2024-11-04 12:46:49,588 - INFO - Server on port 6470 is now active
2024-11-04 12:46:50,950 - INFO - Server on port 6467 is now active
2024-11-04 12:46:52,935 - INFO - Server on port 6469 is now active
2024-11-04 12:46:53,308 - INFO - Server on port 6468 is now active
2024-11-04 12:46:54,591 - INFO - Server on port 6470 is now active
2024-11-04 12:46:55,957 - INFO - Server on port 6467 is now active
2024-11-04 12:46:57,941 - INFO - Server on port 6469 is now active
2024-11-04 12:46:58,315 - INFO - Server on port 6468 is now active
2024-11-04 12:46:59,597 - INFO - Server on port 6470 is now active
2024-11-04 12:47:00,963 - INFO - Server on port 6467 is now active
2024-11-04 12:47:02,947 - INFO - Server on port 6469 is now active
2024-11-04 12:47:03,321 - INFO - Server on port 6468 is now active
2024-11-04 12:47:04,604 - INFO - Server on port 6470 is now active
2024-11-04 12:47:05,970 - INFO - Server on port 6467 is now active
2024-11-04 12:47:07,954 - INFO - Server on port 6469 is now active
2024-11-04 12:47:08,327 - INFO - Server on port 6468 is now active
2024-11-04 12:47:09,610 - INFO - Server on port 6470 is now active
2024-11-04 12:47:10,976 - INFO - Server on port 6467 is now active
2024-11-04 12:47:12,959 - INFO - Server on port 6469 is now active
2024-11-04 12:47:13,333 - INFO - Server on port 6468 is now active
2024-11-04 12:47:14,616 - INFO - Server on port 6470 is now active
2024-11-04 12:47:15,981 - INFO - Server on port 6467 is now active
2024-11-04 12:47:17,965 - INFO - Server on port 6469 is now active
2024-11-04 12:47:18,336 - INFO - Server on port 6468 is now active
2024-11-04 12:47:19,622 - INFO - Server on port 6470 is now active
2024-11-04 12:47:20,987 - INFO - Server on port 6467 is now active
2024-11-04 12:47:22,971 - INFO - Server on port 6469 is now active
2024-11-04 12:47:23,343 - INFO - Server on port 6468 is now active
2024-11-04 12:47:24,628 - INFO - Server on port 6470 is now active
2024-11-04 12:47:25,993 - INFO - Server on port 6467 is now active
2024-11-04 12:47:27,977 - INFO - Server on port 6469 is now active
2024-11-04 12:47:28,349 - INFO - Server on port 6468 is now active
2024-11-04 12:47:29,634 - INFO - Server on port 6470 is now active
2024-11-04 12:47:30,999 - INFO - Server on port 6467 is now active
2024-11-04 12:47:32,984 - INFO - Server on port 6469 is now active
2024-11-04 12:47:33,355 - INFO - Server on port 6468 is now active
2024-11-04 12:47:34,640 - INFO - Server on port 6470 is now active
2024-11-04 12:47:36,006 - INFO - Server on port 6467 is now active
2024-11-04 12:47:37,989 - INFO - Server on port 6469 is now active
2024-11-04 12:47:38,361 - INFO - Server on port 6468 is now active
2024-11-04 12:47:39,645 - INFO - Server on port 6470 is now active
2024-11-04 12:47:41,011 - INFO - Server on port 6467 is now active
2024-11-04 12:47:42,995 - INFO - Server on port 6469 is now active
2024-11-04 12:47:43,367 - INFO - Server on port 6468 is now active
2024-11-04 12:47:44,651 - INFO - Server on port 6470 is now active
2024-11-04 12:47:46,016 - INFO - Server on port 6467 is now active
2024-11-04 12:47:48,000 - INFO - Server on port 6469 is now active
2024-11-04 12:47:48,373 - INFO - Server on port 6468 is now active
2024-11-04 12:47:49,657 - INFO - Server on port 6470 is now active
2024-11-04 12:47:51,022 - INFO - Server on port 6467 is now active
2024-11-04 12:47:53,006 - INFO - Server on port 6469 is now active
2024-11-04 12:47:53,376 - INFO - Server on port 6468 is now active
2024-11-04 12:47:54,663 - INFO - Server on port 6470 is now active
2024-11-04 12:47:56,028 - INFO - Server on port 6467 is now active
2024-11-04 12:47:58,012 - INFO - Server on port 6469 is now active
2024-11-04 12:47:58,382 - INFO - Server on port 6468 is now active
2024-11-04 12:47:59,669 - INFO - Server on port 6470 is now active
2024-11-04 12:48:01,035 - INFO - Server on port 6467 is now active
2024-11-04 12:48:03,018 - INFO - Server on port 6469 is now active
2024-11-04 12:48:03,388 - INFO - Server on port 6468 is now active
2024-11-04 12:48:04,676 - INFO - Server on port 6470 is now active
2024-11-04 12:48:06,041 - INFO - Server on port 6467 is now active
2024-11-04 12:48:08,023 - INFO - Server on port 6469 is now active
2024-11-04 12:48:08,394 - INFO - Server on port 6468 is now active
2024-11-04 12:48:09,681 - INFO - Server on port 6470 is now active
2024-11-04 12:48:11,047 - INFO - Server on port 6467 is now active
2024-11-04 12:48:13,029 - INFO - Server on port 6469 is now active
2024-11-04 12:48:13,400 - INFO - Server on port 6468 is now active
2024-11-04 12:48:14,687 - INFO - Server on port 6470 is now active
2024-11-04 12:48:16,053 - INFO - Server on port 6467 is now active
2024-11-04 12:48:18,035 - INFO - Server on port 6469 is now active
2024-11-04 12:48:18,406 - INFO - Server on port 6468 is now active
2024-11-04 12:48:19,693 - INFO - Server on port 6470 is now active
2024-11-04 12:48:21,059 - INFO - Server on port 6467 is now active
2024-11-04 12:48:23,042 - INFO - Server on port 6469 is now active
2024-11-04 12:48:23,412 - INFO - Server on port 6468 is now active
2024-11-04 12:48:24,698 - INFO - Server on port 6470 is now active
2024-11-04 12:48:26,066 - INFO - Server on port 6467 is now active
2024-11-04 12:48:28,047 - INFO - Server on port 6469 is now active
2024-11-04 12:48:28,418 - INFO - Server on port 6468 is now active
2024-11-04 12:48:29,704 - INFO - Server on port 6470 is now active
2024-11-04 12:48:31,072 - INFO - Server on port 6467 is now active
2024-11-04 12:48:33,053 - INFO - Server on port 6469 is now active
2024-11-04 12:48:33,424 - INFO - Server on port 6468 is now active
2024-11-04 12:48:34,710 - INFO - Server on port 6470 is now active
2024-11-04 12:48:36,078 - INFO - Server on port 6467 is now active
2024-11-04 12:48:38,060 - INFO - Server on port 6469 is now active
2024-11-04 12:48:38,427 - INFO - Server on port 6468 is now active
2024-11-04 12:48:39,717 - INFO - Server on port 6470 is now active
2024-11-04 12:48:41,084 - INFO - Server on port 6467 is now active
2024-11-04 12:48:43,066 - INFO - Server on port 6469 is now active
2024-11-04 12:48:43,433 - INFO - Server on port 6468 is now active
2024-11-04 12:48:44,723 - INFO - Server on port 6470 is now active
2024-11-04 12:48:46,088 - INFO - Server on port 6467 is now active
2024-11-04 12:48:48,071 - INFO - Server on port 6469 is now active
2024-11-04 12:48:48,438 - INFO - Server on port 6468 is now active
2024-11-04 12:48:49,730 - INFO - Server on port 6470 is now active
2024-11-04 12:48:51,096 - INFO - Server on port 6467 is now active
2024-11-04 12:48:53,078 - INFO - Server on port 6469 is now active
2024-11-04 12:48:53,445 - INFO - Server on port 6468 is now active
2024-11-04 12:48:54,736 - INFO - Server on port 6470 is now active
2024-11-04 12:48:56,102 - INFO - Server on port 6467 is now active
2024-11-04 12:48:58,084 - INFO - Server on port 6469 is now active
2024-11-04 12:48:58,450 - INFO - Server on port 6468 is now active
2024-11-04 12:48:59,742 - INFO - Server on port 6470 is now active
2024-11-04 12:49:01,108 - INFO - Server on port 6467 is now active
2024-11-04 12:49:03,090 - INFO - Server on port 6469 is now active
2024-11-04 12:49:03,455 - INFO - Server on port 6468 is now active
2024-11-04 12:49:04,748 - INFO - Server on port 6470 is now active
2024-11-04 12:49:06,113 - INFO - Server on port 6467 is now active
2024-11-04 12:49:08,096 - INFO - Server on port 6469 is now active
2024-11-04 12:49:08,462 - INFO - Server on port 6468 is now active
2024-11-04 12:49:09,753 - INFO - Server on port 6470 is now active
2024-11-04 12:49:11,119 - INFO - Server on port 6467 is now active
2024-11-04 12:49:13,102 - INFO - Server on port 6469 is now active
2024-11-04 12:49:13,468 - INFO - Server on port 6468 is now active
2024-11-04 12:49:14,760 - INFO - Server on port 6470 is now active
2024-11-04 12:49:16,125 - INFO - Server on port 6467 is now active
2024-11-04 12:49:18,107 - INFO - Server on port 6469 is now active
2024-11-04 12:49:18,474 - INFO - Server on port 6468 is now active
2024-11-04 12:49:19,764 - INFO - Server on port 6470 is now active
2024-11-04 12:49:21,131 - INFO - Server on port 6467 is now active
2024-11-04 12:49:23,113 - INFO - Server on port 6469 is now active
2024-11-04 12:49:23,480 - INFO - Server on port 6468 is now active
2024-11-04 12:49:24,769 - INFO - Server on port 6470 is now active
2024-11-04 12:49:26,137 - INFO - Server on port 6467 is now active
2024-11-04 12:49:28,119 - INFO - Server on port 6469 is now active
2024-11-04 12:49:28,486 - INFO - Server on port 6468 is now active
2024-11-04 12:49:29,775 - INFO - Server on port 6470 is now active
2024-11-04 12:49:31,143 - INFO - Server on port 6467 is now active
2024-11-04 12:49:33,125 - INFO - Server on port 6469 is now active
2024-11-04 12:49:33,492 - INFO - Server on port 6468 is now active
2024-11-04 12:49:34,782 - INFO - Server on port 6470 is now active
2024-11-04 12:49:36,149 - INFO - Server on port 6467 is now active
2024-11-04 12:49:38,132 - INFO - Server on port 6469 is now active
2024-11-04 12:49:38,499 - INFO - Server on port 6468 is now active
2024-11-04 12:49:39,788 - INFO - Server on port 6470 is now active
2024-11-04 12:49:41,155 - INFO - Server on port 6467 is now active
2024-11-04 12:49:43,138 - INFO - Server on port 6469 is now active
2024-11-04 12:49:43,504 - INFO - Server on port 6468 is now active
2024-11-04 12:49:44,794 - INFO - Server on port 6470 is now active
2024-11-04 12:49:46,161 - INFO - Server on port 6467 is now active
2024-11-04 12:49:48,144 - INFO - Server on port 6469 is now active
2024-11-04 12:49:48,510 - INFO - Server on port 6468 is now active
2024-11-04 12:49:49,800 - INFO - Server on port 6470 is now active
2024-11-04 12:49:51,167 - INFO - Server on port 6467 is now active
2024-11-04 12:49:53,147 - INFO - Server on port 6469 is now active
2024-11-04 12:49:53,516 - INFO - Server on port 6468 is now active
2024-11-04 12:49:54,805 - INFO - Server on port 6470 is now active
2024-11-04 12:49:56,174 - INFO - Server on port 6467 is now active
2024-11-04 12:49:58,149 - INFO - Server on port 6469 is now active
2024-11-04 12:49:58,522 - INFO - Server on port 6468 is now active
2024-11-04 12:49:59,811 - INFO - Server on port 6470 is now active
2024-11-04 12:50:01,180 - INFO - Server on port 6467 is now active
2024-11-04 12:50:03,155 - INFO - Server on port 6469 is now active
2024-11-04 12:50:03,528 - INFO - Server on port 6468 is now active
2024-11-04 12:50:04,817 - INFO - Server on port 6470 is now active
2024-11-04 12:50:06,186 - INFO - Server on port 6467 is now active
2024-11-04 12:50:08,161 - INFO - Server on port 6469 is now active
2024-11-04 12:50:08,534 - INFO - Server on port 6468 is now active
2024-11-04 12:50:09,823 - INFO - Server on port 6470 is now active
2024-11-04 12:50:11,192 - INFO - Server on port 6467 is now active
2024-11-04 12:50:13,167 - INFO - Server on port 6469 is now active
2024-11-04 12:50:13,540 - INFO - Server on port 6468 is now active
2024-11-04 12:50:14,829 - INFO - Server on port 6470 is now active
2024-11-04 12:50:16,199 - INFO - Server on port 6467 is now active
2024-11-04 12:50:18,173 - INFO - Server on port 6469 is now active
2024-11-04 12:50:18,546 - INFO - Server on port 6468 is now active
2024-11-04 12:50:19,834 - INFO - Server on port 6470 is now active
2024-11-04 12:50:21,205 - INFO - Server on port 6467 is now active
2024-11-04 12:50:23,178 - INFO - Server on port 6469 is now active
2024-11-04 12:50:23,552 - INFO - Server on port 6468 is now active
2024-11-04 12:50:24,840 - INFO - Server on port 6470 is now active
2024-11-04 12:50:26,211 - INFO - Server on port 6467 is now active
2024-11-04 12:50:28,183 - INFO - Server on port 6469 is now active
2024-11-04 12:50:28,558 - INFO - Server on port 6468 is now active
2024-11-04 12:50:29,846 - INFO - Server on port 6470 is now active
2024-11-04 12:50:31,217 - INFO - Server on port 6467 is now active
2024-11-04 12:50:33,189 - INFO - Server on port 6469 is now active
2024-11-04 12:50:33,564 - INFO - Server on port 6468 is now active
2024-11-04 12:50:34,852 - INFO - Server on port 6470 is now active
2024-11-04 12:50:36,223 - INFO - Server on port 6467 is now active
2024-11-04 12:50:38,195 - INFO - Server on port 6469 is now active
2024-11-04 12:50:38,570 - INFO - Server on port 6468 is now active
2024-11-04 12:50:39,858 - INFO - Server on port 6470 is now active
2024-11-04 12:50:41,228 - INFO - Server on port 6467 is now active
2024-11-04 12:50:43,201 - INFO - Server on port 6469 is now active
2024-11-04 12:50:43,576 - INFO - Server on port 6468 is now active
2024-11-04 12:50:44,864 - INFO - Server on port 6470 is now active
2024-11-04 12:50:46,234 - INFO - Server on port 6467 is now active
2024-11-04 12:50:48,207 - INFO - Server on port 6469 is now active
2024-11-04 12:50:48,578 - INFO - Server on port 6468 is now active
2024-11-04 12:50:49,870 - INFO - Server on port 6470 is now active
2024-11-04 12:50:51,239 - INFO - Server on port 6467 is now active
2024-11-04 12:50:53,213 - INFO - Server on port 6469 is now active
2024-11-04 12:50:53,579 - INFO - Server on port 6468 is now active
2024-11-04 12:50:54,876 - INFO - Server on port 6470 is now active
2024-11-04 12:50:56,245 - INFO - Server on port 6467 is now active
2024-11-04 12:50:58,219 - INFO - Server on port 6469 is now active
2024-11-04 12:50:58,584 - INFO - Server on port 6468 is now active
2024-11-04 12:50:59,882 - INFO - Server on port 6470 is now active
2024-11-04 12:51:01,251 - INFO - Server on port 6467 is now active
2024-11-04 12:51:03,224 - INFO - Server on port 6469 is now active
2024-11-04 12:51:03,591 - INFO - Server on port 6468 is now active
2024-11-04 12:51:04,888 - INFO - Server on port 6470 is now active
2024-11-04 12:51:06,257 - INFO - Server on port 6467 is now active
2024-11-04 12:51:08,230 - INFO - Server on port 6469 is now active
2024-11-04 12:51:08,597 - INFO - Server on port 6468 is now active
2024-11-04 12:51:09,894 - INFO - Server on port 6470 is now active
2024-11-04 12:51:11,263 - INFO - Server on port 6467 is now active
2024-11-04 12:51:13,236 - INFO - Server on port 6469 is now active
2024-11-04 12:51:13,602 - INFO - Server on port 6468 is now active
2024-11-04 12:51:14,899 - INFO - Server on port 6470 is now active
2024-11-04 12:51:16,268 - INFO - Server on port 6467 is now active
2024-11-04 12:51:18,242 - INFO - Server on port 6469 is now active
2024-11-04 12:51:18,605 - INFO - Server on port 6468 is now active
2024-11-04 12:51:19,905 - INFO - Server on port 6470 is now active
2024-11-04 12:51:21,274 - INFO - Server on port 6467 is now active
2024-11-04 12:51:23,248 - INFO - Server on port 6469 is now active
2024-11-04 12:51:23,611 - INFO - Server on port 6468 is now active
2024-11-04 12:51:24,911 - INFO - Server on port 6470 is now active
2024-11-04 12:51:26,280 - INFO - Server on port 6467 is now active
2024-11-04 12:51:28,254 - INFO - Server on port 6469 is now active
2024-11-04 12:51:28,617 - INFO - Server on port 6468 is now active
2024-11-04 12:51:29,917 - INFO - Server on port 6470 is now active
2024-11-04 12:51:31,286 - INFO - Server on port 6467 is now active
2024-11-04 12:51:33,261 - INFO - Server on port 6469 is now active
2024-11-04 12:51:33,623 - INFO - Server on port 6468 is now active
2024-11-04 12:51:34,923 - INFO - Server on port 6470 is now active
2024-11-04 12:51:36,292 - INFO - Server on port 6467 is now active
2024-11-04 12:51:38,267 - INFO - Server on port 6469 is now active
2024-11-04 12:51:38,629 - INFO - Server on port 6468 is now active
2024-11-04 12:51:39,929 - INFO - Server on port 6470 is now active
2024-11-04 12:51:41,298 - INFO - Server on port 6467 is now active
2024-11-04 12:51:43,272 - INFO - Server on port 6469 is now active
2024-11-04 12:51:43,635 - INFO - Server on port 6468 is now active
2024-11-04 12:51:44,935 - INFO - Server on port 6470 is now active
2024-11-04 12:51:46,304 - INFO - Server on port 6467 is now active
2024-11-04 12:51:48,279 - INFO - Server on port 6469 is now active
2024-11-04 12:51:48,642 - INFO - Server on port 6468 is now active
2024-11-04 12:51:49,940 - INFO - Server on port 6470 is now active
2024-11-04 12:51:51,309 - INFO - Server on port 6467 is now active
2024-11-04 12:51:53,284 - INFO - Server on port 6469 is now active
2024-11-04 12:51:53,647 - INFO - Server on port 6468 is now active
2024-11-04 12:51:54,946 - INFO - Server on port 6470 is now active
2024-11-04 12:51:56,315 - INFO - Server on port 6467 is now active
2024-11-04 12:51:58,290 - INFO - Server on port 6469 is now active
2024-11-04 12:51:58,654 - INFO - Server on port 6468 is now active
2024-11-04 12:51:59,952 - INFO - Server on port 6470 is now active
2024-11-04 12:52:01,321 - INFO - Server on port 6467 is now active
2024-11-04 12:52:03,296 - INFO - Server on port 6469 is now active
2024-11-04 12:52:03,659 - INFO - Server on port 6468 is now active
2024-11-04 12:52:04,957 - INFO - Server on port 6470 is now active
2024-11-04 12:52:06,327 - INFO - Server on port 6467 is now active
2024-11-04 12:52:08,301 - INFO - Server on port 6469 is now active
2024-11-04 12:52:08,665 - INFO - Server on port 6468 is now active
2024-11-04 12:52:09,963 - INFO - Server on port 6470 is now active
2024-11-04 12:52:11,332 - INFO - Server on port 6467 is now active
2024-11-04 12:52:13,306 - INFO - Server on port 6469 is now active
2024-11-04 12:52:13,671 - INFO - Server on port 6468 is now active
2024-11-04 12:52:14,969 - INFO - Server on port 6470 is now active
2024-11-04 12:52:16,338 - INFO - Server on port 6467 is now active
2024-11-04 12:52:18,313 - INFO - Server on port 6469 is now active
2024-11-04 12:52:18,677 - INFO - Server on port 6468 is now active
2024-11-04 12:52:19,969 - INFO - Server on port 6470 is now active
2024-11-04 12:52:21,345 - INFO - Server on port 6467 is now active
2024-11-04 12:52:23,318 - INFO - Server on port 6469 is now active
2024-11-04 12:52:23,683 - INFO - Server on port 6468 is now active
2024-11-04 12:52:24,976 - INFO - Server on port 6470 is now active
2024-11-04 12:52:26,351 - INFO - Server on port 6467 is now active
2024-11-04 12:52:28,323 - INFO - Server on port 6469 is now active
2024-11-04 12:52:28,687 - INFO - Server on port 6468 is now active
2024-11-04 12:52:29,982 - INFO - Server on port 6470 is now active
2024-11-04 12:52:31,356 - INFO - Server on port 6467 is now active
2024-11-04 12:52:33,329 - INFO - Server on port 6469 is now active
2024-11-04 12:52:33,693 - INFO - Server on port 6468 is now active
2024-11-04 12:52:34,988 - INFO - Server on port 6470 is now active
2024-11-04 12:52:36,363 - INFO - Server on port 6467 is now active
2024-11-04 12:52:38,335 - INFO - Server on port 6469 is now active
2024-11-04 12:52:38,700 - INFO - Server on port 6468 is now active
2024-11-04 12:52:39,994 - INFO - Server on port 6470 is now active
2024-11-04 12:52:41,369 - INFO - Server on port 6467 is now active
2024-11-04 12:52:43,341 - INFO - Server on port 6469 is now active
2024-11-04 12:52:43,706 - INFO - Server on port 6468 is now active
2024-11-04 12:52:44,999 - INFO - Server on port 6470 is now active
2024-11-04 12:52:46,374 - INFO - Server on port 6467 is now active
2024-11-04 12:52:48,347 - INFO - Server on port 6469 is now active
2024-11-04 12:52:48,710 - INFO - Server on port 6468 is now active
2024-11-04 12:52:50,003 - INFO - Server on port 6470 is now active
2024-11-04 12:52:51,380 - INFO - Server on port 6467 is now active
2024-11-04 12:52:53,352 - INFO - Server on port 6469 is now active
2024-11-04 12:52:53,716 - INFO - Server on port 6468 is now active
2024-11-04 12:52:55,009 - INFO - Server on port 6470 is now active
2024-11-04 12:52:56,385 - INFO - Server on port 6467 is now active
2024-11-04 12:52:58,358 - INFO - Server on port 6469 is now active
2024-11-04 12:52:58,721 - INFO - Server on port 6468 is now active
2024-11-04 12:53:00,015 - INFO - Server on port 6470 is now active
2024-11-04 12:53:01,391 - INFO - Server on port 6467 is now active
2024-11-04 12:53:03,363 - INFO - Server on port 6469 is now active
2024-11-04 12:53:03,726 - INFO - Server on port 6468 is now active
2024-11-04 12:53:05,020 - INFO - Server on port 6470 is now active
2024-11-04 12:53:06,396 - INFO - Server on port 6467 is now active
2024-11-04 12:53:08,365 - INFO - Server on port 6469 is now active
2024-11-04 12:53:08,731 - INFO - Server on port 6468 is now active
2024-11-04 12:53:10,026 - INFO - Server on port 6470 is now active
2024-11-04 12:53:11,401 - INFO - Server on port 6467 is now active
2024-11-04 12:53:13,371 - INFO - Server on port 6469 is now active
2024-11-04 12:53:13,737 - INFO - Server on port 6468 is now active
2024-11-04 12:53:15,032 - INFO - Server on port 6470 is now active
2024-11-04 12:53:16,407 - INFO - Server on port 6467 is now active
2024-11-04 12:53:18,375 - INFO - Server on port 6469 is now active
2024-11-04 12:53:18,742 - INFO - Server on port 6468 is now active
2024-11-04 12:53:20,038 - INFO - Server on port 6470 is now active
2024-11-04 12:53:21,414 - INFO - Server on port 6467 is now active
2024-11-04 12:53:23,379 - INFO - Server on port 6469 is now active
2024-11-04 12:53:23,748 - INFO - Server on port 6468 is now active
2024-11-04 12:53:25,044 - INFO - Server on port 6470 is now active
2024-11-04 12:53:26,420 - INFO - Server on port 6467 is now active
2024-11-04 12:53:28,385 - INFO - Server on port 6469 is now active
2024-11-04 12:53:28,754 - INFO - Server on port 6468 is now active
2024-11-04 12:53:30,050 - INFO - Server on port 6470 is now active
2024-11-04 12:53:31,426 - INFO - Server on port 6467 is now active
2024-11-04 12:53:33,391 - INFO - Server on port 6469 is now active
2024-11-04 12:53:33,760 - INFO - Server on port 6468 is now active
2024-11-04 12:53:35,056 - INFO - Server on port 6470 is now active
2024-11-04 12:53:36,432 - INFO - Server on port 6467 is now active
2024-11-04 12:53:38,397 - INFO - Server on port 6469 is now active
2024-11-04 12:53:38,765 - INFO - Server on port 6468 is now active
2024-11-04 12:53:40,062 - INFO - Server on port 6470 is now active
2024-11-04 12:53:41,438 - INFO - Server on port 6467 is now active
2024-11-04 12:53:43,403 - INFO - Server on port 6469 is now active
2024-11-04 12:53:43,771 - INFO - Server on port 6468 is now active
2024-11-04 12:53:45,068 - INFO - Server on port 6470 is now active
2024-11-04 12:53:46,444 - INFO - Server on port 6467 is now active
2024-11-04 12:53:48,409 - INFO - Server on port 6469 is now active
2024-11-04 12:53:48,777 - INFO - Server on port 6468 is now active
2024-11-04 12:53:50,074 - INFO - Server on port 6470 is now active
2024-11-04 12:53:51,450 - INFO - Server on port 6467 is now active
2024-11-04 12:53:53,414 - INFO - Server on port 6469 is now active
2024-11-04 12:53:53,783 - INFO - Server on port 6468 is now active
2024-11-04 12:53:55,080 - INFO - Server on port 6470 is now active
2024-11-04 12:53:56,456 - INFO - Server on port 6467 is now active
2024-11-04 12:53:58,420 - INFO - Server on port 6469 is now active
2024-11-04 12:53:58,790 - INFO - Server on port 6468 is now active
2024-11-04 12:54:00,086 - INFO - Server on port 6470 is now active
2024-11-04 12:54:01,462 - INFO - Server on port 6467 is now active
2024-11-04 12:54:03,426 - INFO - Server on port 6469 is now active
2024-11-04 12:54:03,796 - INFO - Server on port 6468 is now active
2024-11-04 12:54:05,092 - INFO - Server on port 6470 is now active
2024-11-04 12:54:06,468 - INFO - Server on port 6467 is now active
2024-11-04 12:54:08,433 - INFO - Server on port 6469 is now active
2024-11-04 12:54:08,802 - INFO - Server on port 6468 is now active
2024-11-04 12:54:10,099 - INFO - Server on port 6470 is now active
2024-11-04 12:54:11,474 - INFO - Server on port 6467 is now active
2024-11-04 12:54:13,439 - INFO - Server on port 6469 is now active
2024-11-04 12:54:13,808 - INFO - Server on port 6468 is now active
2024-11-04 12:54:15,105 - INFO - Server on port 6470 is now active
2024-11-04 12:54:16,480 - INFO - Server on port 6467 is now active
2024-11-04 12:54:18,444 - INFO - Server on port 6469 is now active
2024-11-04 12:54:18,814 - INFO - Server on port 6468 is now active
2024-11-04 12:54:20,111 - INFO - Server on port 6470 is now active
2024-11-04 12:54:21,486 - INFO - Server on port 6467 is now active
2024-11-04 12:54:23,450 - INFO - Server on port 6469 is now active
2024-11-04 12:54:23,819 - INFO - Server on port 6468 is now active
2024-11-04 12:54:25,112 - INFO - Server on port 6470 is now active
2024-11-04 12:54:26,492 - INFO - Server on port 6467 is now active
2024-11-04 12:54:28,455 - INFO - Server on port 6469 is now active
2024-11-04 12:54:28,825 - INFO - Server on port 6468 is now active
2024-11-04 12:54:30,117 - INFO - Server on port 6470 is now active
2024-11-04 12:54:31,495 - INFO - Server on port 6467 is now active
2024-11-04 12:54:33,460 - INFO - Server on port 6469 is now active
2024-11-04 12:54:33,831 - INFO - Server on port 6468 is now active
2024-11-04 12:54:35,122 - INFO - Server on port 6470 is now active
2024-11-04 12:54:36,501 - INFO - Server on port 6467 is now active
2024-11-04 12:54:38,466 - INFO - Server on port 6469 is now active
2024-11-04 12:54:38,836 - INFO - Server on port 6468 is now active
2024-11-04 12:54:40,127 - INFO - Server on port 6470 is now active
2024-11-04 12:54:41,507 - INFO - Server on port 6467 is now active
2024-11-04 12:54:43,471 - INFO - Server on port 6469 is now active
2024-11-04 12:54:43,841 - INFO - Server on port 6468 is now active
2024-11-04 12:54:45,133 - INFO - Server on port 6470 is now active
2024-11-04 12:54:46,513 - INFO - Server on port 6467 is now active
2024-11-04 12:54:48,478 - INFO - Server on port 6469 is now active
2024-11-04 12:54:48,847 - INFO - Server on port 6468 is now active
2024-11-04 12:54:50,139 - INFO - Server on port 6470 is now active
2024-11-04 12:54:51,518 - INFO - Server on port 6467 is now active
2024-11-04 12:54:53,484 - INFO - Server on port 6469 is now active
2024-11-04 12:54:53,854 - INFO - Server on port 6468 is now active
2024-11-04 12:54:55,144 - INFO - Server on port 6470 is now active
2024-11-04 12:54:56,524 - INFO - Server on port 6467 is now active
2024-11-04 12:54:58,489 - INFO - Server on port 6469 is now active
2024-11-04 12:54:58,860 - INFO - Server on port 6468 is now active
2024-11-04 12:55:00,150 - INFO - Server on port 6470 is now active
2024-11-04 12:55:01,530 - INFO - Server on port 6467 is now active
2024-11-04 12:55:03,495 - INFO - Server on port 6469 is now active
2024-11-04 12:55:03,866 - INFO - Server on port 6468 is now active
2024-11-04 12:55:05,156 - INFO - Server on port 6470 is now active
2024-11-04 12:55:06,536 - INFO - Server on port 6467 is now active
2024-11-04 12:55:08,502 - INFO - Server on port 6469 is now active
2024-11-04 12:55:08,872 - INFO - Server on port 6468 is now active
2024-11-04 12:55:10,162 - INFO - Server on port 6470 is now active
2024-11-04 12:55:11,542 - INFO - Server on port 6467 is now active
2024-11-04 12:55:13,508 - INFO - Server on port 6469 is now active
2024-11-04 12:55:13,878 - INFO - Server on port 6468 is now active
2024-11-04 12:55:15,167 - INFO - Server on port 6470 is now active
2024-11-04 12:55:16,548 - INFO - Server on port 6467 is now active
2024-11-04 12:55:18,514 - INFO - Server on port 6469 is now active
2024-11-04 12:55:18,883 - INFO - Server on port 6468 is now active
2024-11-04 12:55:20,173 - INFO - Server on port 6470 is now active
2024-11-04 12:55:21,554 - INFO - Server on port 6467 is now active
2024-11-04 12:55:23,520 - INFO - Server on port 6469 is now active
2024-11-04 12:55:23,889 - INFO - Server on port 6468 is now active
2024-11-04 12:55:25,178 - INFO - Server on port 6470 is now active
2024-11-04 12:55:26,561 - INFO - Server on port 6467 is now active
2024-11-04 12:55:28,524 - INFO - Server on port 6469 is now active
2024-11-04 12:55:28,895 - INFO - Server on port 6468 is now active
2024-11-04 12:55:30,184 - INFO - Server on port 6470 is now active
2024-11-04 12:55:31,566 - INFO - Server on port 6467 is now active
2024-11-04 12:55:33,530 - INFO - Server on port 6469 is now active
2024-11-04 12:55:33,900 - INFO - Server on port 6468 is now active
2024-11-04 12:55:35,190 - INFO - Server on port 6470 is now active
2024-11-04 12:55:36,572 - INFO - Server on port 6467 is now active
2024-11-04 12:55:38,535 - INFO - Server on port 6469 is now active
2024-11-04 12:55:38,906 - INFO - Server on port 6468 is now active
2024-11-04 12:55:40,196 - INFO - Server on port 6470 is now active
2024-11-04 12:55:41,578 - INFO - Server on port 6467 is now active
2024-11-04 12:55:43,541 - INFO - Server on port 6469 is now active
2024-11-04 12:55:43,911 - INFO - Server on port 6468 is now active
2024-11-04 12:55:45,202 - INFO - Server on port 6470 is now active
2024-11-04 12:55:46,584 - INFO - Server on port 6467 is now active
2024-11-04 12:55:48,547 - INFO - Server on port 6469 is now active
2024-11-04 12:55:48,917 - INFO - Server on port 6468 is now active
2024-11-04 12:55:50,208 - INFO - Server on port 6470 is now active
2024-11-04 12:55:51,589 - INFO - Server on port 6467 is now active
2024-11-04 12:55:53,552 - INFO - Server on port 6469 is now active
2024-11-04 12:55:53,923 - INFO - Server on port 6468 is now active
2024-11-04 12:55:55,214 - INFO - Server on port 6470 is now active
2024-11-04 12:55:56,594 - INFO - Server on port 6467 is now active
2024-11-04 12:55:58,558 - INFO - Server on port 6469 is now active
2024-11-04 12:55:58,929 - INFO - Server on port 6468 is now active
2024-11-04 12:56:00,219 - INFO - Server on port 6470 is now active
2024-11-04 12:56:01,599 - INFO - Server on port 6467 is now active
2024-11-04 12:56:03,564 - INFO - Server on port 6469 is now active
2024-11-04 12:56:03,935 - INFO - Server on port 6468 is now active
2024-11-04 12:56:05,225 - INFO - Server on port 6470 is now active
2024-11-04 12:56:06,603 - INFO - Server on port 6467 is now active
2024-11-04 12:56:08,569 - INFO - Server on port 6469 is now active
2024-11-04 12:56:08,940 - INFO - Server on port 6468 is now active
2024-11-04 12:56:10,231 - INFO - Server on port 6470 is now active
2024-11-04 12:56:11,609 - INFO - Server on port 6467 is now active
2024-11-04 12:56:13,572 - INFO - Server on port 6469 is now active
2024-11-04 12:56:13,946 - INFO - Server on port 6468 is now active
2024-11-04 12:56:15,236 - INFO - Server on port 6470 is now active
2024-11-04 12:56:16,614 - INFO - Server on port 6467 is now active
2024-11-04 12:56:18,577 - INFO - Server on port 6469 is now active
2024-11-04 12:56:18,951 - INFO - Server on port 6468 is now active
2024-11-04 12:56:20,241 - INFO - Server on port 6470 is now active
2024-11-04 12:56:21,620 - INFO - Server on port 6467 is now active
2024-11-04 12:56:23,583 - INFO - Server on port 6469 is now active
2024-11-04 12:56:23,956 - INFO - Server on port 6468 is now active
2024-11-04 12:56:25,245 - INFO - Server on port 6470 is now active
2024-11-04 12:56:26,625 - INFO - Server on port 6467 is now active
2024-11-04 12:56:28,587 - INFO - Server on port 6469 is now active
2024-11-04 12:56:28,959 - INFO - Server on port 6468 is now active
2024-11-04 12:56:30,251 - INFO - Server on port 6470 is now active
2024-11-04 12:56:31,631 - INFO - Server on port 6467 is now active
2024-11-04 12:56:33,592 - INFO - Server on port 6469 is now active
2024-11-04 12:56:33,965 - INFO - Server on port 6468 is now active
2024-11-04 12:56:35,257 - INFO - Server on port 6470 is now active
2024-11-04 12:56:36,637 - INFO - Server on port 6467 is now active
2024-11-04 12:56:38,597 - INFO - Server on port 6469 is now active
2024-11-04 12:56:38,970 - INFO - Server on port 6468 is now active
2024-11-04 12:56:40,262 - INFO - Server on port 6470 is now active
2024-11-04 12:56:41,642 - INFO - Server on port 6467 is now active
2024-11-04 12:56:43,603 - INFO - Server on port 6469 is now active
2024-11-04 12:56:43,976 - INFO - Server on port 6468 is now active
2024-11-04 12:56:45,268 - INFO - Server on port 6470 is now active
2024-11-04 12:56:46,648 - INFO - Server on port 6467 is now active
2024-11-04 12:56:48,608 - INFO - Server on port 6469 is now active
2024-11-04 12:56:48,982 - INFO - Server on port 6468 is now active
2024-11-04 12:56:50,274 - INFO - Server on port 6470 is now active
2024-11-04 12:56:51,654 - INFO - Server on port 6467 is now active
2024-11-04 12:56:53,614 - INFO - Server on port 6469 is now active
2024-11-04 12:56:53,987 - INFO - Server on port 6468 is now active
2024-11-04 12:56:55,280 - INFO - Server on port 6470 is now active
2024-11-04 12:56:56,660 - INFO - Server on port 6467 is now active
2024-11-04 12:56:58,620 - INFO - Server on port 6469 is now active
2024-11-04 12:56:58,990 - INFO - Server on port 6468 is now active
2024-11-04 12:57:00,285 - INFO - Server on port 6470 is now active
2024-11-04 12:57:01,665 - INFO - Server on port 6467 is now active
2024-11-04 12:57:03,626 - INFO - Server on port 6469 is now active
2024-11-04 12:57:03,996 - INFO - Server on port 6468 is now active
2024-11-04 12:57:05,292 - INFO - Server on port 6470 is now active
2024-11-04 12:57:06,671 - INFO - Server on port 6467 is now active
2024-11-04 12:57:08,632 - INFO - Server on port 6469 is now active
2024-11-04 12:57:09,002 - INFO - Server on port 6468 is now active
2024-11-04 12:57:10,297 - INFO - Server on port 6470 is now active
2024-11-04 12:57:11,677 - INFO - Server on port 6467 is now active
2024-11-04 12:57:13,638 - INFO - Server on port 6469 is now active
2024-11-04 12:57:14,008 - INFO - Server on port 6468 is now active
2024-11-04 12:57:15,303 - INFO - Server on port 6470 is now active
2024-11-04 12:57:16,683 - INFO - Server on port 6467 is now active
2024-11-04 12:57:18,642 - INFO - Server on port 6469 is now active
2024-11-04 12:57:19,014 - INFO - Server on port 6468 is now active
2024-11-04 12:57:20,309 - INFO - Server on port 6470 is now active
2024-11-04 12:57:21,690 - INFO - Server on port 6467 is now active
2024-11-04 12:57:23,645 - INFO - Server on port 6469 is now active
2024-11-04 12:57:24,019 - INFO - Server on port 6468 is now active
2024-11-04 12:57:25,315 - INFO - Server on port 6470 is now active
2024-11-04 12:57:26,695 - INFO - Server on port 6467 is now active
2024-11-04 12:57:28,651 - INFO - Server on port 6469 is now active
2024-11-04 12:57:29,024 - INFO - Server on port 6468 is now active
2024-11-04 12:57:30,321 - INFO - Server on port 6470 is now active
2024-11-04 12:57:31,700 - INFO - Server on port 6467 is now active
2024-11-04 12:57:33,656 - INFO - Server on port 6469 is now active
2024-11-04 12:57:34,027 - INFO - Server on port 6468 is now active
2024-11-04 12:57:35,326 - INFO - Server on port 6470 is now active
2024-11-04 12:57:36,706 - INFO - Server on port 6467 is now active
2024-11-04 12:57:38,662 - INFO - Server on port 6469 is now active
2024-11-04 12:57:39,033 - INFO - Server on port 6468 is now active
2024-11-04 12:57:40,332 - INFO - Server on port 6470 is now active
2024-11-04 12:57:41,712 - INFO - Server on port 6467 is now active
2024-11-04 12:57:43,667 - INFO - Server on port 6469 is now active
2024-11-04 12:57:44,039 - INFO - Server on port 6468 is now active
2024-11-04 12:57:45,337 - INFO - Server on port 6470 is now active
2024-11-04 12:57:46,717 - INFO - Server on port 6467 is now active
2024-11-04 12:57:48,673 - INFO - Server on port 6469 is now active
2024-11-04 12:57:49,045 - INFO - Server on port 6468 is now active
2024-11-04 12:57:50,343 - INFO - Server on port 6470 is now active
2024-11-04 12:57:51,722 - INFO - Server on port 6467 is now active
2024-11-04 12:57:53,678 - INFO - Server on port 6469 is now active
2024-11-04 12:57:54,051 - INFO - Server on port 6468 is now active
2024-11-04 12:57:55,348 - INFO - Server on port 6470 is now active
2024-11-04 12:57:56,728 - INFO - Server on port 6467 is now active
2024-11-04 12:57:58,684 - INFO - Server on port 6469 is now active
2024-11-04 12:57:59,056 - INFO - Server on port 6468 is now active
2024-11-04 12:58:00,354 - INFO - Server on port 6470 is now active
2024-11-04 12:58:01,733 - INFO - Server on port 6467 is now active
2024-11-04 12:58:03,689 - INFO - Server on port 6469 is now active
2024-11-04 12:58:04,062 - INFO - Server on port 6468 is now active
2024-11-04 12:58:05,361 - INFO - Server on port 6470 is now active
2024-11-04 12:58:06,739 - INFO - Server on port 6467 is now active
2024-11-04 12:58:08,695 - INFO - Server on port 6469 is now active
2024-11-04 12:58:09,069 - INFO - Server on port 6468 is now active
2024-11-04 12:58:10,366 - INFO - Server on port 6470 is now active
2024-11-04 12:58:11,744 - INFO - Server on port 6467 is now active
2024-11-04 12:58:13,700 - INFO - Server on port 6469 is now active
2024-11-04 12:58:14,074 - INFO - Server on port 6468 is now active
2024-11-04 12:58:15,371 - INFO - Server on port 6470 is now active
2024-11-04 12:58:16,746 - INFO - Server on port 6467 is now active
2024-11-04 12:58:18,706 - INFO - Server on port 6469 is now active
2024-11-04 12:58:19,081 - INFO - Server on port 6468 is now active
2024-11-04 12:58:20,377 - INFO - Server on port 6470 is now active
2024-11-04 12:58:21,751 - INFO - Server on port 6467 is now active
2024-11-04 12:58:23,711 - INFO - Server on port 6469 is now active
2024-11-04 12:58:24,087 - INFO - Server on port 6468 is now active
2024-11-04 12:58:25,382 - INFO - Server on port 6470 is now active
2024-11-04 12:58:26,757 - INFO - Server on port 6467 is now active
2024-11-04 12:58:28,716 - INFO - Server on port 6469 is now active
2024-11-04 12:58:29,093 - INFO - Server on port 6468 is now active
2024-11-04 12:58:30,388 - INFO - Server on port 6470 is now active
2024-11-04 12:58:31,762 - INFO - Server on port 6467 is now active
2024-11-04 12:58:33,722 - INFO - Server on port 6469 is now active
2024-11-04 12:58:34,099 - INFO - Server on port 6468 is now active
2024-11-04 12:58:35,394 - INFO - Server on port 6470 is now active
2024-11-04 12:58:36,768 - INFO - Server on port 6467 is now active
2024-11-04 12:58:42,150 - WARNING - Chunk server on port 6467 has failed
2024-11-04 12:58:42,150 - WARNING - Chunk server on port 6468 has failed
2024-11-04 12:58:42,150 - WARNING - Not enough active servers for full replication.
2024-11-04 12:59:56,721 - INFO - Master Server initialized on host localhost, port 7082
2024-11-04 12:59:56,722 - INFO - Master Server Running on port 7082
2024-11-04 12:59:56,722 - INFO - Heartbeat check initiated.
2024-11-04 12:59:56,723 - INFO - Master Server started, listening for connections.
2024-11-04 13:00:01,728 - WARNING - Chunk server on port 6467 has failed
2024-11-04 13:00:01,728 - WARNING - Chunk server on port 6468 has failed
2024-11-04 13:00:01,728 - WARNING - Chunk server on port 6469 has failed
2024-11-04 13:00:01,728 - WARNING - Chunk server on port 6470 has failed
2024-11-04 13:00:05,756 - INFO - Server on port 6467 is now active
2024-11-04 13:00:06,734 - WARNING - Chunk server on port 6468 has failed
2024-11-04 13:00:06,734 - WARNING - Chunk server on port 6469 has failed
2024-11-04 13:00:06,734 - WARNING - Chunk server on port 6470 has failed
2024-11-04 13:00:09,025 - INFO - Server on port 6468 is now active
2024-11-04 13:00:10,757 - INFO - Server on port 6467 is now active
2024-11-04 13:00:11,737 - WARNING - Chunk server on port 6469 has failed
2024-11-04 13:00:11,737 - WARNING - Chunk server on port 6470 has failed
2024-11-04 13:00:12,173 - INFO - Server on port 6469 is now active
2024-11-04 13:00:14,032 - INFO - Server on port 6468 is now active
2024-11-04 13:00:15,763 - INFO - Server on port 6467 is now active
2024-11-04 13:00:15,766 - INFO - Server on port 6470 is now active
2024-11-04 13:00:17,179 - INFO - Server on port 6469 is now active
2024-11-04 13:00:19,038 - INFO - Server on port 6468 is now active
2024-11-04 13:00:20,771 - INFO - Server on port 6467 is now active
2024-11-04 13:00:20,772 - INFO - Server on port 6470 is now active
2024-11-04 13:00:22,185 - INFO - Server on port 6469 is now active
2024-11-04 13:00:24,044 - INFO - Server on port 6468 is now active
2024-11-04 13:00:25,776 - INFO - Server on port 6467 is now active
2024-11-04 13:00:25,777 - INFO - Server on port 6470 is now active
2024-11-04 13:00:27,190 - INFO - Server on port 6469 is now active
2024-11-04 13:00:29,051 - INFO - Server on port 6468 is now active
2024-11-04 13:00:30,783 - INFO - Server on port 6467 is now active
2024-11-04 13:00:30,784 - INFO - Server on port 6470 is now active
2024-11-04 13:00:32,196 - INFO - Server on port 6469 is now active
2024-11-04 13:00:34,057 - INFO - Server on port 6468 is now active
2024-11-04 13:00:35,785 - INFO - Server on port 6470 is now active
2024-11-04 13:00:35,789 - INFO - Server on port 6467 is now active
2024-11-04 13:00:37,202 - INFO - Server on port 6469 is now active
2024-11-04 13:00:38,712 - WARNING - Not enough active servers for full replication.
2024-11-04 13:00:38,712 - WARNING - Not enough active servers for full replication.
2024-11-04 13:00:38,712 - WARNING - Not enough active servers for full replication.
2024-11-04 13:00:38,712 - WARNING - Not enough active servers for full replication.
2024-11-04 13:00:38,712 - WARNING - Not enough active servers for full replication.
2024-11-04 13:00:39,063 - INFO - Server on port 6468 is now active
2024-11-04 13:00:40,791 - INFO - Server on port 6470 is now active
2024-11-04 13:00:40,795 - INFO - Server on port 6467 is now active
2024-11-04 13:00:41,761 - WARNING - Chunk sample.txt_chunk_0 under-replicated, current replicas: [6469]
2024-11-04 13:00:41,761 - INFO - Reallocated chunk sample.txt_chunk_0 to server on port 6467
2024-11-04 13:00:41,761 - WARNING - Chunk sample.txt_chunk_1 under-replicated, current replicas: [6469]
2024-11-04 13:00:41,761 - INFO - Reallocated chunk sample.txt_chunk_1 to server on port 6468
2024-11-04 13:00:41,761 - WARNING - Chunk sample.txt_chunk_2 under-replicated, current replicas: [6469]
2024-11-04 13:00:41,761 - INFO - Reallocated chunk sample.txt_chunk_2 to server on port 6470
2024-11-04 13:00:41,761 - WARNING - Chunk sample.txt_chunk_3 under-replicated, current replicas: [6469]
2024-11-04 13:00:41,762 - INFO - Reallocated chunk sample.txt_chunk_3 to server on port 6467
2024-11-04 13:00:41,762 - WARNING - Chunk sample.txt_chunk_4 under-replicated, current replicas: [6469]
2024-11-04 13:00:41,762 - INFO - Reallocated chunk sample.txt_chunk_4 to server on port 6468
2024-11-04 13:00:42,208 - INFO - Server on port 6469 is now active
2024-11-04 13:00:44,069 - INFO - Server on port 6468 is now active
2024-11-04 13:00:45,797 - INFO - Server on port 6470 is now active
2024-11-04 13:00:45,800 - INFO - Server on port 6467 is now active
2024-11-04 13:00:47,215 - INFO - Server on port 6469 is now active
2024-11-04 13:00:49,076 - INFO - Server on port 6468 is now active
2024-11-04 13:00:50,804 - INFO - Server on port 6470 is now active
2024-11-04 13:00:50,805 - INFO - Server on port 6467 is now active
2024-11-04 13:00:52,221 - INFO - Server on port 6469 is now active
2024-11-04 13:00:54,082 - INFO - Server on port 6468 is now active
2024-11-04 13:00:55,809 - INFO - Server on port 6470 is now active
2024-11-04 13:00:55,811 - INFO - Server on port 6467 is now active
2024-11-04 13:00:57,226 - INFO - Server on port 6469 is now active
2024-11-04 13:00:59,088 - INFO - Server on port 6468 is now active
2024-11-04 13:01:00,815 - INFO - Server on port 6470 is now active
2024-11-04 13:01:00,817 - INFO - Server on port 6467 is now active
2024-11-04 13:01:02,233 - INFO - Server on port 6469 is now active
2024-11-04 13:01:04,094 - INFO - Server on port 6468 is now active
2024-11-04 13:01:05,822 - INFO - Server on port 6470 is now active
2024-11-04 13:01:05,823 - INFO - Server on port 6467 is now active
2024-11-04 13:01:07,239 - INFO - Server on port 6469 is now active
2024-11-04 13:01:09,100 - INFO - Server on port 6468 is now active
2024-11-04 13:01:10,828 - INFO - Server on port 6470 is now active
2024-11-04 13:01:10,829 - INFO - Server on port 6467 is now active
2024-11-04 13:01:12,245 - INFO - Server on port 6469 is now active
2024-11-04 13:01:14,107 - INFO - Server on port 6468 is now active
2024-11-04 13:01:15,834 - INFO - Server on port 6470 is now active
2024-11-04 13:01:15,835 - INFO - Server on port 6467 is now active
2024-11-04 13:01:17,252 - INFO - Server on port 6469 is now active
2024-11-04 13:01:19,113 - INFO - Server on port 6468 is now active
2024-11-04 13:01:20,836 - INFO - Server on port 6467 is now active
2024-11-04 13:01:20,839 - INFO - Server on port 6470 is now active
2024-11-04 13:01:22,257 - INFO - Server on port 6469 is now active
2024-11-04 13:01:24,119 - INFO - Server on port 6468 is now active
2024-11-04 13:01:25,840 - INFO - Server on port 6470 is now active
2024-11-04 13:01:25,841 - INFO - Server on port 6467 is now active
2024-11-04 13:01:27,263 - INFO - Server on port 6469 is now active
2024-11-04 13:01:29,125 - INFO - Server on port 6468 is now active
2024-11-04 13:01:30,846 - INFO - Server on port 6470 is now active
2024-11-04 13:01:30,847 - INFO - Server on port 6467 is now active
2024-11-04 13:01:32,269 - INFO - Server on port 6469 is now active
2024-11-04 13:01:34,131 - INFO - Server on port 6468 is now active
2024-11-04 13:01:35,853 - INFO - Server on port 6470 is now active
2024-11-04 13:01:35,856 - INFO - Server on port 6467 is now active
2024-11-04 13:01:37,276 - INFO - Server on port 6469 is now active
2024-11-04 13:01:39,138 - INFO - Server on port 6468 is now active
2024-11-04 13:01:40,859 - INFO - Server on port 6470 is now active
2024-11-04 13:01:40,860 - INFO - Server on port 6467 is now active
2024-11-04 13:01:42,282 - INFO - Server on port 6469 is now active
2024-11-04 13:01:44,144 - INFO - Server on port 6468 is now active
2024-11-04 13:01:45,865 - INFO - Server on port 6470 is now active
2024-11-04 13:01:45,866 - INFO - Server on port 6467 is now active
2024-11-04 13:01:47,289 - INFO - Server on port 6469 is now active
2024-11-04 13:01:49,150 - INFO - Server on port 6468 is now active
2024-11-04 13:01:50,866 - INFO - Server on port 6467 is now active
2024-11-04 13:01:50,870 - INFO - Server on port 6470 is now active
2024-11-04 13:01:52,295 - INFO - Server on port 6469 is now active
2024-11-04 13:01:54,155 - INFO - Server on port 6468 is now active
2024-11-04 13:01:55,872 - INFO - Server on port 6467 is now active
2024-11-04 13:01:55,879 - INFO - Server on port 6470 is now active
2024-11-04 13:01:57,301 - INFO - Server on port 6469 is now active
2024-11-04 13:01:59,161 - INFO - Server on port 6468 is now active
2024-11-04 13:02:00,879 - INFO - Server on port 6467 is now active
2024-11-04 13:02:00,885 - INFO - Server on port 6470 is now active
2024-11-04 13:02:02,308 - INFO - Server on port 6469 is now active
2024-11-04 13:02:04,167 - INFO - Server on port 6468 is now active
2024-11-04 13:02:05,275 - INFO - Leased file sample.txt to client ('127.0.0.1', 47502) for 30 seconds
2024-11-04 13:02:05,885 - INFO - Server on port 6467 is now active
2024-11-04 13:02:05,891 - INFO - Server on port 6470 is now active
2024-11-04 13:02:07,314 - INFO - Server on port 6469 is now active
2024-11-04 13:02:09,173 - INFO - Server on port 6468 is now active
2024-11-04 13:02:10,891 - INFO - Server on port 6467 is now active
2024-11-04 13:02:10,897 - INFO - Server on port 6470 is now active
2024-11-04 13:02:12,320 - INFO - Server on port 6469 is now active
2024-11-04 13:02:14,179 - INFO - Server on port 6468 is now active
2024-11-04 13:02:15,897 - INFO - Server on port 6467 is now active
2024-11-04 13:02:15,902 - INFO - Server on port 6470 is now active
2024-11-04 13:02:17,326 - INFO - Server on port 6469 is now active
2024-11-04 13:02:19,186 - INFO - Server on port 6468 is now active
2024-11-04 13:02:20,902 - INFO - Server on port 6467 is now active
2024-11-04 13:02:20,907 - INFO - Server on port 6470 is now active
2024-11-04 13:02:22,331 - INFO - Server on port 6469 is now active
2024-11-04 13:02:24,191 - INFO - Server on port 6468 is now active
2024-11-04 13:02:25,908 - INFO - Server on port 6467 is now active
2024-11-04 13:02:25,912 - INFO - Server on port 6470 is now active
2024-11-04 13:02:27,337 - INFO - Server on port 6469 is now active
2024-11-04 13:02:29,197 - INFO - Server on port 6468 is now active
2024-11-04 13:02:30,914 - INFO - Server on port 6467 is now active
2024-11-04 13:02:30,918 - INFO - Server on port 6470 is now active
2024-11-04 13:02:32,343 - INFO - Server on port 6469 is now active
2024-11-04 13:02:34,204 - INFO - Server on port 6468 is now active
2024-11-04 13:02:35,920 - INFO - Server on port 6467 is now active
2024-11-04 13:02:35,920 - INFO - Server on port 6470 is now active
2024-11-04 13:02:36,878 - INFO - Lease expired for file sample.txt
2024-11-04 13:02:37,348 - INFO - Server on port 6469 is now active
2024-11-04 13:02:39,210 - INFO - Server on port 6468 is now active
2024-11-04 13:02:40,925 - INFO - Server on port 6470 is now active
2024-11-04 13:02:40,926 - INFO - Server on port 6467 is now active
2024-11-04 13:02:42,354 - INFO - Server on port 6469 is now active
2024-11-04 13:02:44,211 - INFO - Server on port 6468 is now active
2024-11-04 13:02:45,931 - INFO - Server on port 6467 is now active
2024-11-04 13:02:45,932 - INFO - Server on port 6470 is now active
2024-11-04 13:02:47,360 - INFO - Server on port 6469 is now active
2024-11-04 13:02:49,216 - INFO - Server on port 6468 is now active
2024-11-04 13:02:50,933 - INFO - Server on port 6467 is now active
2024-11-04 13:02:50,936 - INFO - Server on port 6470 is now active
2024-11-04 13:02:52,366 - INFO - Server on port 6469 is now active
2024-11-04 13:02:54,222 - INFO - Server on port 6468 is now active
2024-11-04 13:02:55,940 - INFO - Server on port 6467 is now active
2024-11-04 13:02:55,946 - INFO - Server on port 6470 is now active
2024-11-04 13:02:57,371 - INFO - Server on port 6469 is now active
2024-11-04 13:02:59,227 - INFO - Server on port 6468 is now active
2024-11-04 13:03:00,945 - INFO - Server on port 6467 is now active
2024-11-04 13:03:00,952 - INFO - Server on port 6470 is now active
2024-11-04 13:03:02,377 - INFO - Server on port 6469 is now active
2024-11-04 13:03:04,233 - INFO - Server on port 6468 is now active
2024-11-04 13:03:05,951 - INFO - Server on port 6467 is now active
2024-11-04 13:03:05,957 - INFO - Server on port 6470 is now active
2024-11-04 13:03:07,384 - INFO - Server on port 6469 is now active
2024-11-04 13:03:09,239 - INFO - Server on port 6468 is now active
2024-11-04 13:03:10,957 - INFO - Server on port 6467 is now active
2024-11-04 13:03:10,962 - INFO - Server on port 6470 is now active
2024-11-04 13:03:12,390 - INFO - Server on port 6469 is now active
2024-11-04 13:03:14,245 - INFO - Server on port 6468 is now active
2024-11-04 13:03:15,960 - INFO - Server on port 6467 is now active
2024-11-04 13:03:15,968 - INFO - Server on port 6470 is now active
2024-11-04 13:03:17,395 - INFO - Server on port 6469 is now active
2024-11-04 13:03:19,251 - INFO - Server on port 6468 is now active
2024-11-04 13:03:20,965 - INFO - Server on port 6467 is now active
2024-11-04 13:03:20,970 - INFO - Server on port 6470 is now active
2024-11-04 13:03:22,401 - INFO - Server on port 6469 is now active
2024-11-04 13:03:24,255 - INFO - Server on port 6468 is now active
2024-11-04 13:03:25,971 - INFO - Server on port 6467 is now active
2024-11-04 13:03:25,976 - INFO - Server on port 6470 is now active
2024-11-04 13:03:27,407 - INFO - Server on port 6469 is now active
2024-11-04 13:03:29,261 - INFO - Server on port 6468 is now active
2024-11-04 13:03:30,976 - INFO - Server on port 6467 is now active
2024-11-04 13:03:30,981 - INFO - Server on port 6470 is now active
2024-11-04 13:03:32,413 - INFO - Server on port 6469 is now active
2024-11-04 13:03:34,267 - INFO - Server on port 6468 is now active
2024-11-04 13:03:35,982 - INFO - Server on port 6467 is now active
2024-11-04 13:03:35,987 - INFO - Server on port 6470 is now active
2024-11-04 13:03:37,419 - INFO - Server on port 6469 is now active
2024-11-04 13:03:39,273 - INFO - Server on port 6468 is now active
2024-11-04 13:03:40,988 - INFO - Server on port 6467 is now active
2024-11-04 13:03:40,993 - INFO - Server on port 6470 is now active
2024-11-04 13:03:42,425 - INFO - Server on port 6469 is now active
2024-11-04 13:03:44,278 - INFO - Server on port 6468 is now active
2024-11-04 13:03:45,993 - INFO - Server on port 6467 is now active
2024-11-04 13:03:45,999 - INFO - Server on port 6470 is now active
2024-11-04 13:03:47,431 - INFO - Server on port 6469 is now active
2024-11-04 13:03:49,284 - INFO - Server on port 6468 is now active
2024-11-04 13:03:50,999 - INFO - Server on port 6467 is now active
2024-11-04 13:03:51,005 - INFO - Server on port 6470 is now active
2024-11-04 13:03:52,437 - INFO - Server on port 6469 is now active
2024-11-04 13:03:54,290 - INFO - Server on port 6468 is now active
2024-11-04 13:03:56,005 - INFO - Server on port 6467 is now active
2024-11-04 13:03:56,011 - INFO - Server on port 6470 is now active
2024-11-04 13:03:57,443 - INFO - Server on port 6469 is now active
2024-11-04 13:03:59,296 - INFO - Server on port 6468 is now active
2024-11-04 13:04:01,010 - INFO - Server on port 6467 is now active
2024-11-04 13:04:01,017 - INFO - Server on port 6470 is now active
2024-11-04 13:04:02,449 - INFO - Server on port 6469 is now active
2024-11-04 13:04:04,302 - INFO - Server on port 6468 is now active
2024-11-04 13:04:06,017 - INFO - Server on port 6467 is now active
2024-11-04 13:04:06,022 - INFO - Server on port 6470 is now active
2024-11-04 13:04:07,454 - INFO - Server on port 6469 is now active
2024-11-04 13:04:09,308 - INFO - Server on port 6468 is now active
2024-11-04 13:04:11,022 - INFO - Server on port 6467 is now active
2024-11-04 13:04:11,028 - INFO - Server on port 6470 is now active
2024-11-04 13:04:12,460 - INFO - Server on port 6469 is now active
2024-11-04 13:04:14,314 - INFO - Server on port 6468 is now active
2024-11-04 13:04:16,029 - INFO - Server on port 6467 is now active
2024-11-04 13:04:16,034 - INFO - Server on port 6470 is now active
2024-11-04 13:04:17,465 - INFO - Server on port 6469 is now active
2024-11-04 13:04:19,319 - INFO - Server on port 6468 is now active
2024-11-04 13:04:21,035 - INFO - Server on port 6467 is now active
2024-11-04 13:04:21,039 - INFO - Server on port 6470 is now active
2024-11-04 13:04:22,471 - INFO - Server on port 6469 is now active
2024-11-04 13:04:24,325 - INFO - Server on port 6468 is now active
2024-11-04 13:04:26,040 - INFO - Server on port 6467 is now active
2024-11-04 13:04:26,044 - INFO - Server on port 6470 is now active
2024-11-04 13:04:27,476 - INFO - Server on port 6469 is now active
2024-11-04 13:04:29,330 - INFO - Server on port 6468 is now active
2024-11-04 13:04:31,046 - INFO - Server on port 6467 is now active
2024-11-04 13:04:31,050 - INFO - Server on port 6470 is now active
2024-11-04 13:04:32,481 - INFO - Server on port 6469 is now active
2024-11-04 13:04:34,336 - INFO - Server on port 6468 is now active
2024-11-04 13:04:36,052 - INFO - Server on port 6467 is now active
2024-11-04 13:04:36,053 - INFO - Server on port 6470 is now active
2024-11-04 13:04:37,486 - INFO - Server on port 6469 is now active
2024-11-04 13:04:39,341 - INFO - Server on port 6468 is now active
2024-11-04 13:04:41,057 - INFO - Server on port 6467 is now active
2024-11-04 13:04:41,058 - INFO - Server on port 6470 is now active
2024-11-04 13:04:42,492 - INFO - Server on port 6469 is now active
2024-11-04 13:04:44,345 - INFO - Server on port 6468 is now active
2024-11-04 13:04:46,062 - INFO - Server on port 6467 is now active
2024-11-04 13:04:46,063 - INFO - Server on port 6470 is now active
2024-11-04 13:04:47,498 - INFO - Server on port 6469 is now active
2024-11-04 13:04:49,350 - INFO - Server on port 6468 is now active
2024-11-04 13:04:51,067 - INFO - Server on port 6467 is now active
2024-11-04 13:04:51,068 - INFO - Server on port 6470 is now active
2024-11-04 13:04:52,504 - INFO - Server on port 6469 is now active
2024-11-04 13:04:54,356 - INFO - Server on port 6468 is now active
2024-11-04 13:04:56,073 - INFO - Server on port 6467 is now active
2024-11-04 13:04:56,073 - INFO - Server on port 6470 is now active
2024-11-04 13:04:57,509 - INFO - Server on port 6469 is now active
2024-11-04 13:04:59,362 - INFO - Server on port 6468 is now active
2024-11-04 13:05:01,078 - INFO - Server on port 6467 is now active
2024-11-04 13:05:01,079 - INFO - Server on port 6470 is now active
2024-11-04 13:05:02,515 - INFO - Server on port 6469 is now active
2024-11-04 13:05:04,368 - INFO - Server on port 6468 is now active
2024-11-04 13:05:06,084 - INFO - Server on port 6467 is now active
2024-11-04 13:05:06,085 - INFO - Server on port 6470 is now active
2024-11-04 13:05:07,522 - INFO - Server on port 6469 is now active
2024-11-04 13:05:09,370 - INFO - Server on port 6468 is now active
2024-11-04 13:05:11,090 - INFO - Server on port 6467 is now active
2024-11-04 13:05:11,091 - INFO - Server on port 6470 is now active
2024-11-04 13:05:12,528 - INFO - Server on port 6469 is now active
2024-11-04 13:05:14,371 - INFO - Server on port 6468 is now active
2024-11-04 13:05:16,096 - INFO - Server on port 6467 is now active
2024-11-04 13:05:16,097 - INFO - Server on port 6470 is now active
2024-11-04 13:05:17,534 - INFO - Server on port 6469 is now active
2024-11-04 13:05:19,378 - INFO - Server on port 6468 is now active
2024-11-04 13:05:21,101 - INFO - Server on port 6467 is now active
2024-11-04 13:05:21,102 - INFO - Server on port 6470 is now active
2024-11-04 13:05:22,540 - INFO - Server on port 6469 is now active
2024-11-04 13:05:24,383 - INFO - Server on port 6468 is now active
2024-11-04 13:05:26,107 - INFO - Server on port 6467 is now active
2024-11-04 13:05:26,108 - INFO - Server on port 6470 is now active
2024-11-04 13:05:27,546 - INFO - Server on port 6469 is now active
2024-11-04 13:05:29,390 - INFO - Server on port 6468 is now active
2024-11-04 13:05:31,113 - INFO - Server on port 6467 is now active
2024-11-04 13:05:31,114 - INFO - Server on port 6470 is now active
2024-11-04 13:05:32,552 - INFO - Server on port 6469 is now active
2024-11-04 13:05:34,396 - INFO - Server on port 6468 is now active
2024-11-04 13:05:36,118 - INFO - Server on port 6467 is now active
2024-11-04 13:05:36,119 - INFO - Server on port 6470 is now active
2024-11-04 13:05:37,557 - INFO - Server on port 6469 is now active
2024-11-04 13:05:39,397 - INFO - Server on port 6468 is now active
2024-11-04 13:05:41,124 - INFO - Server on port 6467 is now active
2024-11-04 13:05:41,125 - INFO - Server on port 6470 is now active
2024-11-04 13:05:42,562 - INFO - Server on port 6469 is now active
2024-11-04 13:05:44,403 - INFO - Server on port 6468 is now active
2024-11-04 13:05:46,130 - INFO - Server on port 6467 is now active
2024-11-04 13:05:46,130 - INFO - Server on port 6470 is now active
2024-11-04 13:05:47,568 - INFO - Server on port 6469 is now active
2024-11-04 13:05:49,406 - INFO - Server on port 6468 is now active
2024-11-04 13:05:51,135 - INFO - Server on port 6467 is now active
2024-11-04 13:05:51,136 - INFO - Server on port 6470 is now active
2024-11-04 13:05:52,574 - INFO - Server on port 6469 is now active
2024-11-04 13:05:54,412 - INFO - Server on port 6468 is now active
2024-11-04 13:05:56,141 - INFO - Server on port 6467 is now active
2024-11-04 13:05:56,141 - INFO - Server on port 6470 is now active
2024-11-04 13:05:57,580 - INFO - Server on port 6469 is now active
2024-11-04 13:05:59,418 - INFO - Server on port 6468 is now active
2024-11-04 13:06:01,147 - INFO - Server on port 6470 is now active
2024-11-04 13:06:01,147 - INFO - Server on port 6467 is now active
2024-11-04 13:06:02,587 - INFO - Server on port 6469 is now active
2024-11-04 13:06:04,423 - INFO - Server on port 6468 is now active
2024-11-04 13:06:06,153 - INFO - Server on port 6467 is now active
2024-11-04 13:06:06,154 - INFO - Server on port 6470 is now active
2024-11-04 13:06:07,593 - INFO - Server on port 6469 is now active
2024-11-04 13:06:09,429 - INFO - Server on port 6468 is now active
2024-11-04 13:06:11,159 - INFO - Server on port 6470 is now active
2024-11-04 13:06:11,160 - INFO - Server on port 6467 is now active
2024-11-04 13:06:12,600 - INFO - Server on port 6469 is now active
2024-11-04 13:06:14,435 - INFO - Server on port 6468 is now active
2024-11-04 13:06:16,166 - INFO - Server on port 6467 is now active
2024-11-04 13:06:16,166 - INFO - Server on port 6470 is now active
2024-11-04 13:06:17,606 - INFO - Server on port 6469 is now active
2024-11-04 13:06:19,441 - INFO - Server on port 6468 is now active
2024-11-04 13:06:21,171 - INFO - Server on port 6470 is now active
2024-11-04 13:06:21,172 - INFO - Server on port 6467 is now active
2024-11-04 13:06:22,612 - INFO - Server on port 6469 is now active
2024-11-04 13:06:24,448 - INFO - Server on port 6468 is now active
2024-11-04 13:06:26,177 - INFO - Server on port 6470 is now active
2024-11-04 13:06:26,178 - INFO - Server on port 6467 is now active
2024-11-04 13:06:27,618 - INFO - Server on port 6469 is now active
2024-11-04 13:06:29,454 - INFO - Server on port 6468 is now active
2024-11-04 13:06:31,184 - INFO - Server on port 6470 is now active
2024-11-04 13:06:31,184 - INFO - Server on port 6467 is now active
2024-11-04 13:06:32,625 - INFO - Server on port 6469 is now active
2024-11-04 13:06:34,460 - INFO - Server on port 6468 is now active
2024-11-04 13:06:36,190 - INFO - Server on port 6467 is now active
2024-11-04 13:06:36,190 - INFO - Server on port 6470 is now active
2024-11-04 13:06:37,631 - INFO - Server on port 6469 is now active
2024-11-04 13:06:39,466 - INFO - Server on port 6468 is now active
2024-11-04 13:06:41,196 - INFO - Server on port 6470 is now active
2024-11-04 13:06:41,197 - INFO - Server on port 6467 is now active
2024-11-04 13:06:42,637 - INFO - Server on port 6469 is now active
2024-11-04 13:06:44,473 - INFO - Server on port 6468 is now active
2024-11-04 13:06:46,202 - INFO - Server on port 6470 is now active
2024-11-04 13:06:46,203 - INFO - Server on port 6467 is now active
2024-11-04 13:06:47,642 - INFO - Server on port 6469 is now active
2024-11-04 13:06:49,479 - INFO - Server on port 6468 is now active
2024-11-04 13:06:51,208 - INFO - Server on port 6467 is now active
2024-11-04 13:06:51,209 - INFO - Server on port 6470 is now active
2024-11-04 13:06:52,648 - INFO - Server on port 6469 is now active
2024-11-04 13:06:54,483 - INFO - Server on port 6468 is now active
2024-11-04 13:06:56,210 - INFO - Server on port 6470 is now active
2024-11-04 13:06:56,213 - INFO - Server on port 6467 is now active
2024-11-04 13:06:57,654 - INFO - Server on port 6469 is now active
2024-11-04 13:06:59,488 - INFO - Server on port 6468 is now active
2024-11-04 13:07:01,215 - INFO - Server on port 6470 is now active
2024-11-04 13:07:01,218 - INFO - Server on port 6467 is now active
2024-11-04 13:07:02,660 - INFO - Server on port 6469 is now active
2024-11-04 13:07:04,495 - INFO - Server on port 6468 is now active
2024-11-04 13:07:06,221 - INFO - Server on port 6470 is now active
2024-11-04 13:07:06,228 - INFO - Server on port 6467 is now active
2024-11-04 13:07:07,666 - INFO - Server on port 6469 is now active
2024-11-04 13:07:09,501 - INFO - Server on port 6468 is now active
2024-11-04 13:07:11,228 - INFO - Server on port 6470 is now active
2024-11-04 13:07:11,234 - INFO - Server on port 6467 is now active
2024-11-04 13:07:12,672 - INFO - Server on port 6469 is now active
2024-11-04 13:07:14,507 - INFO - Server on port 6468 is now active
2024-11-04 13:07:16,234 - INFO - Server on port 6470 is now active
2024-11-04 13:07:16,240 - INFO - Server on port 6467 is now active
2024-11-04 13:07:17,678 - INFO - Server on port 6469 is now active
2024-11-04 13:07:19,513 - INFO - Server on port 6468 is now active
2024-11-04 13:07:21,240 - INFO - Server on port 6470 is now active
2024-11-04 13:07:21,245 - INFO - Server on port 6467 is now active
2024-11-04 13:07:22,685 - INFO - Server on port 6469 is now active
2024-11-04 13:07:24,519 - INFO - Server on port 6468 is now active
2024-11-04 13:07:26,246 - INFO - Server on port 6470 is now active
2024-11-04 13:07:26,251 - INFO - Server on port 6467 is now active
2024-11-04 13:07:27,691 - INFO - Server on port 6469 is now active
2024-11-04 13:07:29,525 - INFO - Server on port 6468 is now active
2024-11-04 13:07:31,252 - INFO - Server on port 6470 is now active
2024-11-04 13:07:31,257 - INFO - Server on port 6467 is now active
2024-11-04 13:07:32,697 - INFO - Server on port 6469 is now active
2024-11-04 13:07:34,531 - INFO - Server on port 6468 is now active
2024-11-04 13:07:36,259 - INFO - Server on port 6470 is now active
2024-11-04 13:07:36,262 - INFO - Server on port 6467 is now active
2024-11-04 13:07:37,704 - INFO - Server on port 6469 is now active
2024-11-04 13:07:39,537 - INFO - Server on port 6468 is now active
2024-11-04 13:07:41,264 - INFO - Server on port 6470 is now active
2024-11-04 13:07:41,268 - INFO - Server on port 6467 is now active
2024-11-04 13:07:42,710 - INFO - Server on port 6469 is now active
2024-11-04 13:07:44,543 - INFO - Server on port 6468 is now active
2024-11-04 13:07:46,270 - INFO - Server on port 6470 is now active
2024-11-04 13:07:46,274 - INFO - Server on port 6467 is now active
2024-11-04 13:07:47,716 - INFO - Server on port 6469 is now active
2024-11-04 13:07:49,549 - INFO - Server on port 6468 is now active
2024-11-04 13:07:51,276 - INFO - Server on port 6470 is now active
2024-11-04 13:07:51,280 - INFO - Server on port 6467 is now active
2024-11-04 13:07:52,722 - INFO - Server on port 6469 is now active
2024-11-04 13:07:54,555 - INFO - Server on port 6468 is now active
2024-11-04 13:07:56,281 - INFO - Server on port 6470 is now active
2024-11-04 13:07:56,286 - INFO - Server on port 6467 is now active
2024-11-04 13:07:57,727 - INFO - Server on port 6469 is now active
2024-11-04 13:07:59,561 - INFO - Server on port 6468 is now active
2024-11-04 13:08:01,287 - INFO - Server on port 6470 is now active
2024-11-04 13:08:01,292 - INFO - Server on port 6467 is now active
2024-11-04 13:08:02,733 - INFO - Server on port 6469 is now active
2024-11-04 13:08:04,567 - INFO - Server on port 6468 is now active
2024-11-04 13:08:06,288 - INFO - Server on port 6470 is now active
2024-11-04 13:08:06,293 - INFO - Server on port 6467 is now active
2024-11-04 13:08:07,739 - INFO - Server on port 6469 is now active
2024-11-04 13:08:09,573 - INFO - Server on port 6468 is now active
2024-11-04 13:08:11,294 - INFO - Server on port 6470 is now active
2024-11-04 13:08:11,299 - INFO - Server on port 6467 is now active
2024-11-04 13:08:12,745 - INFO - Server on port 6469 is now active
2024-11-04 13:08:14,579 - INFO - Server on port 6468 is now active
2024-11-04 13:08:16,300 - INFO - Server on port 6470 is now active
2024-11-04 13:08:16,305 - INFO - Server on port 6467 is now active
2024-11-04 13:08:17,750 - INFO - Server on port 6469 is now active
2024-11-04 13:08:19,585 - INFO - Server on port 6468 is now active
2024-11-04 13:08:21,306 - INFO - Server on port 6470 is now active
2024-11-04 13:08:21,307 - INFO - Server on port 6467 is now active
2024-11-04 13:08:22,756 - INFO - Server on port 6469 is now active
2024-11-04 13:08:24,591 - INFO - Server on port 6468 is now active
2024-11-04 13:08:26,312 - INFO - Server on port 6470 is now active
2024-11-04 13:08:26,313 - INFO - Server on port 6467 is now active
2024-11-04 13:08:27,762 - INFO - Server on port 6469 is now active
2024-11-04 13:08:29,597 - INFO - Server on port 6468 is now active
2024-11-04 13:08:31,318 - INFO - Server on port 6470 is now active
2024-11-04 13:08:31,319 - INFO - Server on port 6467 is now active
2024-11-04 13:08:32,769 - INFO - Server on port 6469 is now active
2024-11-04 13:08:34,603 - INFO - Server on port 6468 is now active
2024-11-04 13:08:36,324 - INFO - Server on port 6470 is now active
2024-11-04 13:08:36,325 - INFO - Server on port 6467 is now active
2024-11-04 13:08:37,774 - INFO - Server on port 6469 is now active
2024-11-04 13:08:39,609 - INFO - Server on port 6468 is now active
2024-11-04 13:08:41,326 - INFO - Server on port 6467 is now active
2024-11-04 13:08:41,330 - INFO - Server on port 6470 is now active
2024-11-04 13:08:42,781 - INFO - Server on port 6469 is now active
2024-11-04 13:08:44,614 - INFO - Server on port 6468 is now active
2024-11-04 13:08:46,332 - INFO - Server on port 6467 is now active
2024-11-04 13:08:46,335 - INFO - Server on port 6470 is now active
2024-11-04 13:08:47,787 - INFO - Server on port 6469 is now active
2024-11-04 13:08:49,620 - INFO - Server on port 6468 is now active
2024-11-04 13:08:51,335 - INFO - Server on port 6467 is now active
2024-11-04 13:08:51,340 - INFO - Server on port 6470 is now active
2024-11-04 13:08:52,793 - INFO - Server on port 6469 is now active
2024-11-04 13:08:54,626 - INFO - Server on port 6468 is now active
2024-11-04 13:08:56,342 - INFO - Server on port 6467 is now active
2024-11-04 13:08:56,346 - INFO - Server on port 6470 is now active
2024-11-04 13:08:57,799 - INFO - Server on port 6469 is now active
2024-11-04 13:08:59,632 - INFO - Server on port 6468 is now active
2024-11-04 13:09:01,347 - INFO - Server on port 6467 is now active
2024-11-04 13:09:01,351 - INFO - Server on port 6470 is now active
2024-11-04 13:09:02,803 - INFO - Server on port 6469 is now active
